[0.019s] Invoking command in '/home/hhd/legdet_ws/build/leg_detector_msgs': CMAKE_PREFIX_PATH=${CMAKE_PREFIX_PATH}:/home/hhd/drl_ros2/turtlebot3_drlnav/install/turtlebot3_drl:/home/hhd/.ros2_ws/install/qr_track_alvar:/opt/ros/galactic CONDA_PROMPT_MODIFIER=(peopleros2) /usr/bin/cmake --build /home/hhd/legdet_ws/build/leg_detector_msgs -- -j12 -l12
[0.055s] -- Found ament_cmake: 1.1.6 (/opt/ros/galactic/share/ament_cmake/cmake)
[0.083s] -- Found PythonInterp: /usr/bin/python3 (found suitable version "3.8.10", minimum required is "3") 
[0.084s] -- Using PYTHON_EXECUTABLE: /usr/bin/python3
[0.150s] -- Found rosidl_default_generators: 1.1.1 (/opt/ros/galactic/share/rosidl_default_generators/cmake)
[0.153s] -- Using all available rosidl_typesupport_c: rosidl_typesupport_fastrtps_c;rosidl_typesupport_introspection_c
[0.155s] -- Found rosidl_adapter: 2.2.3 (/opt/ros/galactic/share/rosidl_adapter/cmake)
[0.308s] -- Using all available rosidl_typesupport_cpp: rosidl_typesupport_fastrtps_cpp;rosidl_typesupport_introspection_cpp
[0.327s] -- Found geometry_msgs: 2.2.4 (/opt/ros/galactic/share/geometry_msgs/cmake)
[0.429s] -- Found PythonInterp: /usr/bin/python3 (found version "3.8.10") 
[0.625s] -- Found ament_cmake_ros: 0.9.2 (/opt/ros/galactic/share/ament_cmake_ros/cmake)
[0.876s] -- Using all available rosidl_typesupport_c: rosidl_typesupport_fastrtps_c;rosidl_typesupport_introspection_c
[0.974s] -- Using all available rosidl_typesupport_cpp: rosidl_typesupport_fastrtps_cpp;rosidl_typesupport_introspection_cpp
[1.000s] -- Found PythonInterp: /usr/bin/python3 (found suitable version "3.8.10", minimum required is "3.5") 
[1.000s] -- Found python_cmake_module: 0.8.1 (/opt/ros/galactic/share/python_cmake_module/cmake)
[1.021s] -- Using PYTHON_EXECUTABLE: /usr/bin/python3
[1.021s] -- Using PYTHON_INCLUDE_DIRS: /usr/include/python3.8
[1.021s] -- Using PYTHON_LIBRARIES: /usr/lib/x86_64-linux-gnu/libpython3.8.so
[1.156s] -- Using numpy include directory: /home/hhd/.local/lib/python3.8/site-packages/numpy/core/include
[1.178s] -- Configuring done
[1.236s] -- Generating done
[1.239s] -- Build files have been written to: /home/hhd/legdet_ws/build/leg_detector_msgs
[1.281s] [  1%] [34m[1mGenerating C code for ROS interfaces[0m
[1.286s] [  3%] [34m[1mGenerating C++ code for ROS interfaces[0m
[1.602s] [  3%] Built target leg_detector_msgs__cpp
[1.620s] [  5%] [34m[1mGenerating C++ type support dispatch for ROS interfaces[0m
[1.621s] [  7%] [34m[1mGenerating C++ type support for eProsima Fast-RTPS[0m
[1.627s] [  9%] [34m[1mGenerating C++ introspection for ROS interfaces[0m
[1.642s] [35m[1mScanning dependencies of target leg_detector_msgs__rosidl_generator_c[0m
[1.661s] [ 10%] [32mBuilding C object CMakeFiles/leg_detector_msgs__rosidl_generator_c.dir/rosidl_generator_c/leg_detector_msgs/msg/detail/person__functions.c.o[0m
[1.664s] [ 12%] [32mBuilding C object CMakeFiles/leg_detector_msgs__rosidl_generator_c.dir/rosidl_generator_c/leg_detector_msgs/msg/detail/leg_array__functions.c.o[0m
[1.665s] [ 14%] [32mBuilding C object CMakeFiles/leg_detector_msgs__rosidl_generator_c.dir/rosidl_generator_c/leg_detector_msgs/msg/detail/leg__functions.c.o[0m
[1.666s] [ 16%] [32mBuilding C object CMakeFiles/leg_detector_msgs__rosidl_generator_c.dir/rosidl_generator_c/leg_detector_msgs/msg/detail/person_array__functions.c.o[0m
[1.707s] [ 18%] [32m[1mLinking C shared library libleg_detector_msgs__rosidl_generator_c.so[0m
[1.752s] [ 18%] Built target leg_detector_msgs__rosidl_generator_c
[1.762s] [ 20%] [34m[1mGenerating C type support dispatch for ROS interfaces[0m
[1.770s] [ 21%] [34m[1mGenerating C introspection for ROS interfaces[0m
[1.903s] [35m[1mScanning dependencies of target leg_detector_msgs__rosidl_typesupport_introspection_cpp[0m
[1.916s] [ 23%] [32mBuilding CXX object CMakeFiles/leg_detector_msgs__rosidl_typesupport_introspection_cpp.dir/rosidl_typesupport_introspection_cpp/leg_detector_msgs/msg/detail/leg_array__type_support.cpp.o[0m
[1.922s] [ 27%] [32mBuilding CXX object CMakeFiles/leg_detector_msgs__rosidl_typesupport_introspection_cpp.dir/rosidl_typesupport_introspection_cpp/leg_detector_msgs/msg/detail/leg__type_support.cpp.o[0m
[1.922s] [ 27%] [32mBuilding CXX object CMakeFiles/leg_detector_msgs__rosidl_typesupport_introspection_cpp.dir/rosidl_typesupport_introspection_cpp/leg_detector_msgs/msg/detail/person_array__type_support.cpp.o[0m
[1.923s] [ 29%] [32mBuilding CXX object CMakeFiles/leg_detector_msgs__rosidl_typesupport_introspection_cpp.dir/rosidl_typesupport_introspection_cpp/leg_detector_msgs/msg/detail/person__type_support.cpp.o[0m
[2.032s] [35m[1mScanning dependencies of target leg_detector_msgs__rosidl_typesupport_cpp[0m
[2.050s] [ 30%] [32mBuilding CXX object CMakeFiles/leg_detector_msgs__rosidl_typesupport_cpp.dir/rosidl_typesupport_cpp/leg_detector_msgs/msg/leg__type_support.cpp.o[0m
[2.051s] [ 32%] [32mBuilding CXX object CMakeFiles/leg_detector_msgs__rosidl_typesupport_cpp.dir/rosidl_typesupport_cpp/leg_detector_msgs/msg/leg_array__type_support.cpp.o[0m
[2.054s] [ 36%] [32mBuilding CXX object CMakeFiles/leg_detector_msgs__rosidl_typesupport_cpp.dir/rosidl_typesupport_cpp/leg_detector_msgs/msg/person__type_support.cpp.o[0m
[2.054s] [ 36%] [32mBuilding CXX object CMakeFiles/leg_detector_msgs__rosidl_typesupport_cpp.dir/rosidl_typesupport_cpp/leg_detector_msgs/msg/person_array__type_support.cpp.o[0m
[2.063s] [35m[1mScanning dependencies of target leg_detector_msgs__rosidl_typesupport_c[0m
[2.087s] [ 38%] [32mBuilding CXX object CMakeFiles/leg_detector_msgs__rosidl_typesupport_c.dir/rosidl_typesupport_c/leg_detector_msgs/msg/leg_array__type_support.cpp.o[0m
[2.088s] [ 40%] [32mBuilding CXX object CMakeFiles/leg_detector_msgs__rosidl_typesupport_c.dir/rosidl_typesupport_c/leg_detector_msgs/msg/leg__type_support.cpp.o[0m
[2.150s] [ 41%] [32mBuilding CXX object CMakeFiles/leg_detector_msgs__rosidl_typesupport_c.dir/rosidl_typesupport_c/leg_detector_msgs/msg/person__type_support.cpp.o[0m
[2.164s] [ 43%] [32mBuilding CXX object CMakeFiles/leg_detector_msgs__rosidl_typesupport_c.dir/rosidl_typesupport_c/leg_detector_msgs/msg/person_array__type_support.cpp.o[0m
[2.203s] [35m[1mScanning dependencies of target leg_detector_msgs__rosidl_typesupport_fastrtps_cpp[0m
[2.230s] [ 45%] [32m[1mLinking CXX shared library libleg_detector_msgs__rosidl_typesupport_c.so[0m
[2.247s] [ 47%] [32mBuilding CXX object CMakeFiles/leg_detector_msgs__rosidl_typesupport_fastrtps_cpp.dir/rosidl_typesupport_fastrtps_cpp/leg_detector_msgs/msg/detail/dds_fastrtps/leg_array__type_support.cpp.o[0m
[2.257s] [ 49%] [32mBuilding CXX object CMakeFiles/leg_detector_msgs__rosidl_typesupport_fastrtps_cpp.dir/rosidl_typesupport_fastrtps_cpp/leg_detector_msgs/msg/detail/dds_fastrtps/leg__type_support.cpp.o[0m
[2.258s] [35m[1mScanning dependencies of target leg_detector_msgs__rosidl_typesupport_introspection_c[0m
[2.276s] [ 50%] [32mBuilding CXX object CMakeFiles/leg_detector_msgs__rosidl_typesupport_fastrtps_cpp.dir/rosidl_typesupport_fastrtps_cpp/leg_detector_msgs/msg/detail/dds_fastrtps/person__type_support.cpp.o[0m
[2.279s] [ 52%] [32mBuilding C object CMakeFiles/leg_detector_msgs__rosidl_typesupport_introspection_c.dir/rosidl_typesupport_introspection_c/leg_detector_msgs/msg/detail/leg__type_support.c.o[0m
[2.321s] [ 54%] [32mBuilding C object CMakeFiles/leg_detector_msgs__rosidl_typesupport_introspection_c.dir/rosidl_typesupport_introspection_c/leg_detector_msgs/msg/detail/leg_array__type_support.c.o[0m
[2.322s] [ 54%] Built target leg_detector_msgs__rosidl_typesupport_c
[2.339s] [ 56%] [32mBuilding C object CMakeFiles/leg_detector_msgs__rosidl_typesupport_introspection_c.dir/rosidl_typesupport_introspection_c/leg_detector_msgs/msg/detail/person__type_support.c.o[0m
[2.356s] [ 58%] [32mBuilding C object CMakeFiles/leg_detector_msgs__rosidl_typesupport_introspection_c.dir/rosidl_typesupport_introspection_c/leg_detector_msgs/msg/detail/person_array__type_support.c.o[0m
[2.376s] [ 60%] [32mBuilding CXX object CMakeFiles/leg_detector_msgs__rosidl_typesupport_fastrtps_cpp.dir/rosidl_typesupport_fastrtps_cpp/leg_detector_msgs/msg/detail/dds_fastrtps/person_array__type_support.cpp.o[0m
[2.419s] [ 61%] [32m[1mLinking C shared library libleg_detector_msgs__rosidl_typesupport_introspection_c.so[0m
[2.432s] [ 63%] [32m[1mLinking CXX shared library libleg_detector_msgs__rosidl_typesupport_cpp.so[0m
[2.455s] [ 63%] Built target leg_detector_msgs__rosidl_typesupport_introspection_c
[2.460s] [ 65%] [32m[1mLinking CXX shared library libleg_detector_msgs__rosidl_typesupport_introspection_cpp.so[0m
[2.485s] [ 65%] Built target leg_detector_msgs__rosidl_typesupport_cpp
[2.561s] [ 65%] Built target leg_detector_msgs__rosidl_typesupport_introspection_cpp
[2.813s] [ 67%] [32m[1mLinking CXX shared library libleg_detector_msgs__rosidl_typesupport_fastrtps_cpp.so[0m
[2.918s] [ 67%] Built target leg_detector_msgs__rosidl_typesupport_fastrtps_cpp
[2.932s] [ 69%] [34m[1mGenerating C type support for eProsima Fast-RTPS[0m
[3.220s] [35m[1mScanning dependencies of target leg_detector_msgs__rosidl_typesupport_fastrtps_c[0m
[3.244s] [ 70%] [32mBuilding CXX object CMakeFiles/leg_detector_msgs__rosidl_typesupport_fastrtps_c.dir/rosidl_typesupport_fastrtps_c/leg_detector_msgs/msg/detail/leg__type_support_c.cpp.o[0m
[3.244s] [ 72%] [32mBuilding CXX object CMakeFiles/leg_detector_msgs__rosidl_typesupport_fastrtps_c.dir/rosidl_typesupport_fastrtps_c/leg_detector_msgs/msg/detail/leg_array__type_support_c.cpp.o[0m
[3.248s] [ 76%] [32mBuilding CXX object CMakeFiles/leg_detector_msgs__rosidl_typesupport_fastrtps_c.dir/rosidl_typesupport_fastrtps_c/leg_detector_msgs/msg/detail/person__type_support_c.cpp.o[0m
[3.248s] [ 76%] [32mBuilding CXX object CMakeFiles/leg_detector_msgs__rosidl_typesupport_fastrtps_c.dir/rosidl_typesupport_fastrtps_c/leg_detector_msgs/msg/detail/person_array__type_support_c.cpp.o[0m
[3.573s] [ 78%] [32m[1mLinking CXX shared library libleg_detector_msgs__rosidl_typesupport_fastrtps_c.so[0m
[3.683s] [ 78%] Built target leg_detector_msgs__rosidl_typesupport_fastrtps_c
[3.703s] [ 78%] Built target leg_detector_msgs
[3.732s] [ 80%] [34m[1mGenerating Python code for ROS interfaces[0m
[4.327s] [ 80%] Built target leg_detector_msgs__py
[4.344s] [35m[1mScanning dependencies of target leg_detector_msgs__python[0m
[4.368s] [ 83%] [32mBuilding C object CMakeFiles/leg_detector_msgs__python.dir/rosidl_generator_py/leg_detector_msgs/msg/_person_s.c.o[0m
[4.369s] [ 83%] [32mBuilding C object CMakeFiles/leg_detector_msgs__python.dir/rosidl_generator_py/leg_detector_msgs/msg/_leg_array_s.c.o[0m
[4.370s] [ 85%] [32mBuilding C object CMakeFiles/leg_detector_msgs__python.dir/rosidl_generator_py/leg_detector_msgs/msg/_leg_s.c.o[0m
[4.372s] [ 87%] [32mBuilding C object CMakeFiles/leg_detector_msgs__python.dir/rosidl_generator_py/leg_detector_msgs/msg/_person_array_s.c.o[0m
[4.461s] [ 89%] [32m[1mLinking C shared library rosidl_generator_py/leg_detector_msgs/libleg_detector_msgs__python.so[0m
[4.512s] [ 89%] Built target leg_detector_msgs__python
[4.527s] [35m[1mScanning dependencies of target leg_detector_msgs__rosidl_typesupport_c__pyext[0m
[4.528s] [35m[1mScanning dependencies of target leg_detector_msgs__rosidl_typesupport_fastrtps_c__pyext[0m
[4.529s] [35m[1mScanning dependencies of target leg_detector_msgs__rosidl_typesupport_introspection_c__pyext[0m
[4.545s] [ 90%] [32mBuilding C object CMakeFiles/leg_detector_msgs__rosidl_typesupport_c__pyext.dir/rosidl_generator_py/leg_detector_msgs/_leg_detector_msgs_s.ep.rosidl_typesupport_c.c.o[0m
[4.550s] [ 92%] [32mBuilding C object CMakeFiles/leg_detector_msgs__rosidl_typesupport_introspection_c__pyext.dir/rosidl_generator_py/leg_detector_msgs/_leg_detector_msgs_s.ep.rosidl_typesupport_introspection_c.c.o[0m
[4.552s] [ 94%] [32mBuilding C object CMakeFiles/leg_detector_msgs__rosidl_typesupport_fastrtps_c__pyext.dir/rosidl_generator_py/leg_detector_msgs/_leg_detector_msgs_s.ep.rosidl_typesupport_fastrtps_c.c.o[0m
[4.625s] [ 96%] [32m[1mLinking C shared library rosidl_generator_py/leg_detector_msgs/leg_detector_msgs_s__rosidl_typesupport_introspection_c.cpython-38-x86_64-linux-gnu.so[0m
[4.633s] [ 98%] [32m[1mLinking C shared library rosidl_generator_py/leg_detector_msgs/leg_detector_msgs_s__rosidl_typesupport_c.cpython-38-x86_64-linux-gnu.so[0m
[4.641s] [100%] [32m[1mLinking CXX shared library rosidl_generator_py/leg_detector_msgs/leg_detector_msgs_s__rosidl_typesupport_fastrtps_c.cpython-38-x86_64-linux-gnu.so[0m
[4.668s] [100%] Built target leg_detector_msgs__rosidl_typesupport_c__pyext
[4.668s] [100%] Built target leg_detector_msgs__rosidl_typesupport_introspection_c__pyext
[4.711s] [100%] Built target leg_detector_msgs__rosidl_typesupport_fastrtps_c__pyext
[4.722s] Invoked command in '/home/hhd/legdet_ws/build/leg_detector_msgs' returned '0': CMAKE_PREFIX_PATH=${CMAKE_PREFIX_PATH}:/home/hhd/drl_ros2/turtlebot3_drlnav/install/turtlebot3_drl:/home/hhd/.ros2_ws/install/qr_track_alvar:/opt/ros/galactic CONDA_PROMPT_MODIFIER=(peopleros2) /usr/bin/cmake --build /home/hhd/legdet_ws/build/leg_detector_msgs -- -j12 -l12
[4.891s] Invoking command in '/home/hhd/legdet_ws/build/leg_detector_msgs': CMAKE_PREFIX_PATH=${CMAKE_PREFIX_PATH}:/home/hhd/drl_ros2/turtlebot3_drlnav/install/turtlebot3_drl:/home/hhd/.ros2_ws/install/qr_track_alvar:/opt/ros/galactic CONDA_PROMPT_MODIFIER=(peopleros2) /usr/bin/cmake --install /home/hhd/legdet_ws/build/leg_detector_msgs
[4.898s] -- Install configuration: ""
[4.898s] -- Up-to-date: /home/hhd/legdet_ws/install/leg_detector_msgs/share/ament_index/resource_index/rosidl_interfaces/leg_detector_msgs
[4.899s] -- Up-to-date: /home/hhd/legdet_ws/install/leg_detector_msgs/include/leg_detector_msgs
[4.899s] -- Up-to-date: /home/hhd/legdet_ws/install/leg_detector_msgs/include/leg_detector_msgs/msg
[4.899s] -- Installing: /home/hhd/legdet_ws/install/leg_detector_msgs/include/leg_detector_msgs/msg/leg.h
[4.899s] -- Up-to-date: /home/hhd/legdet_ws/install/leg_detector_msgs/include/leg_detector_msgs/msg/rosidl_generator_c__visibility_control.h
[4.900s] -- Up-to-date: /home/hhd/legdet_ws/install/leg_detector_msgs/include/leg_detector_msgs/msg/detail
[4.900s] -- Installing: /home/hhd/legdet_ws/install/leg_detector_msgs/include/leg_detector_msgs/msg/detail/leg_array__functions.c
[4.900s] -- Installing: /home/hhd/legdet_ws/install/leg_detector_msgs/include/leg_detector_msgs/msg/detail/person_array__type_support.h
[4.900s] -- Installing: /home/hhd/legdet_ws/install/leg_detector_msgs/include/leg_detector_msgs/msg/detail/person__functions.h
[4.900s] -- Installing: /home/hhd/legdet_ws/install/leg_detector_msgs/include/leg_detector_msgs/msg/detail/person_array__functions.c
[4.900s] -- Installing: /home/hhd/legdet_ws/install/leg_detector_msgs/include/leg_detector_msgs/msg/detail/leg_array__struct.h
[4.901s] -- Installing: /home/hhd/legdet_ws/install/leg_detector_msgs/include/leg_detector_msgs/msg/detail/person__functions.c
[4.901s] -- Installing: /home/hhd/legdet_ws/install/leg_detector_msgs/include/leg_detector_msgs/msg/detail/person__struct.h
[4.901s] -- Installing: /home/hhd/legdet_ws/install/leg_detector_msgs/include/leg_detector_msgs/msg/detail/person_array__struct.h
[4.901s] -- Installing: /home/hhd/legdet_ws/install/leg_detector_msgs/include/leg_detector_msgs/msg/detail/leg__struct.h
[4.901s] -- Installing: /home/hhd/legdet_ws/install/leg_detector_msgs/include/leg_detector_msgs/msg/detail/leg_array__functions.h
[4.901s] -- Installing: /home/hhd/legdet_ws/install/leg_detector_msgs/include/leg_detector_msgs/msg/detail/leg_array__type_support.h
[4.901s] -- Installing: /home/hhd/legdet_ws/install/leg_detector_msgs/include/leg_detector_msgs/msg/detail/person__type_support.h
[4.902s] -- Installing: /home/hhd/legdet_ws/install/leg_detector_msgs/include/leg_detector_msgs/msg/detail/person_array__functions.h
[4.902s] -- Installing: /home/hhd/legdet_ws/install/leg_detector_msgs/include/leg_detector_msgs/msg/detail/leg__functions.c
[4.902s] -- Installing: /home/hhd/legdet_ws/install/leg_detector_msgs/include/leg_detector_msgs/msg/detail/leg__functions.h
[4.902s] -- Installing: /home/hhd/legdet_ws/install/leg_detector_msgs/include/leg_detector_msgs/msg/detail/leg__type_support.h
[4.903s] -- Installing: /home/hhd/legdet_ws/install/leg_detector_msgs/include/leg_detector_msgs/msg/person.h
[4.903s] -- Installing: /home/hhd/legdet_ws/install/leg_detector_msgs/include/leg_detector_msgs/msg/person_array.h
[4.903s] -- Installing: /home/hhd/legdet_ws/install/leg_detector_msgs/include/leg_detector_msgs/msg/leg_array.h
[4.903s] -- Up-to-date: /home/hhd/legdet_ws/install/leg_detector_msgs/share/leg_detector_msgs/environment/library_path.sh
[4.903s] -- Installing: /home/hhd/legdet_ws/install/leg_detector_msgs/share/leg_detector_msgs/environment/library_path.dsv
[4.903s] -- Installing: /home/hhd/legdet_ws/install/leg_detector_msgs/lib/libleg_detector_msgs__rosidl_generator_c.so
[4.904s] -- Set runtime path of "/home/hhd/legdet_ws/install/leg_detector_msgs/lib/libleg_detector_msgs__rosidl_generator_c.so" to ""
[4.904s] -- Up-to-date: /home/hhd/legdet_ws/install/leg_detector_msgs/include/leg_detector_msgs
[4.904s] -- Up-to-date: /home/hhd/legdet_ws/install/leg_detector_msgs/include/leg_detector_msgs/msg
[4.904s] -- Up-to-date: /home/hhd/legdet_ws/install/leg_detector_msgs/include/leg_detector_msgs/msg/rosidl_typesupport_fastrtps_c__visibility_control.h
[4.904s] -- Up-to-date: /home/hhd/legdet_ws/install/leg_detector_msgs/include/leg_detector_msgs/msg/detail
[4.904s] -- Installing: /home/hhd/legdet_ws/install/leg_detector_msgs/include/leg_detector_msgs/msg/detail/leg__rosidl_typesupport_fastrtps_c.h
[4.905s] -- Installing: /home/hhd/legdet_ws/install/leg_detector_msgs/include/leg_detector_msgs/msg/detail/leg_array__rosidl_typesupport_fastrtps_c.h
[4.905s] -- Installing: /home/hhd/legdet_ws/install/leg_detector_msgs/include/leg_detector_msgs/msg/detail/person__rosidl_typesupport_fastrtps_c.h
[4.905s] -- Installing: /home/hhd/legdet_ws/install/leg_detector_msgs/include/leg_detector_msgs/msg/detail/person_array__rosidl_typesupport_fastrtps_c.h
[4.905s] -- Installing: /home/hhd/legdet_ws/install/leg_detector_msgs/lib/libleg_detector_msgs__rosidl_typesupport_fastrtps_c.so
[4.905s] -- Set runtime path of "/home/hhd/legdet_ws/install/leg_detector_msgs/lib/libleg_detector_msgs__rosidl_typesupport_fastrtps_c.so" to ""
[4.905s] -- Up-to-date: /home/hhd/legdet_ws/install/leg_detector_msgs/include/leg_detector_msgs
[4.906s] -- Up-to-date: /home/hhd/legdet_ws/install/leg_detector_msgs/include/leg_detector_msgs/msg
[4.906s] -- Up-to-date: /home/hhd/legdet_ws/install/leg_detector_msgs/include/leg_detector_msgs/msg/rosidl_typesupport_fastrtps_cpp__visibility_control.h
[4.906s] -- Up-to-date: /home/hhd/legdet_ws/install/leg_detector_msgs/include/leg_detector_msgs/msg/detail
[4.906s] -- Installing: /home/hhd/legdet_ws/install/leg_detector_msgs/include/leg_detector_msgs/msg/detail/person__rosidl_typesupport_fastrtps_cpp.hpp
[4.907s] -- Up-to-date: /home/hhd/legdet_ws/install/leg_detector_msgs/include/leg_detector_msgs/msg/detail/dds_fastrtps
[4.907s] -- Installing: /home/hhd/legdet_ws/install/leg_detector_msgs/include/leg_detector_msgs/msg/detail/leg_array__rosidl_typesupport_fastrtps_cpp.hpp
[4.907s] -- Installing: /home/hhd/legdet_ws/install/leg_detector_msgs/include/leg_detector_msgs/msg/detail/person_array__rosidl_typesupport_fastrtps_cpp.hpp
[4.907s] -- Installing: /home/hhd/legdet_ws/install/leg_detector_msgs/include/leg_detector_msgs/msg/detail/leg__rosidl_typesupport_fastrtps_cpp.hpp
[4.907s] -- Installing: /home/hhd/legdet_ws/install/leg_detector_msgs/lib/libleg_detector_msgs__rosidl_typesupport_fastrtps_cpp.so
[4.907s] -- Set runtime path of "/home/hhd/legdet_ws/install/leg_detector_msgs/lib/libleg_detector_msgs__rosidl_typesupport_fastrtps_cpp.so" to ""
[4.907s] -- Up-to-date: /home/hhd/legdet_ws/install/leg_detector_msgs/include/leg_detector_msgs
[4.908s] -- Up-to-date: /home/hhd/legdet_ws/install/leg_detector_msgs/include/leg_detector_msgs/msg
[4.908s] -- Up-to-date: /home/hhd/legdet_ws/install/leg_detector_msgs/include/leg_detector_msgs/msg/rosidl_typesupport_introspection_c__visibility_control.h
[4.908s] -- Up-to-date: /home/hhd/legdet_ws/install/leg_detector_msgs/include/leg_detector_msgs/msg/detail
[4.908s] -- Installing: /home/hhd/legdet_ws/install/leg_detector_msgs/include/leg_detector_msgs/msg/detail/person_array__rosidl_typesupport_introspection_c.h
[4.908s] -- Installing: /home/hhd/legdet_ws/install/leg_detector_msgs/include/leg_detector_msgs/msg/detail/person__type_support.c
[4.909s] -- Installing: /home/hhd/legdet_ws/install/leg_detector_msgs/include/leg_detector_msgs/msg/detail/person__rosidl_typesupport_introspection_c.h
[4.909s] -- Installing: /home/hhd/legdet_ws/install/leg_detector_msgs/include/leg_detector_msgs/msg/detail/person_array__type_support.c
[4.909s] -- Installing: /home/hhd/legdet_ws/install/leg_detector_msgs/include/leg_detector_msgs/msg/detail/leg__type_support.c
[4.909s] -- Installing: /home/hhd/legdet_ws/install/leg_detector_msgs/include/leg_detector_msgs/msg/detail/leg_array__type_support.c
[4.909s] -- Installing: /home/hhd/legdet_ws/install/leg_detector_msgs/include/leg_detector_msgs/msg/detail/leg__rosidl_typesupport_introspection_c.h
[4.909s] -- Installing: /home/hhd/legdet_ws/install/leg_detector_msgs/include/leg_detector_msgs/msg/detail/leg_array__rosidl_typesupport_introspection_c.h
[4.910s] -- Installing: /home/hhd/legdet_ws/install/leg_detector_msgs/lib/libleg_detector_msgs__rosidl_typesupport_introspection_c.so
[4.910s] -- Set runtime path of "/home/hhd/legdet_ws/install/leg_detector_msgs/lib/libleg_detector_msgs__rosidl_typesupport_introspection_c.so" to ""
[4.910s] -- Installing: /home/hhd/legdet_ws/install/leg_detector_msgs/lib/libleg_detector_msgs__rosidl_typesupport_c.so
[4.910s] -- Set runtime path of "/home/hhd/legdet_ws/install/leg_detector_msgs/lib/libleg_detector_msgs__rosidl_typesupport_c.so" to ""
[4.910s] -- Up-to-date: /home/hhd/legdet_ws/install/leg_detector_msgs/include/leg_detector_msgs
[4.911s] -- Up-to-date: /home/hhd/legdet_ws/install/leg_detector_msgs/include/leg_detector_msgs/msg
[4.911s] -- Installing: /home/hhd/legdet_ws/install/leg_detector_msgs/include/leg_detector_msgs/msg/leg_array.hpp
[4.911s] -- Installing: /home/hhd/legdet_ws/install/leg_detector_msgs/include/leg_detector_msgs/msg/leg.hpp
[4.911s] -- Installing: /home/hhd/legdet_ws/install/leg_detector_msgs/include/leg_detector_msgs/msg/person_array.hpp
[4.911s] -- Up-to-date: /home/hhd/legdet_ws/install/leg_detector_msgs/include/leg_detector_msgs/msg/detail
[4.911s] -- Installing: /home/hhd/legdet_ws/install/leg_detector_msgs/include/leg_detector_msgs/msg/detail/person_array__struct.hpp
[4.911s] -- Installing: /home/hhd/legdet_ws/install/leg_detector_msgs/include/leg_detector_msgs/msg/detail/person__builder.hpp
[4.911s] -- Installing: /home/hhd/legdet_ws/install/leg_detector_msgs/include/leg_detector_msgs/msg/detail/person__traits.hpp
[4.911s] -- Installing: /home/hhd/legdet_ws/install/leg_detector_msgs/include/leg_detector_msgs/msg/detail/leg__traits.hpp
[4.911s] -- Installing: /home/hhd/legdet_ws/install/leg_detector_msgs/include/leg_detector_msgs/msg/detail/person__struct.hpp
[4.911s] -- Installing: /home/hhd/legdet_ws/install/leg_detector_msgs/include/leg_detector_msgs/msg/detail/leg__builder.hpp
[4.911s] -- Installing: /home/hhd/legdet_ws/install/leg_detector_msgs/include/leg_detector_msgs/msg/detail/person_array__builder.hpp
[4.911s] -- Installing: /home/hhd/legdet_ws/install/leg_detector_msgs/include/leg_detector_msgs/msg/detail/leg__struct.hpp
[4.912s] -- Installing: /home/hhd/legdet_ws/install/leg_detector_msgs/include/leg_detector_msgs/msg/detail/person_array__traits.hpp
[4.912s] -- Installing: /home/hhd/legdet_ws/install/leg_detector_msgs/include/leg_detector_msgs/msg/detail/leg_array__traits.hpp
[4.912s] -- Installing: /home/hhd/legdet_ws/install/leg_detector_msgs/include/leg_detector_msgs/msg/detail/leg_array__builder.hpp
[4.912s] -- Installing: /home/hhd/legdet_ws/install/leg_detector_msgs/include/leg_detector_msgs/msg/detail/leg_array__struct.hpp
[4.912s] -- Installing: /home/hhd/legdet_ws/install/leg_detector_msgs/include/leg_detector_msgs/msg/person.hpp
[4.912s] -- Up-to-date: /home/hhd/legdet_ws/install/leg_detector_msgs/include/leg_detector_msgs
[4.912s] -- Up-to-date: /home/hhd/legdet_ws/install/leg_detector_msgs/include/leg_detector_msgs/msg
[4.912s] -- Up-to-date: /home/hhd/legdet_ws/install/leg_detector_msgs/include/leg_detector_msgs/msg/detail
[4.912s] -- Installing: /home/hhd/legdet_ws/install/leg_detector_msgs/include/leg_detector_msgs/msg/detail/leg_array__rosidl_typesupport_introspection_cpp.hpp
[4.912s] -- Installing: /home/hhd/legdet_ws/install/leg_detector_msgs/include/leg_detector_msgs/msg/detail/leg__type_support.cpp
[4.912s] -- Installing: /home/hhd/legdet_ws/install/leg_detector_msgs/include/leg_detector_msgs/msg/detail/person__type_support.cpp
[4.912s] -- Installing: /home/hhd/legdet_ws/install/leg_detector_msgs/include/leg_detector_msgs/msg/detail/person_array__type_support.cpp
[4.912s] -- Installing: /home/hhd/legdet_ws/install/leg_detector_msgs/include/leg_detector_msgs/msg/detail/leg_array__type_support.cpp
[4.913s] -- Installing: /home/hhd/legdet_ws/install/leg_detector_msgs/include/leg_detector_msgs/msg/detail/person__rosidl_typesupport_introspection_cpp.hpp
[4.913s] -- Installing: /home/hhd/legdet_ws/install/leg_detector_msgs/include/leg_detector_msgs/msg/detail/person_array__rosidl_typesupport_introspection_cpp.hpp
[4.913s] -- Installing: /home/hhd/legdet_ws/install/leg_detector_msgs/include/leg_detector_msgs/msg/detail/leg__rosidl_typesupport_introspection_cpp.hpp
[4.913s] -- Installing: /home/hhd/legdet_ws/install/leg_detector_msgs/lib/libleg_detector_msgs__rosidl_typesupport_introspection_cpp.so
[4.913s] -- Set runtime path of "/home/hhd/legdet_ws/install/leg_detector_msgs/lib/libleg_detector_msgs__rosidl_typesupport_introspection_cpp.so" to ""
[4.913s] -- Installing: /home/hhd/legdet_ws/install/leg_detector_msgs/lib/libleg_detector_msgs__rosidl_typesupport_cpp.so
[4.913s] -- Set runtime path of "/home/hhd/legdet_ws/install/leg_detector_msgs/lib/libleg_detector_msgs__rosidl_typesupport_cpp.so" to ""
[4.913s] -- Up-to-date: /home/hhd/legdet_ws/install/leg_detector_msgs/share/leg_detector_msgs/environment/pythonpath.sh
[4.913s] -- Installing: /home/hhd/legdet_ws/install/leg_detector_msgs/share/leg_detector_msgs/environment/pythonpath.dsv
[4.913s] -- Installing: /home/hhd/legdet_ws/install/leg_detector_msgs/lib/python3.8/site-packages/leg_detector_msgs/__init__.py
[4.942s] Compiling '/home/hhd/legdet_ws/install/leg_detector_msgs/lib/python3.8/site-packages/leg_detector_msgs/__init__.py'...
[4.945s] -- Up-to-date: /home/hhd/legdet_ws/install/leg_detector_msgs/lib/python3.8/site-packages/leg_detector_msgs/msg
[4.945s] -- Installing: /home/hhd/legdet_ws/install/leg_detector_msgs/lib/python3.8/site-packages/leg_detector_msgs/msg/_leg.py
[4.945s] -- Installing: /home/hhd/legdet_ws/install/leg_detector_msgs/lib/python3.8/site-packages/leg_detector_msgs/msg/_leg_s.c
[4.945s] -- Installing: /home/hhd/legdet_ws/install/leg_detector_msgs/lib/python3.8/site-packages/leg_detector_msgs/msg/_leg_array.py
[4.946s] -- Installing: /home/hhd/legdet_ws/install/leg_detector_msgs/lib/python3.8/site-packages/leg_detector_msgs/msg/_person_s.c
[4.946s] -- Installing: /home/hhd/legdet_ws/install/leg_detector_msgs/lib/python3.8/site-packages/leg_detector_msgs/msg/_person_array_s.c
[4.946s] -- Installing: /home/hhd/legdet_ws/install/leg_detector_msgs/lib/python3.8/site-packages/leg_detector_msgs/msg/_person_array.py
[4.946s] -- Installing: /home/hhd/legdet_ws/install/leg_detector_msgs/lib/python3.8/site-packages/leg_detector_msgs/msg/_leg_array_s.c
[4.946s] -- Installing: /home/hhd/legdet_ws/install/leg_detector_msgs/lib/python3.8/site-packages/leg_detector_msgs/msg/__init__.py
[4.947s] -- Installing: /home/hhd/legdet_ws/install/leg_detector_msgs/lib/python3.8/site-packages/leg_detector_msgs/msg/_person.py
[4.947s] -- Installing: /home/hhd/legdet_ws/install/leg_detector_msgs/lib/python3.8/site-packages/leg_detector_msgs/leg_detector_msgs_s__rosidl_typesupport_fastrtps_c.cpython-38-x86_64-linux-gnu.so
[4.948s] -- Set runtime path of "/home/hhd/legdet_ws/install/leg_detector_msgs/lib/python3.8/site-packages/leg_detector_msgs/leg_detector_msgs_s__rosidl_typesupport_fastrtps_c.cpython-38-x86_64-linux-gnu.so" to ""
[4.948s] -- Installing: /home/hhd/legdet_ws/install/leg_detector_msgs/lib/python3.8/site-packages/leg_detector_msgs/leg_detector_msgs_s__rosidl_typesupport_introspection_c.cpython-38-x86_64-linux-gnu.so
[4.948s] -- Set runtime path of "/home/hhd/legdet_ws/install/leg_detector_msgs/lib/python3.8/site-packages/leg_detector_msgs/leg_detector_msgs_s__rosidl_typesupport_introspection_c.cpython-38-x86_64-linux-gnu.so" to ""
[4.949s] -- Installing: /home/hhd/legdet_ws/install/leg_detector_msgs/lib/python3.8/site-packages/leg_detector_msgs/leg_detector_msgs_s__rosidl_typesupport_c.cpython-38-x86_64-linux-gnu.so
[4.949s] -- Set runtime path of "/home/hhd/legdet_ws/install/leg_detector_msgs/lib/python3.8/site-packages/leg_detector_msgs/leg_detector_msgs_s__rosidl_typesupport_c.cpython-38-x86_64-linux-gnu.so" to ""
[4.949s] -- Installing: /home/hhd/legdet_ws/install/leg_detector_msgs/lib/libleg_detector_msgs__python.so
[4.949s] -- Set runtime path of "/home/hhd/legdet_ws/install/leg_detector_msgs/lib/libleg_detector_msgs__python.so" to ""
[4.949s] -- Up-to-date: /home/hhd/legdet_ws/install/leg_detector_msgs/share/leg_detector_msgs/msg/Leg.idl
[4.950s] -- Up-to-date: /home/hhd/legdet_ws/install/leg_detector_msgs/share/leg_detector_msgs/msg/LegArray.idl
[4.950s] -- Installing: /home/hhd/legdet_ws/install/leg_detector_msgs/share/leg_detector_msgs/msg/Person.idl
[4.950s] -- Up-to-date: /home/hhd/legdet_ws/install/leg_detector_msgs/share/leg_detector_msgs/msg/PersonArray.idl
[4.950s] -- Up-to-date: /home/hhd/legdet_ws/install/leg_detector_msgs/share/leg_detector_msgs/msg/Leg.msg
[4.950s] -- Up-to-date: /home/hhd/legdet_ws/install/leg_detector_msgs/share/leg_detector_msgs/msg/LegArray.msg
[4.950s] -- Installing: /home/hhd/legdet_ws/install/leg_detector_msgs/share/leg_detector_msgs/msg/Person.msg
[4.950s] -- Up-to-date: /home/hhd/legdet_ws/install/leg_detector_msgs/share/leg_detector_msgs/msg/PersonArray.msg
[4.950s] -- Up-to-date: /home/hhd/legdet_ws/install/leg_detector_msgs/share/ament_index/resource_index/package_run_dependencies/leg_detector_msgs
[4.950s] -- Up-to-date: /home/hhd/legdet_ws/install/leg_detector_msgs/share/ament_index/resource_index/parent_prefix_path/leg_detector_msgs
[4.950s] -- Up-to-date: /home/hhd/legdet_ws/install/leg_detector_msgs/share/leg_detector_msgs/environment/ament_prefix_path.sh
[4.950s] -- Installing: /home/hhd/legdet_ws/install/leg_detector_msgs/share/leg_detector_msgs/environment/ament_prefix_path.dsv
[4.951s] -- Up-to-date: /home/hhd/legdet_ws/install/leg_detector_msgs/share/leg_detector_msgs/environment/path.sh
[4.951s] -- Installing: /home/hhd/legdet_ws/install/leg_detector_msgs/share/leg_detector_msgs/environment/path.dsv
[4.951s] -- Up-to-date: /home/hhd/legdet_ws/install/leg_detector_msgs/share/leg_detector_msgs/local_setup.bash
[4.951s] -- Up-to-date: /home/hhd/legdet_ws/install/leg_detector_msgs/share/leg_detector_msgs/local_setup.sh
[4.951s] -- Up-to-date: /home/hhd/legdet_ws/install/leg_detector_msgs/share/leg_detector_msgs/local_setup.zsh
[4.951s] -- Installing: /home/hhd/legdet_ws/install/leg_detector_msgs/share/leg_detector_msgs/local_setup.dsv
[4.951s] -- Installing: /home/hhd/legdet_ws/install/leg_detector_msgs/share/leg_detector_msgs/package.dsv
[4.951s] -- Up-to-date: /home/hhd/legdet_ws/install/leg_detector_msgs/share/ament_index/resource_index/packages/leg_detector_msgs
[4.951s] -- Up-to-date: /home/hhd/legdet_ws/install/leg_detector_msgs/share/leg_detector_msgs/cmake/leg_detector_msgs__rosidl_generator_cExport.cmake
[4.951s] -- Installing: /home/hhd/legdet_ws/install/leg_detector_msgs/share/leg_detector_msgs/cmake/leg_detector_msgs__rosidl_generator_cExport-noconfig.cmake
[4.952s] -- Up-to-date: /home/hhd/legdet_ws/install/leg_detector_msgs/share/leg_detector_msgs/cmake/leg_detector_msgs__rosidl_typesupport_introspection_cExport.cmake
[4.952s] -- Installing: /home/hhd/legdet_ws/install/leg_detector_msgs/share/leg_detector_msgs/cmake/leg_detector_msgs__rosidl_typesupport_introspection_cExport-noconfig.cmake
[4.952s] -- Up-to-date: /home/hhd/legdet_ws/install/leg_detector_msgs/share/leg_detector_msgs/cmake/leg_detector_msgs__rosidl_typesupport_cExport.cmake
[4.952s] -- Installing: /home/hhd/legdet_ws/install/leg_detector_msgs/share/leg_detector_msgs/cmake/leg_detector_msgs__rosidl_typesupport_cExport-noconfig.cmake
[4.952s] -- Up-to-date: /home/hhd/legdet_ws/install/leg_detector_msgs/share/leg_detector_msgs/cmake/leg_detector_msgs__rosidl_generator_cppExport.cmake
[4.952s] -- Up-to-date: /home/hhd/legdet_ws/install/leg_detector_msgs/share/leg_detector_msgs/cmake/leg_detector_msgs__rosidl_typesupport_introspection_cppExport.cmake
[4.952s] -- Installing: /home/hhd/legdet_ws/install/leg_detector_msgs/share/leg_detector_msgs/cmake/leg_detector_msgs__rosidl_typesupport_introspection_cppExport-noconfig.cmake
[4.952s] -- Up-to-date: /home/hhd/legdet_ws/install/leg_detector_msgs/share/leg_detector_msgs/cmake/leg_detector_msgs__rosidl_typesupport_cppExport.cmake
[4.952s] -- Installing: /home/hhd/legdet_ws/install/leg_detector_msgs/share/leg_detector_msgs/cmake/leg_detector_msgs__rosidl_typesupport_cppExport-noconfig.cmake
[4.952s] -- Up-to-date: /home/hhd/legdet_ws/install/leg_detector_msgs/share/leg_detector_msgs/cmake/rosidl_cmake-extras.cmake
[4.952s] -- Up-to-date: /home/hhd/legdet_ws/install/leg_detector_msgs/share/leg_detector_msgs/cmake/ament_cmake_export_dependencies-extras.cmake
[4.953s] -- Up-to-date: /home/hhd/legdet_ws/install/leg_detector_msgs/share/leg_detector_msgs/cmake/ament_cmake_export_libraries-extras.cmake
[4.953s] -- Up-to-date: /home/hhd/legdet_ws/install/leg_detector_msgs/share/leg_detector_msgs/cmake/ament_cmake_export_targets-extras.cmake
[4.953s] -- Up-to-date: /home/hhd/legdet_ws/install/leg_detector_msgs/share/leg_detector_msgs/cmake/ament_cmake_export_include_directories-extras.cmake
[4.953s] -- Up-to-date: /home/hhd/legdet_ws/install/leg_detector_msgs/share/leg_detector_msgs/cmake/rosidl_cmake_export_typesupport_libraries-extras.cmake
[4.953s] -- Up-to-date: /home/hhd/legdet_ws/install/leg_detector_msgs/share/leg_detector_msgs/cmake/rosidl_cmake_export_typesupport_targets-extras.cmake
[4.953s] -- Up-to-date: /home/hhd/legdet_ws/install/leg_detector_msgs/share/leg_detector_msgs/cmake/leg_detector_msgsConfig.cmake
[4.953s] -- Up-to-date: /home/hhd/legdet_ws/install/leg_detector_msgs/share/leg_detector_msgs/cmake/leg_detector_msgsConfig-version.cmake
[4.953s] -- Up-to-date: /home/hhd/legdet_ws/install/leg_detector_msgs/share/leg_detector_msgs/package.xml
[4.955s] Invoked command in '/home/hhd/legdet_ws/build/leg_detector_msgs' returned '0': CMAKE_PREFIX_PATH=${CMAKE_PREFIX_PATH}:/home/hhd/drl_ros2/turtlebot3_drlnav/install/turtlebot3_drl:/home/hhd/.ros2_ws/install/qr_track_alvar:/opt/ros/galactic CONDA_PROMPT_MODIFIER=(peopleros2) /usr/bin/cmake --install /home/hhd/legdet_ws/build/leg_detector_msgs
