[0.020s] Invoking command in '/home/hhd/legdet_ws/build/leg_detector_msgs': CMAKE_PREFIX_PATH=${CMAKE_PREFIX_PATH}:/home/hhd/drl_ros2/turtlebot3_drlnav/install/turtlebot3_drl:/home/hhd/.ros2_ws/install/qr_track_alvar:/opt/ros/galactic CONDA_PROMPT_MODIFIER=(peopleros2) /usr/bin/cmake --build /home/hhd/legdet_ws/build/leg_detector_msgs -- -j12 -l12
[0.055s] -- Found ament_cmake: 1.1.6 (/opt/ros/galactic/share/ament_cmake/cmake)
[0.077s] -- Found PythonInterp: /usr/bin/python3 (found suitable version "3.8.10", minimum required is "3") 
[0.078s] -- Using PYTHON_EXECUTABLE: /usr/bin/python3
[0.137s] -- Found rosidl_default_generators: 1.1.1 (/opt/ros/galactic/share/rosidl_default_generators/cmake)
[0.140s] -- Using all available rosidl_typesupport_c: rosidl_typesupport_fastrtps_c;rosidl_typesupport_introspection_c
[0.142s] -- Found rosidl_adapter: 2.2.3 (/opt/ros/galactic/share/rosidl_adapter/cmake)
[0.314s] -- Using all available rosidl_typesupport_cpp: rosidl_typesupport_fastrtps_cpp;rosidl_typesupport_introspection_cpp
[0.334s] -- Found geometry_msgs: 2.2.4 (/opt/ros/galactic/share/geometry_msgs/cmake)
[0.427s] -- Found PythonInterp: /usr/bin/python3 (found version "3.8.10") 
[0.626s] -- Found ament_cmake_ros: 0.9.2 (/opt/ros/galactic/share/ament_cmake_ros/cmake)
[0.907s] -- Using all available rosidl_typesupport_c: rosidl_typesupport_fastrtps_c;rosidl_typesupport_introspection_c
[1.011s] -- Using all available rosidl_typesupport_cpp: rosidl_typesupport_fastrtps_cpp;rosidl_typesupport_introspection_cpp
[1.042s] -- Found PythonInterp: /usr/bin/python3 (found suitable version "3.8.10", minimum required is "3.5") 
[1.043s] -- Found python_cmake_module: 0.8.1 (/opt/ros/galactic/share/python_cmake_module/cmake)
[1.073s] -- Using PYTHON_EXECUTABLE: /usr/bin/python3
[1.073s] -- Using PYTHON_INCLUDE_DIRS: /usr/include/python3.8
[1.073s] -- Using PYTHON_LIBRARIES: /usr/lib/x86_64-linux-gnu/libpython3.8.so
[1.200s] -- Using numpy include directory: /home/hhd/.local/lib/python3.8/site-packages/numpy/core/include
[1.239s] -- Configuring done
[1.294s] -- Generating done
[1.297s] -- Build files have been written to: /home/hhd/legdet_ws/build/leg_detector_msgs
[1.333s] [  1%] [34m[1mGenerating C code for ROS interfaces[0m
[1.343s] [  3%] [34m[1mGenerating C++ code for ROS interfaces[0m
[1.682s] [  3%] Built target leg_detector_msgs__cpp
[1.691s] [  5%] [34m[1mGenerating C++ type support for eProsima Fast-RTPS[0m
[1.691s] [  7%] [34m[1mGenerating C++ introspection for ROS interfaces[0m
[1.693s] [35m[1mScanning dependencies of target leg_detector_msgs__rosidl_generator_c[0m
[1.697s] [  9%] [34m[1mGenerating C++ type support dispatch for ROS interfaces[0m
[1.708s] [ 10%] [32mBuilding C object CMakeFiles/leg_detector_msgs__rosidl_generator_c.dir/rosidl_generator_c/leg_detector_msgs/msg/detail/leg_array__functions.c.o[0m
[1.711s] [ 12%] [32mBuilding C object CMakeFiles/leg_detector_msgs__rosidl_generator_c.dir/rosidl_generator_c/leg_detector_msgs/msg/detail/person_array__functions.c.o[0m
[1.714s] [ 14%] [32mBuilding C object CMakeFiles/leg_detector_msgs__rosidl_generator_c.dir/rosidl_generator_c/leg_detector_msgs/msg/detail/person__functions.c.o[0m
[1.715s] [ 16%] [32mBuilding C object CMakeFiles/leg_detector_msgs__rosidl_generator_c.dir/rosidl_generator_c/leg_detector_msgs/msg/detail/leg__functions.c.o[0m
[1.777s] [ 18%] [32m[1mLinking C shared library libleg_detector_msgs__rosidl_generator_c.so[0m
[1.829s] [ 18%] Built target leg_detector_msgs__rosidl_generator_c
[1.840s] [ 20%] [34m[1mGenerating C type support dispatch for ROS interfaces[0m
[1.846s] [ 21%] [34m[1mGenerating C introspection for ROS interfaces[0m
[1.967s] [35m[1mScanning dependencies of target leg_detector_msgs__rosidl_typesupport_cpp[0m
[1.983s] [ 23%] [32mBuilding CXX object CMakeFiles/leg_detector_msgs__rosidl_typesupport_cpp.dir/rosidl_typesupport_cpp/leg_detector_msgs/msg/person_array__type_support.cpp.o[0m
[1.984s] [ 27%] [32mBuilding CXX object CMakeFiles/leg_detector_msgs__rosidl_typesupport_cpp.dir/rosidl_typesupport_cpp/leg_detector_msgs/msg/leg_array__type_support.cpp.o[0m
[1.984s] [ 27%] [32mBuilding CXX object CMakeFiles/leg_detector_msgs__rosidl_typesupport_cpp.dir/rosidl_typesupport_cpp/leg_detector_msgs/msg/leg__type_support.cpp.o[0m
[1.986s] [ 29%] [32mBuilding CXX object CMakeFiles/leg_detector_msgs__rosidl_typesupport_cpp.dir/rosidl_typesupport_cpp/leg_detector_msgs/msg/person__type_support.cpp.o[0m
[1.989s] [35m[1mScanning dependencies of target leg_detector_msgs__rosidl_typesupport_introspection_cpp[0m
[2.006s] [ 30%] [32mBuilding CXX object CMakeFiles/leg_detector_msgs__rosidl_typesupport_introspection_cpp.dir/rosidl_typesupport_introspection_cpp/leg_detector_msgs/msg/detail/leg__type_support.cpp.o[0m
[2.017s] [ 32%] [32mBuilding CXX object CMakeFiles/leg_detector_msgs__rosidl_typesupport_introspection_cpp.dir/rosidl_typesupport_introspection_cpp/leg_detector_msgs/msg/detail/leg_array__type_support.cpp.o[0m
[2.023s] [ 34%] [32mBuilding CXX object CMakeFiles/leg_detector_msgs__rosidl_typesupport_introspection_cpp.dir/rosidl_typesupport_introspection_cpp/leg_detector_msgs/msg/detail/person__type_support.cpp.o[0m
[2.025s] [ 36%] [32mBuilding CXX object CMakeFiles/leg_detector_msgs__rosidl_typesupport_introspection_cpp.dir/rosidl_typesupport_introspection_cpp/leg_detector_msgs/msg/detail/person_array__type_support.cpp.o[0m
[2.031s] [35m[1mScanning dependencies of target leg_detector_msgs__rosidl_typesupport_fastrtps_cpp[0m
[2.057s] [ 38%] [32mBuilding CXX object CMakeFiles/leg_detector_msgs__rosidl_typesupport_fastrtps_cpp.dir/rosidl_typesupport_fastrtps_cpp/leg_detector_msgs/msg/detail/dds_fastrtps/leg_array__type_support.cpp.o[0m
[2.065s] [ 40%] [32mBuilding CXX object CMakeFiles/leg_detector_msgs__rosidl_typesupport_fastrtps_cpp.dir/rosidl_typesupport_fastrtps_cpp/leg_detector_msgs/msg/detail/dds_fastrtps/leg__type_support.cpp.o[0m
[2.256s] [35m[1mScanning dependencies of target leg_detector_msgs__rosidl_typesupport_c[0m
[2.291s] [ 41%] [32mBuilding CXX object CMakeFiles/leg_detector_msgs__rosidl_typesupport_c.dir/rosidl_typesupport_c/leg_detector_msgs/msg/leg__type_support.cpp.o[0m
[2.397s] [ 43%] [32mBuilding CXX object CMakeFiles/leg_detector_msgs__rosidl_typesupport_fastrtps_cpp.dir/rosidl_typesupport_fastrtps_cpp/leg_detector_msgs/msg/detail/dds_fastrtps/person__type_support.cpp.o[0m
[2.401s] [ 45%] [32mBuilding CXX object CMakeFiles/leg_detector_msgs__rosidl_typesupport_fastrtps_cpp.dir/rosidl_typesupport_fastrtps_cpp/leg_detector_msgs/msg/detail/dds_fastrtps/person_array__type_support.cpp.o[0m
[2.411s] [35m[1mScanning dependencies of target leg_detector_msgs__rosidl_typesupport_introspection_c[0m
[2.412s] [ 47%] [32mBuilding CXX object CMakeFiles/leg_detector_msgs__rosidl_typesupport_c.dir/rosidl_typesupport_c/leg_detector_msgs/msg/person__type_support.cpp.o[0m
[2.412s] [ 49%] [32mBuilding CXX object CMakeFiles/leg_detector_msgs__rosidl_typesupport_c.dir/rosidl_typesupport_c/leg_detector_msgs/msg/leg_array__type_support.cpp.o[0m
[2.412s] [ 50%] [32m[1mLinking CXX shared library libleg_detector_msgs__rosidl_typesupport_cpp.so[0m
[2.419s] [ 52%] [32mBuilding CXX object CMakeFiles/leg_detector_msgs__rosidl_typesupport_c.dir/rosidl_typesupport_c/leg_detector_msgs/msg/person_array__type_support.cpp.o[0m
[2.453s] [ 54%] [32mBuilding C object CMakeFiles/leg_detector_msgs__rosidl_typesupport_introspection_c.dir/rosidl_typesupport_introspection_c/leg_detector_msgs/msg/detail/leg__type_support.c.o[0m
[2.458s] [ 56%] [32mBuilding C object CMakeFiles/leg_detector_msgs__rosidl_typesupport_introspection_c.dir/rosidl_typesupport_introspection_c/leg_detector_msgs/msg/detail/leg_array__type_support.c.o[0m
[2.470s] [ 58%] [32mBuilding C object CMakeFiles/leg_detector_msgs__rosidl_typesupport_introspection_c.dir/rosidl_typesupport_introspection_c/leg_detector_msgs/msg/detail/person__type_support.c.o[0m
[2.483s] [ 60%] [32mBuilding C object CMakeFiles/leg_detector_msgs__rosidl_typesupport_introspection_c.dir/rosidl_typesupport_introspection_c/leg_detector_msgs/msg/detail/person_array__type_support.c.o[0m
[2.490s] [ 61%] [32m[1mLinking CXX shared library libleg_detector_msgs__rosidl_typesupport_c.so[0m
[2.515s] [ 61%] Built target leg_detector_msgs__rosidl_typesupport_cpp
[2.543s] [ 63%] [32m[1mLinking C shared library libleg_detector_msgs__rosidl_typesupport_introspection_c.so[0m
[2.546s] [ 63%] Built target leg_detector_msgs__rosidl_typesupport_c
[2.555s] [ 65%] [32m[1mLinking CXX shared library libleg_detector_msgs__rosidl_typesupport_introspection_cpp.so[0m
[2.581s] [ 65%] Built target leg_detector_msgs__rosidl_typesupport_introspection_c
[2.661s] [ 65%] Built target leg_detector_msgs__rosidl_typesupport_introspection_cpp
[2.874s] [ 67%] [32m[1mLinking CXX shared library libleg_detector_msgs__rosidl_typesupport_fastrtps_cpp.so[0m
[2.989s] [ 67%] Built target leg_detector_msgs__rosidl_typesupport_fastrtps_cpp
[3.006s] [ 69%] [34m[1mGenerating C type support for eProsima Fast-RTPS[0m
[3.311s] [35m[1mScanning dependencies of target leg_detector_msgs__rosidl_typesupport_fastrtps_c[0m
[3.336s] [ 70%] [32mBuilding CXX object CMakeFiles/leg_detector_msgs__rosidl_typesupport_fastrtps_c.dir/rosidl_typesupport_fastrtps_c/leg_detector_msgs/msg/detail/leg__type_support_c.cpp.o[0m
[3.336s] [ 72%] [32mBuilding CXX object CMakeFiles/leg_detector_msgs__rosidl_typesupport_fastrtps_c.dir/rosidl_typesupport_fastrtps_c/leg_detector_msgs/msg/detail/person__type_support_c.cpp.o[0m
[3.337s] [ 74%] [32mBuilding CXX object CMakeFiles/leg_detector_msgs__rosidl_typesupport_fastrtps_c.dir/rosidl_typesupport_fastrtps_c/leg_detector_msgs/msg/detail/leg_array__type_support_c.cpp.o[0m
[3.340s] [ 76%] [32mBuilding CXX object CMakeFiles/leg_detector_msgs__rosidl_typesupport_fastrtps_c.dir/rosidl_typesupport_fastrtps_c/leg_detector_msgs/msg/detail/person_array__type_support_c.cpp.o[0m
[3.774s] [ 78%] [32m[1mLinking CXX shared library libleg_detector_msgs__rosidl_typesupport_fastrtps_c.so[0m
[3.882s] [ 78%] Built target leg_detector_msgs__rosidl_typesupport_fastrtps_c
[3.910s] [ 78%] Built target leg_detector_msgs
[3.940s] [ 80%] [34m[1mGenerating Python code for ROS interfaces[0m
[4.560s] [ 80%] Built target leg_detector_msgs__py
[4.579s] [35m[1mScanning dependencies of target leg_detector_msgs__python[0m
[4.600s] [ 81%] [32mBuilding C object CMakeFiles/leg_detector_msgs__python.dir/rosidl_generator_py/leg_detector_msgs/msg/_person_s.c.o[0m
[4.601s] [ 83%] [32mBuilding C object CMakeFiles/leg_detector_msgs__python.dir/rosidl_generator_py/leg_detector_msgs/msg/_leg_array_s.c.o[0m
[4.602s] [ 85%] [32mBuilding C object CMakeFiles/leg_detector_msgs__python.dir/rosidl_generator_py/leg_detector_msgs/msg/_leg_s.c.o[0m
[4.603s] [ 87%] [32mBuilding C object CMakeFiles/leg_detector_msgs__python.dir/rosidl_generator_py/leg_detector_msgs/msg/_person_array_s.c.o[0m
[4.710s] [ 89%] [32m[1mLinking C shared library rosidl_generator_py/leg_detector_msgs/libleg_detector_msgs__python.so[0m
[4.769s] [ 89%] Built target leg_detector_msgs__python
[4.779s] [35m[1mScanning dependencies of target leg_detector_msgs__rosidl_typesupport_introspection_c__pyext[0m
[4.783s] [35m[1mScanning dependencies of target leg_detector_msgs__rosidl_typesupport_c__pyext[0m
[4.785s] [35m[1mScanning dependencies of target leg_detector_msgs__rosidl_typesupport_fastrtps_c__pyext[0m
[4.796s] [ 90%] [32mBuilding C object CMakeFiles/leg_detector_msgs__rosidl_typesupport_c__pyext.dir/rosidl_generator_py/leg_detector_msgs/_leg_detector_msgs_s.ep.rosidl_typesupport_c.c.o[0m
[4.797s] [ 92%] [32mBuilding C object CMakeFiles/leg_detector_msgs__rosidl_typesupport_introspection_c__pyext.dir/rosidl_generator_py/leg_detector_msgs/_leg_detector_msgs_s.ep.rosidl_typesupport_introspection_c.c.o[0m
[4.801s] [ 94%] [32mBuilding C object CMakeFiles/leg_detector_msgs__rosidl_typesupport_fastrtps_c__pyext.dir/rosidl_generator_py/leg_detector_msgs/_leg_detector_msgs_s.ep.rosidl_typesupport_fastrtps_c.c.o[0m
[4.880s] [ 98%] [32m[1mLinking C shared library rosidl_generator_py/leg_detector_msgs/leg_detector_msgs_s__rosidl_typesupport_c.cpython-38-x86_64-linux-gnu.so[0m
[4.880s] [ 98%] [32m[1mLinking C shared library rosidl_generator_py/leg_detector_msgs/leg_detector_msgs_s__rosidl_typesupport_introspection_c.cpython-38-x86_64-linux-gnu.so[0m
[4.884s] [100%] [32m[1mLinking CXX shared library rosidl_generator_py/leg_detector_msgs/leg_detector_msgs_s__rosidl_typesupport_fastrtps_c.cpython-38-x86_64-linux-gnu.so[0m
[4.913s] [100%] Built target leg_detector_msgs__rosidl_typesupport_introspection_c__pyext
[4.918s] [100%] Built target leg_detector_msgs__rosidl_typesupport_c__pyext
[4.958s] [100%] Built target leg_detector_msgs__rosidl_typesupport_fastrtps_c__pyext
[4.974s] Invoked command in '/home/hhd/legdet_ws/build/leg_detector_msgs' returned '0': CMAKE_PREFIX_PATH=${CMAKE_PREFIX_PATH}:/home/hhd/drl_ros2/turtlebot3_drlnav/install/turtlebot3_drl:/home/hhd/.ros2_ws/install/qr_track_alvar:/opt/ros/galactic CONDA_PROMPT_MODIFIER=(peopleros2) /usr/bin/cmake --build /home/hhd/legdet_ws/build/leg_detector_msgs -- -j12 -l12
[5.104s] Invoking command in '/home/hhd/legdet_ws/build/leg_detector_msgs': CMAKE_PREFIX_PATH=${CMAKE_PREFIX_PATH}:/home/hhd/drl_ros2/turtlebot3_drlnav/install/turtlebot3_drl:/home/hhd/.ros2_ws/install/qr_track_alvar:/opt/ros/galactic CONDA_PROMPT_MODIFIER=(peopleros2) /usr/bin/cmake --install /home/hhd/legdet_ws/build/leg_detector_msgs
[5.115s] -- Install configuration: ""
[5.115s] -- Up-to-date: /home/hhd/legdet_ws/install/leg_detector_msgs/share/ament_index/resource_index/rosidl_interfaces/leg_detector_msgs
[5.115s] -- Up-to-date: /home/hhd/legdet_ws/install/leg_detector_msgs/include/leg_detector_msgs
[5.115s] -- Up-to-date: /home/hhd/legdet_ws/install/leg_detector_msgs/include/leg_detector_msgs/msg
[5.115s] -- Installing: /home/hhd/legdet_ws/install/leg_detector_msgs/include/leg_detector_msgs/msg/leg.h
[5.116s] -- Up-to-date: /home/hhd/legdet_ws/install/leg_detector_msgs/include/leg_detector_msgs/msg/rosidl_generator_c__visibility_control.h
[5.116s] -- Up-to-date: /home/hhd/legdet_ws/install/leg_detector_msgs/include/leg_detector_msgs/msg/detail
[5.116s] -- Installing: /home/hhd/legdet_ws/install/leg_detector_msgs/include/leg_detector_msgs/msg/detail/leg_array__functions.c
[5.117s] -- Installing: /home/hhd/legdet_ws/install/leg_detector_msgs/include/leg_detector_msgs/msg/detail/person_array__type_support.h
[5.117s] -- Installing: /home/hhd/legdet_ws/install/leg_detector_msgs/include/leg_detector_msgs/msg/detail/person__functions.h
[5.117s] -- Installing: /home/hhd/legdet_ws/install/leg_detector_msgs/include/leg_detector_msgs/msg/detail/person_array__functions.c
[5.117s] -- Installing: /home/hhd/legdet_ws/install/leg_detector_msgs/include/leg_detector_msgs/msg/detail/leg_array__struct.h
[5.117s] -- Installing: /home/hhd/legdet_ws/install/leg_detector_msgs/include/leg_detector_msgs/msg/detail/person__functions.c
[5.117s] -- Installing: /home/hhd/legdet_ws/install/leg_detector_msgs/include/leg_detector_msgs/msg/detail/person__struct.h
[5.117s] -- Installing: /home/hhd/legdet_ws/install/leg_detector_msgs/include/leg_detector_msgs/msg/detail/person_array__struct.h
[5.117s] -- Installing: /home/hhd/legdet_ws/install/leg_detector_msgs/include/leg_detector_msgs/msg/detail/leg__struct.h
[5.118s] -- Installing: /home/hhd/legdet_ws/install/leg_detector_msgs/include/leg_detector_msgs/msg/detail/leg_array__functions.h
[5.118s] -- Installing: /home/hhd/legdet_ws/install/leg_detector_msgs/include/leg_detector_msgs/msg/detail/leg_array__type_support.h
[5.118s] -- Installing: /home/hhd/legdet_ws/install/leg_detector_msgs/include/leg_detector_msgs/msg/detail/person__type_support.h
[5.118s] -- Installing: /home/hhd/legdet_ws/install/leg_detector_msgs/include/leg_detector_msgs/msg/detail/person_array__functions.h
[5.118s] -- Installing: /home/hhd/legdet_ws/install/leg_detector_msgs/include/leg_detector_msgs/msg/detail/leg__functions.c
[5.118s] -- Installing: /home/hhd/legdet_ws/install/leg_detector_msgs/include/leg_detector_msgs/msg/detail/leg__functions.h
[5.118s] -- Installing: /home/hhd/legdet_ws/install/leg_detector_msgs/include/leg_detector_msgs/msg/detail/leg__type_support.h
[5.118s] -- Installing: /home/hhd/legdet_ws/install/leg_detector_msgs/include/leg_detector_msgs/msg/person.h
[5.119s] -- Installing: /home/hhd/legdet_ws/install/leg_detector_msgs/include/leg_detector_msgs/msg/person_array.h
[5.119s] -- Installing: /home/hhd/legdet_ws/install/leg_detector_msgs/include/leg_detector_msgs/msg/leg_array.h
[5.119s] -- Up-to-date: /home/hhd/legdet_ws/install/leg_detector_msgs/share/leg_detector_msgs/environment/library_path.sh
[5.119s] -- Installing: /home/hhd/legdet_ws/install/leg_detector_msgs/share/leg_detector_msgs/environment/library_path.dsv
[5.119s] -- Installing: /home/hhd/legdet_ws/install/leg_detector_msgs/lib/libleg_detector_msgs__rosidl_generator_c.so
[5.119s] -- Set runtime path of "/home/hhd/legdet_ws/install/leg_detector_msgs/lib/libleg_detector_msgs__rosidl_generator_c.so" to ""
[5.120s] -- Up-to-date: /home/hhd/legdet_ws/install/leg_detector_msgs/include/leg_detector_msgs
[5.120s] -- Up-to-date: /home/hhd/legdet_ws/install/leg_detector_msgs/include/leg_detector_msgs/msg
[5.120s] -- Up-to-date: /home/hhd/legdet_ws/install/leg_detector_msgs/include/leg_detector_msgs/msg/rosidl_typesupport_fastrtps_c__visibility_control.h
[5.120s] -- Up-to-date: /home/hhd/legdet_ws/install/leg_detector_msgs/include/leg_detector_msgs/msg/detail
[5.120s] -- Installing: /home/hhd/legdet_ws/install/leg_detector_msgs/include/leg_detector_msgs/msg/detail/leg__rosidl_typesupport_fastrtps_c.h
[5.120s] -- Installing: /home/hhd/legdet_ws/install/leg_detector_msgs/include/leg_detector_msgs/msg/detail/leg_array__rosidl_typesupport_fastrtps_c.h
[5.120s] -- Installing: /home/hhd/legdet_ws/install/leg_detector_msgs/include/leg_detector_msgs/msg/detail/person__rosidl_typesupport_fastrtps_c.h
[5.120s] -- Installing: /home/hhd/legdet_ws/install/leg_detector_msgs/include/leg_detector_msgs/msg/detail/person_array__rosidl_typesupport_fastrtps_c.h
[5.121s] -- Installing: /home/hhd/legdet_ws/install/leg_detector_msgs/lib/libleg_detector_msgs__rosidl_typesupport_fastrtps_c.so
[5.121s] -- Set runtime path of "/home/hhd/legdet_ws/install/leg_detector_msgs/lib/libleg_detector_msgs__rosidl_typesupport_fastrtps_c.so" to ""
[5.121s] -- Up-to-date: /home/hhd/legdet_ws/install/leg_detector_msgs/include/leg_detector_msgs
[5.121s] -- Up-to-date: /home/hhd/legdet_ws/install/leg_detector_msgs/include/leg_detector_msgs/msg
[5.121s] -- Up-to-date: /home/hhd/legdet_ws/install/leg_detector_msgs/include/leg_detector_msgs/msg/rosidl_typesupport_fastrtps_cpp__visibility_control.h
[5.121s] -- Up-to-date: /home/hhd/legdet_ws/install/leg_detector_msgs/include/leg_detector_msgs/msg/detail
[5.122s] -- Installing: /home/hhd/legdet_ws/install/leg_detector_msgs/include/leg_detector_msgs/msg/detail/person__rosidl_typesupport_fastrtps_cpp.hpp
[5.122s] -- Up-to-date: /home/hhd/legdet_ws/install/leg_detector_msgs/include/leg_detector_msgs/msg/detail/dds_fastrtps
[5.122s] -- Installing: /home/hhd/legdet_ws/install/leg_detector_msgs/include/leg_detector_msgs/msg/detail/leg_array__rosidl_typesupport_fastrtps_cpp.hpp
[5.122s] -- Installing: /home/hhd/legdet_ws/install/leg_detector_msgs/include/leg_detector_msgs/msg/detail/person_array__rosidl_typesupport_fastrtps_cpp.hpp
[5.122s] -- Installing: /home/hhd/legdet_ws/install/leg_detector_msgs/include/leg_detector_msgs/msg/detail/leg__rosidl_typesupport_fastrtps_cpp.hpp
[5.122s] -- Installing: /home/hhd/legdet_ws/install/leg_detector_msgs/lib/libleg_detector_msgs__rosidl_typesupport_fastrtps_cpp.so
[5.122s] -- Set runtime path of "/home/hhd/legdet_ws/install/leg_detector_msgs/lib/libleg_detector_msgs__rosidl_typesupport_fastrtps_cpp.so" to ""
[5.123s] -- Up-to-date: /home/hhd/legdet_ws/install/leg_detector_msgs/include/leg_detector_msgs
[5.123s] -- Up-to-date: /home/hhd/legdet_ws/install/leg_detector_msgs/include/leg_detector_msgs/msg
[5.123s] -- Up-to-date: /home/hhd/legdet_ws/install/leg_detector_msgs/include/leg_detector_msgs/msg/rosidl_typesupport_introspection_c__visibility_control.h
[5.123s] -- Up-to-date: /home/hhd/legdet_ws/install/leg_detector_msgs/include/leg_detector_msgs/msg/detail
[5.123s] -- Installing: /home/hhd/legdet_ws/install/leg_detector_msgs/include/leg_detector_msgs/msg/detail/person_array__rosidl_typesupport_introspection_c.h
[5.124s] -- Installing: /home/hhd/legdet_ws/install/leg_detector_msgs/include/leg_detector_msgs/msg/detail/person__type_support.c
[5.124s] -- Installing: /home/hhd/legdet_ws/install/leg_detector_msgs/include/leg_detector_msgs/msg/detail/person__rosidl_typesupport_introspection_c.h
[5.124s] -- Installing: /home/hhd/legdet_ws/install/leg_detector_msgs/include/leg_detector_msgs/msg/detail/person_array__type_support.c
[5.124s] -- Installing: /home/hhd/legdet_ws/install/leg_detector_msgs/include/leg_detector_msgs/msg/detail/leg__type_support.c
[5.124s] -- Installing: /home/hhd/legdet_ws/install/leg_detector_msgs/include/leg_detector_msgs/msg/detail/leg_array__type_support.c
[5.124s] -- Installing: /home/hhd/legdet_ws/install/leg_detector_msgs/include/leg_detector_msgs/msg/detail/leg__rosidl_typesupport_introspection_c.h
[5.124s] -- Installing: /home/hhd/legdet_ws/install/leg_detector_msgs/include/leg_detector_msgs/msg/detail/leg_array__rosidl_typesupport_introspection_c.h
[5.125s] -- Installing: /home/hhd/legdet_ws/install/leg_detector_msgs/lib/libleg_detector_msgs__rosidl_typesupport_introspection_c.so
[5.125s] -- Set runtime path of "/home/hhd/legdet_ws/install/leg_detector_msgs/lib/libleg_detector_msgs__rosidl_typesupport_introspection_c.so" to ""
[5.125s] -- Installing: /home/hhd/legdet_ws/install/leg_detector_msgs/lib/libleg_detector_msgs__rosidl_typesupport_c.so
[5.125s] -- Set runtime path of "/home/hhd/legdet_ws/install/leg_detector_msgs/lib/libleg_detector_msgs__rosidl_typesupport_c.so" to ""
[5.125s] -- Up-to-date: /home/hhd/legdet_ws/install/leg_detector_msgs/include/leg_detector_msgs
[5.125s] -- Up-to-date: /home/hhd/legdet_ws/install/leg_detector_msgs/include/leg_detector_msgs/msg
[5.125s] -- Installing: /home/hhd/legdet_ws/install/leg_detector_msgs/include/leg_detector_msgs/msg/leg_array.hpp
[5.125s] -- Installing: /home/hhd/legdet_ws/install/leg_detector_msgs/include/leg_detector_msgs/msg/leg.hpp
[5.125s] -- Installing: /home/hhd/legdet_ws/install/leg_detector_msgs/include/leg_detector_msgs/msg/person_array.hpp
[5.125s] -- Up-to-date: /home/hhd/legdet_ws/install/leg_detector_msgs/include/leg_detector_msgs/msg/detail
[5.125s] -- Installing: /home/hhd/legdet_ws/install/leg_detector_msgs/include/leg_detector_msgs/msg/detail/person_array__struct.hpp
[5.125s] -- Installing: /home/hhd/legdet_ws/install/leg_detector_msgs/include/leg_detector_msgs/msg/detail/person__builder.hpp
[5.125s] -- Installing: /home/hhd/legdet_ws/install/leg_detector_msgs/include/leg_detector_msgs/msg/detail/person__traits.hpp
[5.125s] -- Installing: /home/hhd/legdet_ws/install/leg_detector_msgs/include/leg_detector_msgs/msg/detail/leg__traits.hpp
[5.125s] -- Installing: /home/hhd/legdet_ws/install/leg_detector_msgs/include/leg_detector_msgs/msg/detail/person__struct.hpp
[5.125s] -- Installing: /home/hhd/legdet_ws/install/leg_detector_msgs/include/leg_detector_msgs/msg/detail/leg__builder.hpp
[5.126s] -- Installing: /home/hhd/legdet_ws/install/leg_detector_msgs/include/leg_detector_msgs/msg/detail/person_array__builder.hpp
[5.126s] -- Installing: /home/hhd/legdet_ws/install/leg_detector_msgs/include/leg_detector_msgs/msg/detail/leg__struct.hpp
[5.126s] -- Installing: /home/hhd/legdet_ws/install/leg_detector_msgs/include/leg_detector_msgs/msg/detail/person_array__traits.hpp
[5.126s] -- Installing: /home/hhd/legdet_ws/install/leg_detector_msgs/include/leg_detector_msgs/msg/detail/leg_array__traits.hpp
[5.126s] -- Installing: /home/hhd/legdet_ws/install/leg_detector_msgs/include/leg_detector_msgs/msg/detail/leg_array__builder.hpp
[5.126s] -- Installing: /home/hhd/legdet_ws/install/leg_detector_msgs/include/leg_detector_msgs/msg/detail/leg_array__struct.hpp
[5.126s] -- Installing: /home/hhd/legdet_ws/install/leg_detector_msgs/include/leg_detector_msgs/msg/person.hpp
[5.126s] -- Up-to-date: /home/hhd/legdet_ws/install/leg_detector_msgs/include/leg_detector_msgs
[5.126s] -- Up-to-date: /home/hhd/legdet_ws/install/leg_detector_msgs/include/leg_detector_msgs/msg
[5.126s] -- Up-to-date: /home/hhd/legdet_ws/install/leg_detector_msgs/include/leg_detector_msgs/msg/detail
[5.126s] -- Installing: /home/hhd/legdet_ws/install/leg_detector_msgs/include/leg_detector_msgs/msg/detail/leg_array__rosidl_typesupport_introspection_cpp.hpp
[5.126s] -- Installing: /home/hhd/legdet_ws/install/leg_detector_msgs/include/leg_detector_msgs/msg/detail/leg__type_support.cpp
[5.126s] -- Installing: /home/hhd/legdet_ws/install/leg_detector_msgs/include/leg_detector_msgs/msg/detail/person__type_support.cpp
[5.126s] -- Installing: /home/hhd/legdet_ws/install/leg_detector_msgs/include/leg_detector_msgs/msg/detail/person_array__type_support.cpp
[5.126s] -- Installing: /home/hhd/legdet_ws/install/leg_detector_msgs/include/leg_detector_msgs/msg/detail/leg_array__type_support.cpp
[5.126s] -- Installing: /home/hhd/legdet_ws/install/leg_detector_msgs/include/leg_detector_msgs/msg/detail/person__rosidl_typesupport_introspection_cpp.hpp
[5.126s] -- Installing: /home/hhd/legdet_ws/install/leg_detector_msgs/include/leg_detector_msgs/msg/detail/person_array__rosidl_typesupport_introspection_cpp.hpp
[5.127s] -- Installing: /home/hhd/legdet_ws/install/leg_detector_msgs/include/leg_detector_msgs/msg/detail/leg__rosidl_typesupport_introspection_cpp.hpp
[5.127s] -- Installing: /home/hhd/legdet_ws/install/leg_detector_msgs/lib/libleg_detector_msgs__rosidl_typesupport_introspection_cpp.so
[5.127s] -- Set runtime path of "/home/hhd/legdet_ws/install/leg_detector_msgs/lib/libleg_detector_msgs__rosidl_typesupport_introspection_cpp.so" to ""
[5.127s] -- Installing: /home/hhd/legdet_ws/install/leg_detector_msgs/lib/libleg_detector_msgs__rosidl_typesupport_cpp.so
[5.127s] -- Set runtime path of "/home/hhd/legdet_ws/install/leg_detector_msgs/lib/libleg_detector_msgs__rosidl_typesupport_cpp.so" to ""
[5.127s] -- Up-to-date: /home/hhd/legdet_ws/install/leg_detector_msgs/share/leg_detector_msgs/environment/pythonpath.sh
[5.127s] -- Installing: /home/hhd/legdet_ws/install/leg_detector_msgs/share/leg_detector_msgs/environment/pythonpath.dsv
[5.127s] -- Installing: /home/hhd/legdet_ws/install/leg_detector_msgs/lib/python3.8/site-packages/leg_detector_msgs/__init__.py
[5.160s] Compiling '/home/hhd/legdet_ws/install/leg_detector_msgs/lib/python3.8/site-packages/leg_detector_msgs/__init__.py'...
[5.165s] -- Up-to-date: /home/hhd/legdet_ws/install/leg_detector_msgs/lib/python3.8/site-packages/leg_detector_msgs/msg
[5.165s] -- Installing: /home/hhd/legdet_ws/install/leg_detector_msgs/lib/python3.8/site-packages/leg_detector_msgs/msg/_leg.py
[5.165s] -- Installing: /home/hhd/legdet_ws/install/leg_detector_msgs/lib/python3.8/site-packages/leg_detector_msgs/msg/_leg_s.c
[5.165s] -- Installing: /home/hhd/legdet_ws/install/leg_detector_msgs/lib/python3.8/site-packages/leg_detector_msgs/msg/_leg_array.py
[5.165s] -- Installing: /home/hhd/legdet_ws/install/leg_detector_msgs/lib/python3.8/site-packages/leg_detector_msgs/msg/_person_s.c
[5.165s] -- Installing: /home/hhd/legdet_ws/install/leg_detector_msgs/lib/python3.8/site-packages/leg_detector_msgs/msg/_person_array_s.c
[5.166s] -- Installing: /home/hhd/legdet_ws/install/leg_detector_msgs/lib/python3.8/site-packages/leg_detector_msgs/msg/_person_array.py
[5.166s] -- Installing: /home/hhd/legdet_ws/install/leg_detector_msgs/lib/python3.8/site-packages/leg_detector_msgs/msg/_leg_array_s.c
[5.166s] -- Installing: /home/hhd/legdet_ws/install/leg_detector_msgs/lib/python3.8/site-packages/leg_detector_msgs/msg/__init__.py
[5.166s] -- Installing: /home/hhd/legdet_ws/install/leg_detector_msgs/lib/python3.8/site-packages/leg_detector_msgs/msg/_person.py
[5.167s] -- Installing: /home/hhd/legdet_ws/install/leg_detector_msgs/lib/python3.8/site-packages/leg_detector_msgs/leg_detector_msgs_s__rosidl_typesupport_fastrtps_c.cpython-38-x86_64-linux-gnu.so
[5.168s] -- Set runtime path of "/home/hhd/legdet_ws/install/leg_detector_msgs/lib/python3.8/site-packages/leg_detector_msgs/leg_detector_msgs_s__rosidl_typesupport_fastrtps_c.cpython-38-x86_64-linux-gnu.so" to ""
[5.169s] -- Installing: /home/hhd/legdet_ws/install/leg_detector_msgs/lib/python3.8/site-packages/leg_detector_msgs/leg_detector_msgs_s__rosidl_typesupport_introspection_c.cpython-38-x86_64-linux-gnu.so
[5.170s] -- Set runtime path of "/home/hhd/legdet_ws/install/leg_detector_msgs/lib/python3.8/site-packages/leg_detector_msgs/leg_detector_msgs_s__rosidl_typesupport_introspection_c.cpython-38-x86_64-linux-gnu.so" to ""
[5.170s] -- Installing: /home/hhd/legdet_ws/install/leg_detector_msgs/lib/python3.8/site-packages/leg_detector_msgs/leg_detector_msgs_s__rosidl_typesupport_c.cpython-38-x86_64-linux-gnu.so
[5.171s] -- Set runtime path of "/home/hhd/legdet_ws/install/leg_detector_msgs/lib/python3.8/site-packages/leg_detector_msgs/leg_detector_msgs_s__rosidl_typesupport_c.cpython-38-x86_64-linux-gnu.so" to ""
[5.172s] -- Installing: /home/hhd/legdet_ws/install/leg_detector_msgs/lib/libleg_detector_msgs__python.so
[5.172s] -- Set runtime path of "/home/hhd/legdet_ws/install/leg_detector_msgs/lib/libleg_detector_msgs__python.so" to ""
[5.172s] -- Up-to-date: /home/hhd/legdet_ws/install/leg_detector_msgs/share/leg_detector_msgs/msg/Leg.idl
[5.172s] -- Up-to-date: /home/hhd/legdet_ws/install/leg_detector_msgs/share/leg_detector_msgs/msg/LegArray.idl
[5.173s] -- Installing: /home/hhd/legdet_ws/install/leg_detector_msgs/share/leg_detector_msgs/msg/Person.idl
[5.173s] -- Up-to-date: /home/hhd/legdet_ws/install/leg_detector_msgs/share/leg_detector_msgs/msg/PersonArray.idl
[5.173s] -- Up-to-date: /home/hhd/legdet_ws/install/leg_detector_msgs/share/leg_detector_msgs/msg/Leg.msg
[5.173s] -- Up-to-date: /home/hhd/legdet_ws/install/leg_detector_msgs/share/leg_detector_msgs/msg/LegArray.msg
[5.173s] -- Installing: /home/hhd/legdet_ws/install/leg_detector_msgs/share/leg_detector_msgs/msg/Person.msg
[5.173s] -- Up-to-date: /home/hhd/legdet_ws/install/leg_detector_msgs/share/leg_detector_msgs/msg/PersonArray.msg
[5.173s] -- Up-to-date: /home/hhd/legdet_ws/install/leg_detector_msgs/share/ament_index/resource_index/package_run_dependencies/leg_detector_msgs
[5.173s] -- Up-to-date: /home/hhd/legdet_ws/install/leg_detector_msgs/share/ament_index/resource_index/parent_prefix_path/leg_detector_msgs
[5.173s] -- Up-to-date: /home/hhd/legdet_ws/install/leg_detector_msgs/share/leg_detector_msgs/environment/ament_prefix_path.sh
[5.173s] -- Installing: /home/hhd/legdet_ws/install/leg_detector_msgs/share/leg_detector_msgs/environment/ament_prefix_path.dsv
[5.174s] -- Up-to-date: /home/hhd/legdet_ws/install/leg_detector_msgs/share/leg_detector_msgs/environment/path.sh
[5.174s] -- Installing: /home/hhd/legdet_ws/install/leg_detector_msgs/share/leg_detector_msgs/environment/path.dsv
[5.174s] -- Up-to-date: /home/hhd/legdet_ws/install/leg_detector_msgs/share/leg_detector_msgs/local_setup.bash
[5.174s] -- Up-to-date: /home/hhd/legdet_ws/install/leg_detector_msgs/share/leg_detector_msgs/local_setup.sh
[5.174s] -- Up-to-date: /home/hhd/legdet_ws/install/leg_detector_msgs/share/leg_detector_msgs/local_setup.zsh
[5.174s] -- Installing: /home/hhd/legdet_ws/install/leg_detector_msgs/share/leg_detector_msgs/local_setup.dsv
[5.174s] -- Installing: /home/hhd/legdet_ws/install/leg_detector_msgs/share/leg_detector_msgs/package.dsv
[5.174s] -- Up-to-date: /home/hhd/legdet_ws/install/leg_detector_msgs/share/ament_index/resource_index/packages/leg_detector_msgs
[5.174s] -- Up-to-date: /home/hhd/legdet_ws/install/leg_detector_msgs/share/leg_detector_msgs/cmake/leg_detector_msgs__rosidl_generator_cExport.cmake
[5.174s] -- Installing: /home/hhd/legdet_ws/install/leg_detector_msgs/share/leg_detector_msgs/cmake/leg_detector_msgs__rosidl_generator_cExport-noconfig.cmake
[5.175s] -- Up-to-date: /home/hhd/legdet_ws/install/leg_detector_msgs/share/leg_detector_msgs/cmake/leg_detector_msgs__rosidl_typesupport_introspection_cExport.cmake
[5.175s] -- Installing: /home/hhd/legdet_ws/install/leg_detector_msgs/share/leg_detector_msgs/cmake/leg_detector_msgs__rosidl_typesupport_introspection_cExport-noconfig.cmake
[5.175s] -- Up-to-date: /home/hhd/legdet_ws/install/leg_detector_msgs/share/leg_detector_msgs/cmake/leg_detector_msgs__rosidl_typesupport_cExport.cmake
[5.175s] -- Installing: /home/hhd/legdet_ws/install/leg_detector_msgs/share/leg_detector_msgs/cmake/leg_detector_msgs__rosidl_typesupport_cExport-noconfig.cmake
[5.175s] -- Up-to-date: /home/hhd/legdet_ws/install/leg_detector_msgs/share/leg_detector_msgs/cmake/leg_detector_msgs__rosidl_generator_cppExport.cmake
[5.175s] -- Up-to-date: /home/hhd/legdet_ws/install/leg_detector_msgs/share/leg_detector_msgs/cmake/leg_detector_msgs__rosidl_typesupport_introspection_cppExport.cmake
[5.175s] -- Installing: /home/hhd/legdet_ws/install/leg_detector_msgs/share/leg_detector_msgs/cmake/leg_detector_msgs__rosidl_typesupport_introspection_cppExport-noconfig.cmake
[5.175s] -- Up-to-date: /home/hhd/legdet_ws/install/leg_detector_msgs/share/leg_detector_msgs/cmake/leg_detector_msgs__rosidl_typesupport_cppExport.cmake
[5.176s] -- Installing: /home/hhd/legdet_ws/install/leg_detector_msgs/share/leg_detector_msgs/cmake/leg_detector_msgs__rosidl_typesupport_cppExport-noconfig.cmake
[5.176s] -- Up-to-date: /home/hhd/legdet_ws/install/leg_detector_msgs/share/leg_detector_msgs/cmake/rosidl_cmake-extras.cmake
[5.176s] -- Up-to-date: /home/hhd/legdet_ws/install/leg_detector_msgs/share/leg_detector_msgs/cmake/ament_cmake_export_dependencies-extras.cmake
[5.176s] -- Up-to-date: /home/hhd/legdet_ws/install/leg_detector_msgs/share/leg_detector_msgs/cmake/ament_cmake_export_libraries-extras.cmake
[5.176s] -- Up-to-date: /home/hhd/legdet_ws/install/leg_detector_msgs/share/leg_detector_msgs/cmake/ament_cmake_export_targets-extras.cmake
[5.176s] -- Up-to-date: /home/hhd/legdet_ws/install/leg_detector_msgs/share/leg_detector_msgs/cmake/ament_cmake_export_include_directories-extras.cmake
[5.176s] -- Up-to-date: /home/hhd/legdet_ws/install/leg_detector_msgs/share/leg_detector_msgs/cmake/rosidl_cmake_export_typesupport_libraries-extras.cmake
[5.176s] -- Up-to-date: /home/hhd/legdet_ws/install/leg_detector_msgs/share/leg_detector_msgs/cmake/rosidl_cmake_export_typesupport_targets-extras.cmake
[5.176s] -- Up-to-date: /home/hhd/legdet_ws/install/leg_detector_msgs/share/leg_detector_msgs/cmake/leg_detector_msgsConfig.cmake
[5.176s] -- Up-to-date: /home/hhd/legdet_ws/install/leg_detector_msgs/share/leg_detector_msgs/cmake/leg_detector_msgsConfig-version.cmake
[5.177s] -- Up-to-date: /home/hhd/legdet_ws/install/leg_detector_msgs/share/leg_detector_msgs/package.xml
[5.179s] Invoked command in '/home/hhd/legdet_ws/build/leg_detector_msgs' returned '0': CMAKE_PREFIX_PATH=${CMAKE_PREFIX_PATH}:/home/hhd/drl_ros2/turtlebot3_drlnav/install/turtlebot3_drl:/home/hhd/.ros2_ws/install/qr_track_alvar:/opt/ros/galactic CONDA_PROMPT_MODIFIER=(peopleros2) /usr/bin/cmake --install /home/hhd/legdet_ws/build/leg_detector_msgs
