[0.016s] Invoking command in '/home/hhd/legdet_ws/build/leg_detector': CMAKE_PREFIX_PATH=/home/hhd/legdet_ws/install/leg_detector_msgs:/home/hhd/legdet_ws/install/people_msgs:/home/hhd/legdet_ws/install/leg_detector:/home/hhd/drl_ros2/turtlebot3_drlnav/install/turtlebot3_simulations:/home/hhd/drl_ros2/turtlebot3_drlnav/install/turtlebot3_fake_node:/home/hhd/drl_ros2/turtlebot3_drlnav/install/turtlebot3_msgs:/home/hhd/drl_ros2/turtlebot3_drlnav/install/turtlebot3_gazebo:/home/hhd/.ros2_ws/install/slam_gmapping:/home/hhd/.ros2_ws/install/openslam_gmapping:/home/hhd/drl_ros2/turtlebot3_drlnav/install/turtlebot3_drl:/home/hhd/.ros2_ws/install/qr_track_alvar:/opt/ros/galactic CONDA_PROMPT_MODIFIER=(peopleros2) LD_LIBRARY_PATH=/home/hhd/legdet_ws/install/leg_detector_msgs/lib:/home/hhd/legdet_ws/install/people_msgs/lib:/home/hhd/drl_ros2/turtlebot3_drlnav/install/turtlebot3_msgs/lib:/home/hhd/.ros2_ws/install/openslam_gmapping/lib:/usr/lib/x86_64-linux-gnu/gazebo-11/plugins:/opt/ros/galactic/opt/yaml_cpp_vendor/lib:/opt/ros/galactic/opt/rviz_ogre_vendor/lib:/opt/ros/galactic/lib/x86_64-linux-gnu:/opt/ros/galactic/lib PYTHONPATH=/home/hhd/legdet_ws/install/leg_detector_msgs/lib/python3.8/site-packages:/home/hhd/legdet_ws/install/people_msgs/lib/python3.8/site-packages:/home/hhd/drl_ros2/turtlebot3_drlnav/install/turtlebot3_msgs/lib/python3.8/site-packages:/home/hhd/drl_ros2/turtlebot3_drlnav/install/turtlebot3_drl/lib/python3.8/site-packages:/home/hhd/.ros2_ws/install/qr_track_alvar/lib/python3.8/site-packages:/opt/ros/galactic/lib/python3.8/site-packages /usr/bin/cmake --build /home/hhd/legdet_ws/build/leg_detector -- -j12 -l12
[0.081s] [ 22%] Built target inflated_human_scan
[0.096s] [ 66%] Built target detect_leg_clusters
[0.101s] [100%] Built target local_occupancy_grid_mapping
[0.112s] Invoked command in '/home/hhd/legdet_ws/build/leg_detector' returned '0': CMAKE_PREFIX_PATH=/home/hhd/legdet_ws/install/leg_detector_msgs:/home/hhd/legdet_ws/install/people_msgs:/home/hhd/legdet_ws/install/leg_detector:/home/hhd/drl_ros2/turtlebot3_drlnav/install/turtlebot3_simulations:/home/hhd/drl_ros2/turtlebot3_drlnav/install/turtlebot3_fake_node:/home/hhd/drl_ros2/turtlebot3_drlnav/install/turtlebot3_msgs:/home/hhd/drl_ros2/turtlebot3_drlnav/install/turtlebot3_gazebo:/home/hhd/.ros2_ws/install/slam_gmapping:/home/hhd/.ros2_ws/install/openslam_gmapping:/home/hhd/drl_ros2/turtlebot3_drlnav/install/turtlebot3_drl:/home/hhd/.ros2_ws/install/qr_track_alvar:/opt/ros/galactic CONDA_PROMPT_MODIFIER=(peopleros2) LD_LIBRARY_PATH=/home/hhd/legdet_ws/install/leg_detector_msgs/lib:/home/hhd/legdet_ws/install/people_msgs/lib:/home/hhd/drl_ros2/turtlebot3_drlnav/install/turtlebot3_msgs/lib:/home/hhd/.ros2_ws/install/openslam_gmapping/lib:/usr/lib/x86_64-linux-gnu/gazebo-11/plugins:/opt/ros/galactic/opt/yaml_cpp_vendor/lib:/opt/ros/galactic/opt/rviz_ogre_vendor/lib:/opt/ros/galactic/lib/x86_64-linux-gnu:/opt/ros/galactic/lib PYTHONPATH=/home/hhd/legdet_ws/install/leg_detector_msgs/lib/python3.8/site-packages:/home/hhd/legdet_ws/install/people_msgs/lib/python3.8/site-packages:/home/hhd/drl_ros2/turtlebot3_drlnav/install/turtlebot3_msgs/lib/python3.8/site-packages:/home/hhd/drl_ros2/turtlebot3_drlnav/install/turtlebot3_drl/lib/python3.8/site-packages:/home/hhd/.ros2_ws/install/qr_track_alvar/lib/python3.8/site-packages:/opt/ros/galactic/lib/python3.8/site-packages /usr/bin/cmake --build /home/hhd/legdet_ws/build/leg_detector -- -j12 -l12
[0.165s] Invoking command in '/home/hhd/legdet_ws/build/leg_detector': CMAKE_PREFIX_PATH=/home/hhd/legdet_ws/install/leg_detector_msgs:/home/hhd/legdet_ws/install/people_msgs:/home/hhd/legdet_ws/install/leg_detector:/home/hhd/drl_ros2/turtlebot3_drlnav/install/turtlebot3_simulations:/home/hhd/drl_ros2/turtlebot3_drlnav/install/turtlebot3_fake_node:/home/hhd/drl_ros2/turtlebot3_drlnav/install/turtlebot3_msgs:/home/hhd/drl_ros2/turtlebot3_drlnav/install/turtlebot3_gazebo:/home/hhd/.ros2_ws/install/slam_gmapping:/home/hhd/.ros2_ws/install/openslam_gmapping:/home/hhd/drl_ros2/turtlebot3_drlnav/install/turtlebot3_drl:/home/hhd/.ros2_ws/install/qr_track_alvar:/opt/ros/galactic CONDA_PROMPT_MODIFIER=(peopleros2) LD_LIBRARY_PATH=/home/hhd/legdet_ws/install/leg_detector_msgs/lib:/home/hhd/legdet_ws/install/people_msgs/lib:/home/hhd/drl_ros2/turtlebot3_drlnav/install/turtlebot3_msgs/lib:/home/hhd/.ros2_ws/install/openslam_gmapping/lib:/usr/lib/x86_64-linux-gnu/gazebo-11/plugins:/opt/ros/galactic/opt/yaml_cpp_vendor/lib:/opt/ros/galactic/opt/rviz_ogre_vendor/lib:/opt/ros/galactic/lib/x86_64-linux-gnu:/opt/ros/galactic/lib PYTHONPATH=/home/hhd/legdet_ws/install/leg_detector_msgs/lib/python3.8/site-packages:/home/hhd/legdet_ws/install/people_msgs/lib/python3.8/site-packages:/home/hhd/drl_ros2/turtlebot3_drlnav/install/turtlebot3_msgs/lib/python3.8/site-packages:/home/hhd/drl_ros2/turtlebot3_drlnav/install/turtlebot3_drl/lib/python3.8/site-packages:/home/hhd/.ros2_ws/install/qr_track_alvar/lib/python3.8/site-packages:/opt/ros/galactic/lib/python3.8/site-packages /usr/bin/cmake --install /home/hhd/legdet_ws/build/leg_detector
[0.174s] -- Install configuration: ""
[0.175s] -- Up-to-date: /home/hhd/legdet_ws/install/leg_detector/lib/leg_detector/detect_leg_clusters
[0.175s] -- Up-to-date: /home/hhd/legdet_ws/install/leg_detector/lib/leg_detector/local_occupancy_grid_mapping
[0.175s] -- Up-to-date: /home/hhd/legdet_ws/install/leg_detector/lib/leg_detector/inflated_human_scan
[0.175s] -- Up-to-date: /home/hhd/legdet_ws/install/leg_detector/share/leg_detector/launch
[0.176s] -- Up-to-date: /home/hhd/legdet_ws/install/leg_detector/share/leg_detector/launch/demo_stationary_simple_environment.launch.py
[0.176s] -- Up-to-date: /home/hhd/legdet_ws/install/leg_detector/share/leg_detector/rosbag
[0.176s] -- Up-to-date: /home/hhd/legdet_ws/install/leg_detector/share/leg_detector/rosbag/demos
[0.176s] -- Up-to-date: /home/hhd/legdet_ws/install/leg_detector/share/leg_detector/rosbag/demos/rviz
[0.176s] -- Up-to-date: /home/hhd/legdet_ws/install/leg_detector/share/leg_detector/rosbag/demos/rviz/demo_moving_super_crowded2.rviz
[0.177s] -- Up-to-date: /home/hhd/legdet_ws/install/leg_detector/share/leg_detector/rosbag/demos/rviz/demo_stationary_simple_environment2.rviz
[0.177s] -- Up-to-date: /home/hhd/legdet_ws/install/leg_detector/share/leg_detector/rosbag/demos/rviz/demo_stationary_simple_environment.rviz
[0.177s] -- Up-to-date: /home/hhd/legdet_ws/install/leg_detector/share/leg_detector/rosbag/demos/demo_stationary_cluttered_environment.bag
[0.177s] -- Up-to-date: /home/hhd/legdet_ws/install/leg_detector/share/leg_detector/rosbag/demos/demo_moving_super_crowded.bag
[0.177s] -- Up-to-date: /home/hhd/legdet_ws/install/leg_detector/share/leg_detector/rosbag/demos/demo_stationary_simple_environment.bag
[0.177s] -- Up-to-date: /home/hhd/legdet_ws/install/leg_detector/share/leg_detector/rosbag/training_scans_res=0.33
[0.178s] -- Up-to-date: /home/hhd/legdet_ws/install/leg_detector/share/leg_detector/rosbag/training_scans_res=0.33/negative_2.bag
[0.178s] -- Up-to-date: /home/hhd/legdet_ws/install/leg_detector/share/leg_detector/rosbag/training_scans_res=0.33/positive_6_extracted.bag
[0.178s] -- Up-to-date: /home/hhd/legdet_ws/install/leg_detector/share/leg_detector/rosbag/training_scans_res=0.33/positive_4_extracted.bag
[0.178s] -- Up-to-date: /home/hhd/legdet_ws/install/leg_detector/share/leg_detector/rosbag/training_scans_res=0.33/negative_3.bag
[0.178s] -- Up-to-date: /home/hhd/legdet_ws/install/leg_detector/share/leg_detector/rosbag/training_scans_res=0.33/negative_1.bag
[0.179s] -- Up-to-date: /home/hhd/legdet_ws/install/leg_detector/share/leg_detector/rosbag/training_scans_res=0.33/positive_7_extracted.bag
[0.179s] -- Up-to-date: /home/hhd/legdet_ws/install/leg_detector/share/leg_detector/rosbag/training_scans_res=0.33/positive_not_extracted
[0.179s] -- Up-to-date: /home/hhd/legdet_ws/install/leg_detector/share/leg_detector/rosbag/training_scans_res=0.33/positive_not_extracted/positive_7.bag
[0.179s] -- Up-to-date: /home/hhd/legdet_ws/install/leg_detector/share/leg_detector/rosbag/training_scans_res=0.33/positive_not_extracted/positive_6.bag
[0.179s] -- Up-to-date: /home/hhd/legdet_ws/install/leg_detector/share/leg_detector/rosbag/training_scans_res=0.33/positive_not_extracted/positive_4.bag
[0.179s] -- Up-to-date: /home/hhd/legdet_ws/install/leg_detector/share/leg_detector/rosbag/training_scans_res=0.33/positive_not_extracted/positive_3.bag
[0.180s] -- Up-to-date: /home/hhd/legdet_ws/install/leg_detector/share/leg_detector/rosbag/training_scans_res=0.33/positive_not_extracted/positive_2.bag
[0.180s] -- Up-to-date: /home/hhd/legdet_ws/install/leg_detector/share/leg_detector/rosbag/training_scans_res=0.33/positive_not_extracted/positive_1.bag
[0.180s] -- Up-to-date: /home/hhd/legdet_ws/install/leg_detector/share/leg_detector/rosbag/training_scans_res=0.33/positive_not_extracted/positive_5.bag
[0.180s] -- Up-to-date: /home/hhd/legdet_ws/install/leg_detector/share/leg_detector/rosbag/training_scans_res=0.33/positive_3_extracted.bag
[0.181s] -- Up-to-date: /home/hhd/legdet_ws/install/leg_detector/share/leg_detector/rosbag/training_scans_res=0.33/positive_2_extracted.bag
[0.181s] -- Up-to-date: /home/hhd/legdet_ws/install/leg_detector/share/leg_detector/rosbag/training_scans_res=0.33/negative_9.bag
[0.181s] -- Up-to-date: /home/hhd/legdet_ws/install/leg_detector/share/leg_detector/rosbag/training_scans_res=0.33/negative_4.bag
[0.182s] -- Up-to-date: /home/hhd/legdet_ws/install/leg_detector/share/leg_detector/rosbag/training_scans_res=0.33/positive_1_extracted.bag
[0.182s] -- Up-to-date: /home/hhd/legdet_ws/install/leg_detector/share/leg_detector/config
[0.182s] -- Up-to-date: /home/hhd/legdet_ws/install/leg_detector/share/leg_detector/config/trained_leg_detector_res=0.33.yaml
[0.183s] -- Installing: /home/hhd/legdet_ws/install/leg_detector/lib/leg_detector/joint_leg_tracker.py
[0.183s] -- Up-to-date: /home/hhd/legdet_ws/install/leg_detector/share/ament_index/resource_index/package_run_dependencies/leg_detector
[0.183s] -- Up-to-date: /home/hhd/legdet_ws/install/leg_detector/share/ament_index/resource_index/parent_prefix_path/leg_detector
[0.183s] -- Up-to-date: /home/hhd/legdet_ws/install/leg_detector/share/leg_detector/environment/ament_prefix_path.sh
[0.183s] -- Up-to-date: /home/hhd/legdet_ws/install/leg_detector/share/leg_detector/environment/ament_prefix_path.dsv
[0.183s] -- Up-to-date: /home/hhd/legdet_ws/install/leg_detector/share/leg_detector/environment/path.sh
[0.183s] -- Up-to-date: /home/hhd/legdet_ws/install/leg_detector/share/leg_detector/environment/path.dsv
[0.184s] -- Up-to-date: /home/hhd/legdet_ws/install/leg_detector/share/leg_detector/local_setup.bash
[0.184s] -- Up-to-date: /home/hhd/legdet_ws/install/leg_detector/share/leg_detector/local_setup.sh
[0.184s] -- Up-to-date: /home/hhd/legdet_ws/install/leg_detector/share/leg_detector/local_setup.zsh
[0.184s] -- Up-to-date: /home/hhd/legdet_ws/install/leg_detector/share/leg_detector/local_setup.dsv
[0.184s] -- Installing: /home/hhd/legdet_ws/install/leg_detector/share/leg_detector/package.dsv
[0.184s] -- Up-to-date: /home/hhd/legdet_ws/install/leg_detector/share/ament_index/resource_index/packages/leg_detector
[0.184s] -- Up-to-date: /home/hhd/legdet_ws/install/leg_detector/share/leg_detector/cmake/leg_detectorConfig.cmake
[0.184s] -- Up-to-date: /home/hhd/legdet_ws/install/leg_detector/share/leg_detector/cmake/leg_detectorConfig-version.cmake
[0.184s] -- Up-to-date: /home/hhd/legdet_ws/install/leg_detector/share/leg_detector/package.xml
[0.185s] Invoked command in '/home/hhd/legdet_ws/build/leg_detector' returned '0': CMAKE_PREFIX_PATH=/home/hhd/legdet_ws/install/leg_detector_msgs:/home/hhd/legdet_ws/install/people_msgs:/home/hhd/legdet_ws/install/leg_detector:/home/hhd/drl_ros2/turtlebot3_drlnav/install/turtlebot3_simulations:/home/hhd/drl_ros2/turtlebot3_drlnav/install/turtlebot3_fake_node:/home/hhd/drl_ros2/turtlebot3_drlnav/install/turtlebot3_msgs:/home/hhd/drl_ros2/turtlebot3_drlnav/install/turtlebot3_gazebo:/home/hhd/.ros2_ws/install/slam_gmapping:/home/hhd/.ros2_ws/install/openslam_gmapping:/home/hhd/drl_ros2/turtlebot3_drlnav/install/turtlebot3_drl:/home/hhd/.ros2_ws/install/qr_track_alvar:/opt/ros/galactic CONDA_PROMPT_MODIFIER=(peopleros2) LD_LIBRARY_PATH=/home/hhd/legdet_ws/install/leg_detector_msgs/lib:/home/hhd/legdet_ws/install/people_msgs/lib:/home/hhd/drl_ros2/turtlebot3_drlnav/install/turtlebot3_msgs/lib:/home/hhd/.ros2_ws/install/openslam_gmapping/lib:/usr/lib/x86_64-linux-gnu/gazebo-11/plugins:/opt/ros/galactic/opt/yaml_cpp_vendor/lib:/opt/ros/galactic/opt/rviz_ogre_vendor/lib:/opt/ros/galactic/lib/x86_64-linux-gnu:/opt/ros/galactic/lib PYTHONPATH=/home/hhd/legdet_ws/install/leg_detector_msgs/lib/python3.8/site-packages:/home/hhd/legdet_ws/install/people_msgs/lib/python3.8/site-packages:/home/hhd/drl_ros2/turtlebot3_drlnav/install/turtlebot3_msgs/lib/python3.8/site-packages:/home/hhd/drl_ros2/turtlebot3_drlnav/install/turtlebot3_drl/lib/python3.8/site-packages:/home/hhd/.ros2_ws/install/qr_track_alvar/lib/python3.8/site-packages:/opt/ros/galactic/lib/python3.8/site-packages /usr/bin/cmake --install /home/hhd/legdet_ws/build/leg_detector
