[0.016s] Invoking command in '/home/hhd/legdet_ws/build/leg_detector_msgs': CMAKE_PREFIX_PATH=${CMAKE_PREFIX_PATH}:/home/hhd/drl_ros2/turtlebot3_drlnav/install/turtlebot3_drl:/home/hhd/.ros2_ws/install/qr_track_alvar:/opt/ros/galactic CONDA_PROMPT_MODIFIER=(peopleros2) /usr/bin/cmake --build /home/hhd/legdet_ws/build/leg_detector_msgs -- -j12 -l12
[0.082s] [  1%] Built target leg_detector_msgs__cpp
[0.083s] [ 12%] Built target leg_detector_msgs__rosidl_generator_c
[0.110s] [ 23%] Built target leg_detector_msgs__rosidl_typesupport_cpp
[0.120s] [ 34%] Built target leg_detector_msgs__rosidl_typesupport_introspection_cpp
[0.122s] [ 45%] Built target leg_detector_msgs__rosidl_typesupport_fastrtps_cpp
[0.135s] [ 56%] Built target leg_detector_msgs__rosidl_typesupport_c
[0.141s] [ 67%] Built target leg_detector_msgs__rosidl_typesupport_introspection_c
[0.167s] [ 78%] Built target leg_detector_msgs__rosidl_typesupport_fastrtps_c
[0.200s] [ 78%] Built target leg_detector_msgs
[0.232s] [ 80%] Built target leg_detector_msgs__py
[0.288s] [ 89%] Built target leg_detector_msgs__python
[0.322s] [ 92%] Built target leg_detector_msgs__rosidl_typesupport_c__pyext
[0.327s] [ 96%] Built target leg_detector_msgs__rosidl_typesupport_fastrtps_c__pyext
[0.329s] [100%] Built target leg_detector_msgs__rosidl_typesupport_introspection_c__pyext
[0.346s] Invoked command in '/home/hhd/legdet_ws/build/leg_detector_msgs' returned '0': CMAKE_PREFIX_PATH=${CMAKE_PREFIX_PATH}:/home/hhd/drl_ros2/turtlebot3_drlnav/install/turtlebot3_drl:/home/hhd/.ros2_ws/install/qr_track_alvar:/opt/ros/galactic CONDA_PROMPT_MODIFIER=(peopleros2) /usr/bin/cmake --build /home/hhd/legdet_ws/build/leg_detector_msgs -- -j12 -l12
[0.461s] Invoking command in '/home/hhd/legdet_ws/build/leg_detector_msgs': CMAKE_PREFIX_PATH=${CMAKE_PREFIX_PATH}:/home/hhd/drl_ros2/turtlebot3_drlnav/install/turtlebot3_drl:/home/hhd/.ros2_ws/install/qr_track_alvar:/opt/ros/galactic CONDA_PROMPT_MODIFIER=(peopleros2) /usr/bin/cmake --install /home/hhd/legdet_ws/build/leg_detector_msgs
[0.476s] -- Install configuration: ""
[0.476s] -- Up-to-date: /home/hhd/legdet_ws/install/leg_detector_msgs/share/ament_index/resource_index/rosidl_interfaces/leg_detector_msgs
[0.476s] -- Up-to-date: /home/hhd/legdet_ws/install/leg_detector_msgs/include/leg_detector_msgs
[0.477s] -- Up-to-date: /home/hhd/legdet_ws/install/leg_detector_msgs/include/leg_detector_msgs/msg
[0.477s] -- Up-to-date: /home/hhd/legdet_ws/install/leg_detector_msgs/include/leg_detector_msgs/msg/leg.h
[0.477s] -- Up-to-date: /home/hhd/legdet_ws/install/leg_detector_msgs/include/leg_detector_msgs/msg/rosidl_generator_c__visibility_control.h
[0.477s] -- Up-to-date: /home/hhd/legdet_ws/install/leg_detector_msgs/include/leg_detector_msgs/msg/detail
[0.478s] -- Up-to-date: /home/hhd/legdet_ws/install/leg_detector_msgs/include/leg_detector_msgs/msg/detail/leg_array__functions.c
[0.478s] -- Up-to-date: /home/hhd/legdet_ws/install/leg_detector_msgs/include/leg_detector_msgs/msg/detail/person_array__type_support.h
[0.478s] -- Up-to-date: /home/hhd/legdet_ws/install/leg_detector_msgs/include/leg_detector_msgs/msg/detail/person__functions.h
[0.479s] -- Up-to-date: /home/hhd/legdet_ws/install/leg_detector_msgs/include/leg_detector_msgs/msg/detail/person_array__functions.c
[0.479s] -- Up-to-date: /home/hhd/legdet_ws/install/leg_detector_msgs/include/leg_detector_msgs/msg/detail/leg_array__struct.h
[0.479s] -- Up-to-date: /home/hhd/legdet_ws/install/leg_detector_msgs/include/leg_detector_msgs/msg/detail/person__functions.c
[0.479s] -- Up-to-date: /home/hhd/legdet_ws/install/leg_detector_msgs/include/leg_detector_msgs/msg/detail/person__struct.h
[0.479s] -- Up-to-date: /home/hhd/legdet_ws/install/leg_detector_msgs/include/leg_detector_msgs/msg/detail/person_array__struct.h
[0.480s] -- Up-to-date: /home/hhd/legdet_ws/install/leg_detector_msgs/include/leg_detector_msgs/msg/detail/leg__struct.h
[0.480s] -- Up-to-date: /home/hhd/legdet_ws/install/leg_detector_msgs/include/leg_detector_msgs/msg/detail/leg_array__functions.h
[0.480s] -- Up-to-date: /home/hhd/legdet_ws/install/leg_detector_msgs/include/leg_detector_msgs/msg/detail/leg_array__type_support.h
[0.480s] -- Up-to-date: /home/hhd/legdet_ws/install/leg_detector_msgs/include/leg_detector_msgs/msg/detail/person__type_support.h
[0.480s] -- Up-to-date: /home/hhd/legdet_ws/install/leg_detector_msgs/include/leg_detector_msgs/msg/detail/person_array__functions.h
[0.480s] -- Up-to-date: /home/hhd/legdet_ws/install/leg_detector_msgs/include/leg_detector_msgs/msg/detail/leg__functions.c
[0.481s] -- Up-to-date: /home/hhd/legdet_ws/install/leg_detector_msgs/include/leg_detector_msgs/msg/detail/leg__functions.h
[0.481s] -- Up-to-date: /home/hhd/legdet_ws/install/leg_detector_msgs/include/leg_detector_msgs/msg/detail/leg__type_support.h
[0.481s] -- Up-to-date: /home/hhd/legdet_ws/install/leg_detector_msgs/include/leg_detector_msgs/msg/person.h
[0.481s] -- Up-to-date: /home/hhd/legdet_ws/install/leg_detector_msgs/include/leg_detector_msgs/msg/person_array.h
[0.481s] -- Up-to-date: /home/hhd/legdet_ws/install/leg_detector_msgs/include/leg_detector_msgs/msg/leg_array.h
[0.481s] -- Up-to-date: /home/hhd/legdet_ws/install/leg_detector_msgs/share/leg_detector_msgs/environment/library_path.sh
[0.482s] -- Up-to-date: /home/hhd/legdet_ws/install/leg_detector_msgs/share/leg_detector_msgs/environment/library_path.dsv
[0.482s] -- Up-to-date: /home/hhd/legdet_ws/install/leg_detector_msgs/lib/libleg_detector_msgs__rosidl_generator_c.so
[0.482s] -- Up-to-date: /home/hhd/legdet_ws/install/leg_detector_msgs/include/leg_detector_msgs
[0.482s] -- Up-to-date: /home/hhd/legdet_ws/install/leg_detector_msgs/include/leg_detector_msgs/msg
[0.482s] -- Up-to-date: /home/hhd/legdet_ws/install/leg_detector_msgs/include/leg_detector_msgs/msg/rosidl_typesupport_fastrtps_c__visibility_control.h
[0.483s] -- Up-to-date: /home/hhd/legdet_ws/install/leg_detector_msgs/include/leg_detector_msgs/msg/detail
[0.483s] -- Up-to-date: /home/hhd/legdet_ws/install/leg_detector_msgs/include/leg_detector_msgs/msg/detail/leg__rosidl_typesupport_fastrtps_c.h
[0.483s] -- Up-to-date: /home/hhd/legdet_ws/install/leg_detector_msgs/include/leg_detector_msgs/msg/detail/leg_array__rosidl_typesupport_fastrtps_c.h
[0.483s] -- Up-to-date: /home/hhd/legdet_ws/install/leg_detector_msgs/include/leg_detector_msgs/msg/detail/person__rosidl_typesupport_fastrtps_c.h
[0.483s] -- Up-to-date: /home/hhd/legdet_ws/install/leg_detector_msgs/include/leg_detector_msgs/msg/detail/person_array__rosidl_typesupport_fastrtps_c.h
[0.484s] -- Up-to-date: /home/hhd/legdet_ws/install/leg_detector_msgs/lib/libleg_detector_msgs__rosidl_typesupport_fastrtps_c.so
[0.484s] -- Up-to-date: /home/hhd/legdet_ws/install/leg_detector_msgs/include/leg_detector_msgs
[0.484s] -- Up-to-date: /home/hhd/legdet_ws/install/leg_detector_msgs/include/leg_detector_msgs/msg
[0.484s] -- Up-to-date: /home/hhd/legdet_ws/install/leg_detector_msgs/include/leg_detector_msgs/msg/rosidl_typesupport_fastrtps_cpp__visibility_control.h
[0.484s] -- Up-to-date: /home/hhd/legdet_ws/install/leg_detector_msgs/include/leg_detector_msgs/msg/detail
[0.484s] -- Up-to-date: /home/hhd/legdet_ws/install/leg_detector_msgs/include/leg_detector_msgs/msg/detail/person__rosidl_typesupport_fastrtps_cpp.hpp
[0.485s] -- Up-to-date: /home/hhd/legdet_ws/install/leg_detector_msgs/include/leg_detector_msgs/msg/detail/dds_fastrtps
[0.485s] -- Up-to-date: /home/hhd/legdet_ws/install/leg_detector_msgs/include/leg_detector_msgs/msg/detail/leg_array__rosidl_typesupport_fastrtps_cpp.hpp
[0.485s] -- Up-to-date: /home/hhd/legdet_ws/install/leg_detector_msgs/include/leg_detector_msgs/msg/detail/person_array__rosidl_typesupport_fastrtps_cpp.hpp
[0.485s] -- Up-to-date: /home/hhd/legdet_ws/install/leg_detector_msgs/include/leg_detector_msgs/msg/detail/leg__rosidl_typesupport_fastrtps_cpp.hpp
[0.485s] -- Up-to-date: /home/hhd/legdet_ws/install/leg_detector_msgs/lib/libleg_detector_msgs__rosidl_typesupport_fastrtps_cpp.so
[0.485s] -- Up-to-date: /home/hhd/legdet_ws/install/leg_detector_msgs/include/leg_detector_msgs
[0.486s] -- Up-to-date: /home/hhd/legdet_ws/install/leg_detector_msgs/include/leg_detector_msgs/msg
[0.486s] -- Up-to-date: /home/hhd/legdet_ws/install/leg_detector_msgs/include/leg_detector_msgs/msg/rosidl_typesupport_introspection_c__visibility_control.h
[0.486s] -- Up-to-date: /home/hhd/legdet_ws/install/leg_detector_msgs/include/leg_detector_msgs/msg/detail
[0.486s] -- Up-to-date: /home/hhd/legdet_ws/install/leg_detector_msgs/include/leg_detector_msgs/msg/detail/person_array__rosidl_typesupport_introspection_c.h
[0.486s] -- Up-to-date: /home/hhd/legdet_ws/install/leg_detector_msgs/include/leg_detector_msgs/msg/detail/person__type_support.c
[0.486s] -- Up-to-date: /home/hhd/legdet_ws/install/leg_detector_msgs/include/leg_detector_msgs/msg/detail/person__rosidl_typesupport_introspection_c.h
[0.486s] -- Up-to-date: /home/hhd/legdet_ws/install/leg_detector_msgs/include/leg_detector_msgs/msg/detail/person_array__type_support.c
[0.487s] -- Up-to-date: /home/hhd/legdet_ws/install/leg_detector_msgs/include/leg_detector_msgs/msg/detail/leg__type_support.c
[0.487s] -- Up-to-date: /home/hhd/legdet_ws/install/leg_detector_msgs/include/leg_detector_msgs/msg/detail/leg_array__type_support.c
[0.487s] -- Up-to-date: /home/hhd/legdet_ws/install/leg_detector_msgs/include/leg_detector_msgs/msg/detail/leg__rosidl_typesupport_introspection_c.h
[0.487s] -- Up-to-date: /home/hhd/legdet_ws/install/leg_detector_msgs/include/leg_detector_msgs/msg/detail/leg_array__rosidl_typesupport_introspection_c.h
[0.487s] -- Up-to-date: /home/hhd/legdet_ws/install/leg_detector_msgs/lib/libleg_detector_msgs__rosidl_typesupport_introspection_c.so
[0.487s] -- Up-to-date: /home/hhd/legdet_ws/install/leg_detector_msgs/lib/libleg_detector_msgs__rosidl_typesupport_c.so
[0.487s] -- Up-to-date: /home/hhd/legdet_ws/install/leg_detector_msgs/include/leg_detector_msgs
[0.487s] -- Up-to-date: /home/hhd/legdet_ws/install/leg_detector_msgs/include/leg_detector_msgs/msg
[0.487s] -- Up-to-date: /home/hhd/legdet_ws/install/leg_detector_msgs/include/leg_detector_msgs/msg/leg_array.hpp
[0.487s] -- Up-to-date: /home/hhd/legdet_ws/install/leg_detector_msgs/include/leg_detector_msgs/msg/leg.hpp
[0.487s] -- Up-to-date: /home/hhd/legdet_ws/install/leg_detector_msgs/include/leg_detector_msgs/msg/person_array.hpp
[0.487s] -- Up-to-date: /home/hhd/legdet_ws/install/leg_detector_msgs/include/leg_detector_msgs/msg/detail
[0.487s] -- Up-to-date: /home/hhd/legdet_ws/install/leg_detector_msgs/include/leg_detector_msgs/msg/detail/person_array__struct.hpp
[0.488s] -- Up-to-date: /home/hhd/legdet_ws/install/leg_detector_msgs/include/leg_detector_msgs/msg/detail/person__builder.hpp
[0.488s] -- Up-to-date: /home/hhd/legdet_ws/install/leg_detector_msgs/include/leg_detector_msgs/msg/detail/person__traits.hpp
[0.488s] -- Up-to-date: /home/hhd/legdet_ws/install/leg_detector_msgs/include/leg_detector_msgs/msg/detail/leg__traits.hpp
[0.488s] -- Up-to-date: /home/hhd/legdet_ws/install/leg_detector_msgs/include/leg_detector_msgs/msg/detail/person__struct.hpp
[0.488s] -- Up-to-date: /home/hhd/legdet_ws/install/leg_detector_msgs/include/leg_detector_msgs/msg/detail/leg__builder.hpp
[0.488s] -- Up-to-date: /home/hhd/legdet_ws/install/leg_detector_msgs/include/leg_detector_msgs/msg/detail/person_array__builder.hpp
[0.488s] -- Up-to-date: /home/hhd/legdet_ws/install/leg_detector_msgs/include/leg_detector_msgs/msg/detail/leg__struct.hpp
[0.488s] -- Up-to-date: /home/hhd/legdet_ws/install/leg_detector_msgs/include/leg_detector_msgs/msg/detail/person_array__traits.hpp
[0.488s] -- Up-to-date: /home/hhd/legdet_ws/install/leg_detector_msgs/include/leg_detector_msgs/msg/detail/leg_array__traits.hpp
[0.488s] -- Up-to-date: /home/hhd/legdet_ws/install/leg_detector_msgs/include/leg_detector_msgs/msg/detail/leg_array__builder.hpp
[0.488s] -- Up-to-date: /home/hhd/legdet_ws/install/leg_detector_msgs/include/leg_detector_msgs/msg/detail/leg_array__struct.hpp
[0.488s] -- Up-to-date: /home/hhd/legdet_ws/install/leg_detector_msgs/include/leg_detector_msgs/msg/person.hpp
[0.488s] -- Up-to-date: /home/hhd/legdet_ws/install/leg_detector_msgs/include/leg_detector_msgs
[0.488s] -- Up-to-date: /home/hhd/legdet_ws/install/leg_detector_msgs/include/leg_detector_msgs/msg
[0.489s] -- Up-to-date: /home/hhd/legdet_ws/install/leg_detector_msgs/include/leg_detector_msgs/msg/detail
[0.489s] -- Up-to-date: /home/hhd/legdet_ws/install/leg_detector_msgs/include/leg_detector_msgs/msg/detail/leg_array__rosidl_typesupport_introspection_cpp.hpp
[0.489s] -- Up-to-date: /home/hhd/legdet_ws/install/leg_detector_msgs/include/leg_detector_msgs/msg/detail/leg__type_support.cpp
[0.489s] -- Up-to-date: /home/hhd/legdet_ws/install/leg_detector_msgs/include/leg_detector_msgs/msg/detail/person__type_support.cpp
[0.489s] -- Up-to-date: /home/hhd/legdet_ws/install/leg_detector_msgs/include/leg_detector_msgs/msg/detail/person_array__type_support.cpp
[0.489s] -- Up-to-date: /home/hhd/legdet_ws/install/leg_detector_msgs/include/leg_detector_msgs/msg/detail/leg_array__type_support.cpp
[0.489s] -- Up-to-date: /home/hhd/legdet_ws/install/leg_detector_msgs/include/leg_detector_msgs/msg/detail/person__rosidl_typesupport_introspection_cpp.hpp
[0.489s] -- Up-to-date: /home/hhd/legdet_ws/install/leg_detector_msgs/include/leg_detector_msgs/msg/detail/person_array__rosidl_typesupport_introspection_cpp.hpp
[0.489s] -- Up-to-date: /home/hhd/legdet_ws/install/leg_detector_msgs/include/leg_detector_msgs/msg/detail/leg__rosidl_typesupport_introspection_cpp.hpp
[0.489s] -- Up-to-date: /home/hhd/legdet_ws/install/leg_detector_msgs/lib/libleg_detector_msgs__rosidl_typesupport_introspection_cpp.so
[0.489s] -- Up-to-date: /home/hhd/legdet_ws/install/leg_detector_msgs/lib/libleg_detector_msgs__rosidl_typesupport_cpp.so
[0.489s] -- Up-to-date: /home/hhd/legdet_ws/install/leg_detector_msgs/share/leg_detector_msgs/environment/pythonpath.sh
[0.489s] -- Up-to-date: /home/hhd/legdet_ws/install/leg_detector_msgs/share/leg_detector_msgs/environment/pythonpath.dsv
[0.490s] -- Up-to-date: /home/hhd/legdet_ws/install/leg_detector_msgs/lib/python3.8/site-packages/leg_detector_msgs/__init__.py
[0.513s] -- Up-to-date: /home/hhd/legdet_ws/install/leg_detector_msgs/lib/python3.8/site-packages/leg_detector_msgs/msg
[0.513s] -- Up-to-date: /home/hhd/legdet_ws/install/leg_detector_msgs/lib/python3.8/site-packages/leg_detector_msgs/msg/_leg.py
[0.513s] -- Up-to-date: /home/hhd/legdet_ws/install/leg_detector_msgs/lib/python3.8/site-packages/leg_detector_msgs/msg/_leg_s.c
[0.513s] -- Up-to-date: /home/hhd/legdet_ws/install/leg_detector_msgs/lib/python3.8/site-packages/leg_detector_msgs/msg/_leg_array.py
[0.514s] -- Up-to-date: /home/hhd/legdet_ws/install/leg_detector_msgs/lib/python3.8/site-packages/leg_detector_msgs/msg/_person_s.c
[0.514s] -- Up-to-date: /home/hhd/legdet_ws/install/leg_detector_msgs/lib/python3.8/site-packages/leg_detector_msgs/msg/_person_array_s.c
[0.514s] -- Up-to-date: /home/hhd/legdet_ws/install/leg_detector_msgs/lib/python3.8/site-packages/leg_detector_msgs/msg/_person_array.py
[0.514s] -- Up-to-date: /home/hhd/legdet_ws/install/leg_detector_msgs/lib/python3.8/site-packages/leg_detector_msgs/msg/_leg_array_s.c
[0.514s] -- Up-to-date: /home/hhd/legdet_ws/install/leg_detector_msgs/lib/python3.8/site-packages/leg_detector_msgs/msg/__init__.py
[0.515s] -- Up-to-date: /home/hhd/legdet_ws/install/leg_detector_msgs/lib/python3.8/site-packages/leg_detector_msgs/msg/_person.py
[0.515s] -- Up-to-date: /home/hhd/legdet_ws/install/leg_detector_msgs/lib/python3.8/site-packages/leg_detector_msgs/leg_detector_msgs_s__rosidl_typesupport_fastrtps_c.cpython-38-x86_64-linux-gnu.so
[0.515s] -- Up-to-date: /home/hhd/legdet_ws/install/leg_detector_msgs/lib/python3.8/site-packages/leg_detector_msgs/leg_detector_msgs_s__rosidl_typesupport_introspection_c.cpython-38-x86_64-linux-gnu.so
[0.515s] -- Up-to-date: /home/hhd/legdet_ws/install/leg_detector_msgs/lib/python3.8/site-packages/leg_detector_msgs/leg_detector_msgs_s__rosidl_typesupport_c.cpython-38-x86_64-linux-gnu.so
[0.516s] -- Up-to-date: /home/hhd/legdet_ws/install/leg_detector_msgs/lib/libleg_detector_msgs__python.so
[0.516s] -- Up-to-date: /home/hhd/legdet_ws/install/leg_detector_msgs/share/leg_detector_msgs/msg/Leg.idl
[0.516s] -- Up-to-date: /home/hhd/legdet_ws/install/leg_detector_msgs/share/leg_detector_msgs/msg/LegArray.idl
[0.516s] -- Up-to-date: /home/hhd/legdet_ws/install/leg_detector_msgs/share/leg_detector_msgs/msg/Person.idl
[0.516s] -- Up-to-date: /home/hhd/legdet_ws/install/leg_detector_msgs/share/leg_detector_msgs/msg/PersonArray.idl
[0.516s] -- Up-to-date: /home/hhd/legdet_ws/install/leg_detector_msgs/share/leg_detector_msgs/msg/Leg.msg
[0.516s] -- Up-to-date: /home/hhd/legdet_ws/install/leg_detector_msgs/share/leg_detector_msgs/msg/LegArray.msg
[0.516s] -- Up-to-date: /home/hhd/legdet_ws/install/leg_detector_msgs/share/leg_detector_msgs/msg/Person.msg
[0.517s] -- Up-to-date: /home/hhd/legdet_ws/install/leg_detector_msgs/share/leg_detector_msgs/msg/PersonArray.msg
[0.517s] -- Up-to-date: /home/hhd/legdet_ws/install/leg_detector_msgs/share/ament_index/resource_index/package_run_dependencies/leg_detector_msgs
[0.517s] -- Up-to-date: /home/hhd/legdet_ws/install/leg_detector_msgs/share/ament_index/resource_index/parent_prefix_path/leg_detector_msgs
[0.517s] -- Up-to-date: /home/hhd/legdet_ws/install/leg_detector_msgs/share/leg_detector_msgs/environment/ament_prefix_path.sh
[0.517s] -- Up-to-date: /home/hhd/legdet_ws/install/leg_detector_msgs/share/leg_detector_msgs/environment/ament_prefix_path.dsv
[0.517s] -- Up-to-date: /home/hhd/legdet_ws/install/leg_detector_msgs/share/leg_detector_msgs/environment/path.sh
[0.517s] -- Up-to-date: /home/hhd/legdet_ws/install/leg_detector_msgs/share/leg_detector_msgs/environment/path.dsv
[0.517s] -- Up-to-date: /home/hhd/legdet_ws/install/leg_detector_msgs/share/leg_detector_msgs/local_setup.bash
[0.518s] -- Up-to-date: /home/hhd/legdet_ws/install/leg_detector_msgs/share/leg_detector_msgs/local_setup.sh
[0.518s] -- Up-to-date: /home/hhd/legdet_ws/install/leg_detector_msgs/share/leg_detector_msgs/local_setup.zsh
[0.518s] -- Up-to-date: /home/hhd/legdet_ws/install/leg_detector_msgs/share/leg_detector_msgs/local_setup.dsv
[0.518s] -- Installing: /home/hhd/legdet_ws/install/leg_detector_msgs/share/leg_detector_msgs/package.dsv
[0.518s] -- Up-to-date: /home/hhd/legdet_ws/install/leg_detector_msgs/share/ament_index/resource_index/packages/leg_detector_msgs
[0.518s] -- Up-to-date: /home/hhd/legdet_ws/install/leg_detector_msgs/share/leg_detector_msgs/cmake/leg_detector_msgs__rosidl_generator_cExport.cmake
[0.519s] -- Up-to-date: /home/hhd/legdet_ws/install/leg_detector_msgs/share/leg_detector_msgs/cmake/leg_detector_msgs__rosidl_generator_cExport-noconfig.cmake
[0.519s] -- Up-to-date: /home/hhd/legdet_ws/install/leg_detector_msgs/share/leg_detector_msgs/cmake/leg_detector_msgs__rosidl_typesupport_introspection_cExport.cmake
[0.519s] -- Up-to-date: /home/hhd/legdet_ws/install/leg_detector_msgs/share/leg_detector_msgs/cmake/leg_detector_msgs__rosidl_typesupport_introspection_cExport-noconfig.cmake
[0.519s] -- Up-to-date: /home/hhd/legdet_ws/install/leg_detector_msgs/share/leg_detector_msgs/cmake/leg_detector_msgs__rosidl_typesupport_cExport.cmake
[0.519s] -- Up-to-date: /home/hhd/legdet_ws/install/leg_detector_msgs/share/leg_detector_msgs/cmake/leg_detector_msgs__rosidl_typesupport_cExport-noconfig.cmake
[0.520s] -- Up-to-date: /home/hhd/legdet_ws/install/leg_detector_msgs/share/leg_detector_msgs/cmake/leg_detector_msgs__rosidl_generator_cppExport.cmake
[0.520s] -- Up-to-date: /home/hhd/legdet_ws/install/leg_detector_msgs/share/leg_detector_msgs/cmake/leg_detector_msgs__rosidl_typesupport_introspection_cppExport.cmake
[0.520s] -- Up-to-date: /home/hhd/legdet_ws/install/leg_detector_msgs/share/leg_detector_msgs/cmake/leg_detector_msgs__rosidl_typesupport_introspection_cppExport-noconfig.cmake
[0.520s] -- Up-to-date: /home/hhd/legdet_ws/install/leg_detector_msgs/share/leg_detector_msgs/cmake/leg_detector_msgs__rosidl_typesupport_cppExport.cmake
[0.520s] -- Up-to-date: /home/hhd/legdet_ws/install/leg_detector_msgs/share/leg_detector_msgs/cmake/leg_detector_msgs__rosidl_typesupport_cppExport-noconfig.cmake
[0.520s] -- Up-to-date: /home/hhd/legdet_ws/install/leg_detector_msgs/share/leg_detector_msgs/cmake/rosidl_cmake-extras.cmake
[0.520s] -- Up-to-date: /home/hhd/legdet_ws/install/leg_detector_msgs/share/leg_detector_msgs/cmake/ament_cmake_export_dependencies-extras.cmake
[0.520s] -- Up-to-date: /home/hhd/legdet_ws/install/leg_detector_msgs/share/leg_detector_msgs/cmake/ament_cmake_export_libraries-extras.cmake
[0.521s] -- Up-to-date: /home/hhd/legdet_ws/install/leg_detector_msgs/share/leg_detector_msgs/cmake/ament_cmake_export_targets-extras.cmake
[0.521s] -- Up-to-date: /home/hhd/legdet_ws/install/leg_detector_msgs/share/leg_detector_msgs/cmake/ament_cmake_export_include_directories-extras.cmake
[0.521s] -- Up-to-date: /home/hhd/legdet_ws/install/leg_detector_msgs/share/leg_detector_msgs/cmake/rosidl_cmake_export_typesupport_libraries-extras.cmake
[0.521s] -- Up-to-date: /home/hhd/legdet_ws/install/leg_detector_msgs/share/leg_detector_msgs/cmake/rosidl_cmake_export_typesupport_targets-extras.cmake
[0.522s] -- Up-to-date: /home/hhd/legdet_ws/install/leg_detector_msgs/share/leg_detector_msgs/cmake/leg_detector_msgsConfig.cmake
[0.522s] -- Up-to-date: /home/hhd/legdet_ws/install/leg_detector_msgs/share/leg_detector_msgs/cmake/leg_detector_msgsConfig-version.cmake
[0.522s] -- Up-to-date: /home/hhd/legdet_ws/install/leg_detector_msgs/share/leg_detector_msgs/package.xml
[0.522s] Invoked command in '/home/hhd/legdet_ws/build/leg_detector_msgs' returned '0': CMAKE_PREFIX_PATH=${CMAKE_PREFIX_PATH}:/home/hhd/drl_ros2/turtlebot3_drlnav/install/turtlebot3_drl:/home/hhd/.ros2_ws/install/qr_track_alvar:/opt/ros/galactic CONDA_PROMPT_MODIFIER=(peopleros2) /usr/bin/cmake --install /home/hhd/legdet_ws/build/leg_detector_msgs
