[0.266s] DEBUG:colcon:Command line arguments: ['/usr/bin/colcon', 'build']
[0.267s] DEBUG:colcon:Parsed command line arguments: Namespace(allow_overriding=[], ament_cmake_args=None, base_paths=['.'], build_base='build', catkin_cmake_args=None, catkin_skip_building_tests=False, cmake_args=None, cmake_clean_cache=False, cmake_clean_first=False, cmake_force_configure=False, cmake_target=None, cmake_target_skip_unavailable=False, continue_on_error=False, event_handlers=None, executor='parallel', ignore_user_meta=False, install_base='install', log_base=None, log_level=None, main=<bound method BuildVerb.main of <colcon_core.verb.build.BuildVerb object at 0x7f9abc6e1880>>, merge_install=False, metas=['./colcon.meta'], packages_above=None, packages_above_and_dependencies=None, packages_above_depth=None, packages_end=None, packages_ignore=None, packages_ignore_regex=None, packages_select=None, packages_select_build_failed=False, packages_select_by_dep=None, packages_select_regex=None, packages_select_test_failures=False, packages_skip=None, packages_skip_build_finished=False, packages_skip_by_dep=None, packages_skip_regex=None, packages_skip_test_passed=False, packages_skip_up_to=None, packages_start=None, packages_up_to=None, packages_up_to_regex=None, parallel_workers=12, paths=None, symlink_install=False, test_result_base=None, verb_extension=<colcon_core.verb.build.BuildVerb object at 0x7f9abc6e1880>, verb_name='build', verb_parser=<colcon_defaults.argument_parser.defaults.DefaultArgumentsDecorator object at 0x7f9abc54e340>)
[0.497s] Level 1:colcon.colcon_core.package_discovery:discover_packages(colcon_meta) check parameters
[0.497s] Level 1:colcon.colcon_core.package_discovery:discover_packages(recursive) check parameters
[0.497s] Level 1:colcon.colcon_core.package_discovery:discover_packages(ignore) check parameters
[0.497s] Level 1:colcon.colcon_core.package_discovery:discover_packages(path) check parameters
[0.497s] Level 1:colcon.colcon_core.package_discovery:discover_packages(colcon_meta) discover
[0.498s] Level 1:colcon.colcon_core.package_discovery:discover_packages(recursive) discover
[0.498s] INFO:colcon.colcon_core.package_discovery:Crawling recursively for packages in '/home/hhd/legdet_ws'
[0.498s] Level 1:colcon.colcon_core.package_identification:_identify(.) by extensions ['ignore', 'ignore_ament_install']
[0.498s] Level 1:colcon.colcon_core.package_identification:_identify(.) by extension 'ignore'
[0.498s] Level 1:colcon.colcon_core.package_identification:_identify(.) by extension 'ignore_ament_install'
[0.498s] Level 1:colcon.colcon_core.package_identification:_identify(.) by extensions ['colcon_pkg']
[0.498s] Level 1:colcon.colcon_core.package_identification:_identify(.) by extension 'colcon_pkg'
[0.498s] Level 1:colcon.colcon_core.package_identification:_identify(.) by extensions ['colcon_meta']
[0.498s] Level 1:colcon.colcon_core.package_identification:_identify(.) by extension 'colcon_meta'
[0.499s] Level 1:colcon.colcon_core.package_identification:_identify(.) by extensions ['ros']
[0.499s] Level 1:colcon.colcon_core.package_identification:_identify(.) by extension 'ros'
[0.514s] Level 1:colcon.colcon_core.package_identification:_identify(.) by extensions ['cmake', 'python']
[0.514s] Level 1:colcon.colcon_core.package_identification:_identify(.) by extension 'cmake'
[0.514s] Level 1:colcon.colcon_core.package_identification:_identify(.) by extension 'python'
[0.514s] Level 1:colcon.colcon_core.package_identification:_identify(.) by extensions ['python_setup_py']
[0.514s] Level 1:colcon.colcon_core.package_identification:_identify(.) by extension 'python_setup_py'
[0.514s] Level 1:colcon.colcon_core.package_identification:_identify(build) by extensions ['ignore', 'ignore_ament_install']
[0.515s] Level 1:colcon.colcon_core.package_identification:_identify(build) by extension 'ignore'
[0.515s] Level 1:colcon.colcon_core.package_identification:_identify(build) ignored
[0.515s] Level 1:colcon.colcon_core.package_identification:_identify(install) by extensions ['ignore', 'ignore_ament_install']
[0.515s] Level 1:colcon.colcon_core.package_identification:_identify(install) by extension 'ignore'
[0.515s] Level 1:colcon.colcon_core.package_identification:_identify(install) ignored
[0.515s] Level 1:colcon.colcon_core.package_identification:_identify(log) by extensions ['ignore', 'ignore_ament_install']
[0.515s] Level 1:colcon.colcon_core.package_identification:_identify(log) by extension 'ignore'
[0.515s] Level 1:colcon.colcon_core.package_identification:_identify(log) ignored
[0.515s] Level 1:colcon.colcon_core.package_identification:_identify(src) by extensions ['ignore', 'ignore_ament_install']
[0.515s] Level 1:colcon.colcon_core.package_identification:_identify(src) by extension 'ignore'
[0.516s] Level 1:colcon.colcon_core.package_identification:_identify(src) by extension 'ignore_ament_install'
[0.516s] Level 1:colcon.colcon_core.package_identification:_identify(src) by extensions ['colcon_pkg']
[0.516s] Level 1:colcon.colcon_core.package_identification:_identify(src) by extension 'colcon_pkg'
[0.516s] Level 1:colcon.colcon_core.package_identification:_identify(src) by extensions ['colcon_meta']
[0.516s] Level 1:colcon.colcon_core.package_identification:_identify(src) by extension 'colcon_meta'
[0.516s] Level 1:colcon.colcon_core.package_identification:_identify(src) by extensions ['ros']
[0.516s] Level 1:colcon.colcon_core.package_identification:_identify(src) by extension 'ros'
[0.516s] Level 1:colcon.colcon_core.package_identification:_identify(src) by extensions ['cmake', 'python']
[0.516s] Level 1:colcon.colcon_core.package_identification:_identify(src) by extension 'cmake'
[0.516s] Level 1:colcon.colcon_core.package_identification:_identify(src) by extension 'python'
[0.516s] Level 1:colcon.colcon_core.package_identification:_identify(src) by extensions ['python_setup_py']
[0.516s] Level 1:colcon.colcon_core.package_identification:_identify(src) by extension 'python_setup_py'
[0.516s] Level 1:colcon.colcon_core.package_identification:_identify(src/leg_detector) by extensions ['ignore', 'ignore_ament_install']
[0.516s] Level 1:colcon.colcon_core.package_identification:_identify(src/leg_detector) by extension 'ignore'
[0.516s] Level 1:colcon.colcon_core.package_identification:_identify(src/leg_detector) by extension 'ignore_ament_install'
[0.516s] Level 1:colcon.colcon_core.package_identification:_identify(src/leg_detector) by extensions ['colcon_pkg']
[0.517s] Level 1:colcon.colcon_core.package_identification:_identify(src/leg_detector) by extension 'colcon_pkg'
[0.517s] Level 1:colcon.colcon_core.package_identification:_identify(src/leg_detector) by extensions ['colcon_meta']
[0.517s] Level 1:colcon.colcon_core.package_identification:_identify(src/leg_detector) by extension 'colcon_meta'
[0.517s] Level 1:colcon.colcon_core.package_identification:_identify(src/leg_detector) by extensions ['ros']
[0.517s] Level 1:colcon.colcon_core.package_identification:_identify(src/leg_detector) by extension 'ros'
[0.521s] DEBUG:colcon.colcon_core.package_identification:Package 'src/leg_detector' with type 'ros.ament_cmake' and name 'leg_detector'
[0.521s] Level 1:colcon.colcon_core.package_identification:_identify(src/leg_detector_msgs) by extensions ['ignore', 'ignore_ament_install']
[0.521s] Level 1:colcon.colcon_core.package_identification:_identify(src/leg_detector_msgs) by extension 'ignore'
[0.521s] Level 1:colcon.colcon_core.package_identification:_identify(src/leg_detector_msgs) by extension 'ignore_ament_install'
[0.522s] Level 1:colcon.colcon_core.package_identification:_identify(src/leg_detector_msgs) by extensions ['colcon_pkg']
[0.522s] Level 1:colcon.colcon_core.package_identification:_identify(src/leg_detector_msgs) by extension 'colcon_pkg'
[0.522s] Level 1:colcon.colcon_core.package_identification:_identify(src/leg_detector_msgs) by extensions ['colcon_meta']
[0.522s] Level 1:colcon.colcon_core.package_identification:_identify(src/leg_detector_msgs) by extension 'colcon_meta'
[0.522s] Level 1:colcon.colcon_core.package_identification:_identify(src/leg_detector_msgs) by extensions ['ros']
[0.522s] Level 1:colcon.colcon_core.package_identification:_identify(src/leg_detector_msgs) by extension 'ros'
[0.522s] DEBUG:colcon.colcon_core.package_identification:Package 'src/leg_detector_msgs' with type 'ros.ament_cmake' and name 'leg_detector_msgs'
[0.522s] Level 1:colcon.colcon_core.package_discovery:discover_packages(recursive) using defaults
[0.523s] Level 1:colcon.colcon_core.package_discovery:discover_packages(ignore) discover
[0.523s] Level 1:colcon.colcon_core.package_discovery:discover_packages(ignore) using defaults
[0.523s] Level 1:colcon.colcon_core.package_discovery:discover_packages(path) discover
[0.523s] Level 1:colcon.colcon_core.package_discovery:discover_packages(path) using defaults
[0.544s] Level 1:colcon.colcon_core.package_discovery:discover_packages(prefix_path) check parameters
[0.544s] Level 1:colcon.colcon_core.package_discovery:discover_packages(prefix_path) discover
[0.546s] DEBUG:colcon.colcon_installed_package_information.package_discovery:Found 3 installed packages in /home/hhd/legdet_ws/install
[0.547s] DEBUG:colcon.colcon_installed_package_information.package_discovery:Found 5 installed packages in /home/hhd/drl_ros2/turtlebot3_drlnav/install
[0.547s] DEBUG:colcon.colcon_installed_package_information.package_discovery:Found 3 installed packages in /home/hhd/.ros2_ws/install
[0.549s] DEBUG:colcon.colcon_installed_package_information.package_discovery:Found 361 installed packages in /opt/ros/galactic
[0.554s] Level 1:colcon.colcon_core.package_discovery:discover_packages(prefix_path) using defaults
[0.676s] Level 5:colcon.colcon_core.verb:set package 'leg_detector_msgs' build argument 'cmake_args' from command line to 'None'
[0.676s] Level 5:colcon.colcon_core.verb:set package 'leg_detector_msgs' build argument 'cmake_target' from command line to 'None'
[0.676s] Level 5:colcon.colcon_core.verb:set package 'leg_detector_msgs' build argument 'cmake_target_skip_unavailable' from command line to 'False'
[0.676s] Level 5:colcon.colcon_core.verb:set package 'leg_detector_msgs' build argument 'cmake_clean_cache' from command line to 'False'
[0.676s] Level 5:colcon.colcon_core.verb:set package 'leg_detector_msgs' build argument 'cmake_clean_first' from command line to 'False'
[0.676s] Level 5:colcon.colcon_core.verb:set package 'leg_detector_msgs' build argument 'cmake_force_configure' from command line to 'False'
[0.676s] Level 5:colcon.colcon_core.verb:set package 'leg_detector_msgs' build argument 'ament_cmake_args' from command line to 'None'
[0.676s] Level 5:colcon.colcon_core.verb:set package 'leg_detector_msgs' build argument 'catkin_cmake_args' from command line to 'None'
[0.676s] Level 5:colcon.colcon_core.verb:set package 'leg_detector_msgs' build argument 'catkin_skip_building_tests' from command line to 'False'
[0.676s] DEBUG:colcon.colcon_core.verb:Building package 'leg_detector_msgs' with the following arguments: {'ament_cmake_args': None, 'build_base': '/home/hhd/legdet_ws/build/leg_detector_msgs', 'catkin_cmake_args': None, 'catkin_skip_building_tests': False, 'cmake_args': None, 'cmake_clean_cache': False, 'cmake_clean_first': False, 'cmake_force_configure': False, 'cmake_target': None, 'cmake_target_skip_unavailable': False, 'install_base': '/home/hhd/legdet_ws/install/leg_detector_msgs', 'merge_install': False, 'path': '/home/hhd/legdet_ws/src/leg_detector_msgs', 'symlink_install': False, 'test_result_base': None}
[0.676s] Level 5:colcon.colcon_core.verb:set package 'leg_detector' build argument 'cmake_args' from command line to 'None'
[0.677s] Level 5:colcon.colcon_core.verb:set package 'leg_detector' build argument 'cmake_target' from command line to 'None'
[0.677s] Level 5:colcon.colcon_core.verb:set package 'leg_detector' build argument 'cmake_target_skip_unavailable' from command line to 'False'
[0.677s] Level 5:colcon.colcon_core.verb:set package 'leg_detector' build argument 'cmake_clean_cache' from command line to 'False'
[0.677s] Level 5:colcon.colcon_core.verb:set package 'leg_detector' build argument 'cmake_clean_first' from command line to 'False'
[0.677s] Level 5:colcon.colcon_core.verb:set package 'leg_detector' build argument 'cmake_force_configure' from command line to 'False'
[0.677s] Level 5:colcon.colcon_core.verb:set package 'leg_detector' build argument 'ament_cmake_args' from command line to 'None'
[0.677s] Level 5:colcon.colcon_core.verb:set package 'leg_detector' build argument 'catkin_cmake_args' from command line to 'None'
[0.677s] Level 5:colcon.colcon_core.verb:set package 'leg_detector' build argument 'catkin_skip_building_tests' from command line to 'False'
[0.677s] DEBUG:colcon.colcon_core.verb:Building package 'leg_detector' with the following arguments: {'ament_cmake_args': None, 'build_base': '/home/hhd/legdet_ws/build/leg_detector', 'catkin_cmake_args': None, 'catkin_skip_building_tests': False, 'cmake_args': None, 'cmake_clean_cache': False, 'cmake_clean_first': False, 'cmake_force_configure': False, 'cmake_target': None, 'cmake_target_skip_unavailable': False, 'install_base': '/home/hhd/legdet_ws/install/leg_detector', 'merge_install': False, 'path': '/home/hhd/legdet_ws/src/leg_detector', 'symlink_install': False, 'test_result_base': None}
[0.677s] INFO:colcon.colcon_core.executor:Executing jobs using 'parallel' executor
[0.679s] DEBUG:colcon.colcon_parallel_executor.executor.parallel:run_until_complete
[0.679s] INFO:colcon.colcon_ros.task.ament_cmake.build:Building ROS package in '/home/hhd/legdet_ws/src/leg_detector_msgs' with build type 'ament_cmake'
[0.679s] INFO:colcon.colcon_cmake.task.cmake.build:Building CMake package in '/home/hhd/legdet_ws/src/leg_detector_msgs'
[0.682s] INFO:colcon.colcon_core.plugin_system:Skipping extension 'colcon_core.shell.bat': Not used on non-Windows systems
[0.683s] INFO:colcon.colcon_core.shell:Skip shell extension 'powershell' for command environment: Not usable outside of PowerShell
[0.683s] DEBUG:colcon.colcon_core.shell:Skip shell extension 'dsv' for command environment
[0.704s] DEBUG:colcon.colcon_core.event_handler.log_command:Invoking command in '/home/hhd/legdet_ws/build/leg_detector_msgs': CMAKE_PREFIX_PATH=${CMAKE_PREFIX_PATH}:/home/hhd/drl_ros2/turtlebot3_drlnav/install/turtlebot3_drl:/home/hhd/.ros2_ws/install/qr_track_alvar:/opt/ros/galactic CONDA_PROMPT_MODIFIER=(peopleros2) /usr/bin/cmake --build /home/hhd/legdet_ws/build/leg_detector_msgs -- -j12 -l12
[1.119s] DEBUG:colcon.colcon_core.event_handler.log_command:Invoked command in '/home/hhd/legdet_ws/build/leg_detector_msgs' returned '0': CMAKE_PREFIX_PATH=${CMAKE_PREFIX_PATH}:/home/hhd/drl_ros2/turtlebot3_drlnav/install/turtlebot3_drl:/home/hhd/.ros2_ws/install/qr_track_alvar:/opt/ros/galactic CONDA_PROMPT_MODIFIER=(peopleros2) /usr/bin/cmake --build /home/hhd/legdet_ws/build/leg_detector_msgs -- -j12 -l12
[1.311s] DEBUG:colcon.colcon_core.event_handler.log_command:Invoking command in '/home/hhd/legdet_ws/build/leg_detector_msgs': CMAKE_PREFIX_PATH=${CMAKE_PREFIX_PATH}:/home/hhd/drl_ros2/turtlebot3_drlnav/install/turtlebot3_drl:/home/hhd/.ros2_ws/install/qr_track_alvar:/opt/ros/galactic CONDA_PROMPT_MODIFIER=(peopleros2) /usr/bin/cmake --install /home/hhd/legdet_ws/build/leg_detector_msgs
[1.395s] Level 1:colcon.colcon_core.environment:create_environment_scripts_only(leg_detector_msgs)
[1.396s] DEBUG:colcon.colcon_core.event_handler.log_command:Invoked command in '/home/hhd/legdet_ws/build/leg_detector_msgs' returned '0': CMAKE_PREFIX_PATH=${CMAKE_PREFIX_PATH}:/home/hhd/drl_ros2/turtlebot3_drlnav/install/turtlebot3_drl:/home/hhd/.ros2_ws/install/qr_track_alvar:/opt/ros/galactic CONDA_PROMPT_MODIFIER=(peopleros2) /usr/bin/cmake --install /home/hhd/legdet_ws/build/leg_detector_msgs
[1.401s] Level 1:colcon.colcon_core.environment:checking '/home/hhd/legdet_ws/install/leg_detector_msgs' for CMake module files
[1.402s] Level 1:colcon.colcon_core.environment:checking '/home/hhd/legdet_ws/install/leg_detector_msgs' for CMake config files
[1.402s] Level 1:colcon.colcon_core.shell:create_environment_hook('leg_detector_msgs', 'cmake_prefix_path')
[1.402s] INFO:colcon.colcon_core.shell:Creating environment hook '/home/hhd/legdet_ws/install/leg_detector_msgs/share/leg_detector_msgs/hook/cmake_prefix_path.ps1'
[1.403s] INFO:colcon.colcon_core.shell:Creating environment descriptor '/home/hhd/legdet_ws/install/leg_detector_msgs/share/leg_detector_msgs/hook/cmake_prefix_path.dsv'
[1.404s] INFO:colcon.colcon_core.shell:Creating environment hook '/home/hhd/legdet_ws/install/leg_detector_msgs/share/leg_detector_msgs/hook/cmake_prefix_path.sh'
[1.405s] Level 1:colcon.colcon_core.environment:checking '/home/hhd/legdet_ws/install/leg_detector_msgs/lib'
[1.405s] Level 1:colcon.colcon_core.shell:create_environment_hook('leg_detector_msgs', 'ld_library_path_lib')
[1.405s] INFO:colcon.colcon_core.shell:Creating environment hook '/home/hhd/legdet_ws/install/leg_detector_msgs/share/leg_detector_msgs/hook/ld_library_path_lib.ps1'
[1.406s] INFO:colcon.colcon_core.shell:Creating environment descriptor '/home/hhd/legdet_ws/install/leg_detector_msgs/share/leg_detector_msgs/hook/ld_library_path_lib.dsv'
[1.406s] INFO:colcon.colcon_core.shell:Creating environment hook '/home/hhd/legdet_ws/install/leg_detector_msgs/share/leg_detector_msgs/hook/ld_library_path_lib.sh'
[1.407s] Level 1:colcon.colcon_core.environment:checking '/home/hhd/legdet_ws/install/leg_detector_msgs/bin'
[1.407s] Level 1:colcon.colcon_core.environment:checking '/home/hhd/legdet_ws/install/leg_detector_msgs/lib/pkgconfig/leg_detector_msgs.pc'
[1.407s] Level 1:colcon.colcon_core.environment:checking '/home/hhd/legdet_ws/install/leg_detector_msgs/lib/python3.8/site-packages'
[1.407s] Level 1:colcon.colcon_core.shell:create_environment_hook('leg_detector_msgs', 'pythonpath')
[1.408s] INFO:colcon.colcon_core.shell:Creating environment hook '/home/hhd/legdet_ws/install/leg_detector_msgs/share/leg_detector_msgs/hook/pythonpath.ps1'
[1.408s] INFO:colcon.colcon_core.shell:Creating environment descriptor '/home/hhd/legdet_ws/install/leg_detector_msgs/share/leg_detector_msgs/hook/pythonpath.dsv'
[1.409s] INFO:colcon.colcon_core.shell:Creating environment hook '/home/hhd/legdet_ws/install/leg_detector_msgs/share/leg_detector_msgs/hook/pythonpath.sh'
[1.409s] Level 1:colcon.colcon_core.environment:checking '/home/hhd/legdet_ws/install/leg_detector_msgs/bin'
[1.410s] INFO:colcon.colcon_core.shell:Creating package script '/home/hhd/legdet_ws/install/leg_detector_msgs/share/leg_detector_msgs/package.ps1'
[1.411s] INFO:colcon.colcon_core.shell:Creating package descriptor '/home/hhd/legdet_ws/install/leg_detector_msgs/share/leg_detector_msgs/package.dsv'
[1.412s] INFO:colcon.colcon_core.shell:Creating package script '/home/hhd/legdet_ws/install/leg_detector_msgs/share/leg_detector_msgs/package.sh'
[1.413s] INFO:colcon.colcon_core.shell:Creating package script '/home/hhd/legdet_ws/install/leg_detector_msgs/share/leg_detector_msgs/package.bash'
[1.414s] INFO:colcon.colcon_core.shell:Creating package script '/home/hhd/legdet_ws/install/leg_detector_msgs/share/leg_detector_msgs/package.zsh'
[1.415s] Level 1:colcon.colcon_core.environment:create_file_with_runtime_dependencies(/home/hhd/legdet_ws/install/leg_detector_msgs/share/colcon-core/packages/leg_detector_msgs)
[1.563s] Level 1:colcon.colcon_core.environment:create_environment_scripts_only(leg_detector_msgs)
[1.564s] Level 1:colcon.colcon_core.environment:checking '/home/hhd/legdet_ws/install/leg_detector_msgs' for CMake module files
[1.565s] Level 1:colcon.colcon_core.environment:checking '/home/hhd/legdet_ws/install/leg_detector_msgs' for CMake config files
[1.566s] Level 1:colcon.colcon_core.shell:create_environment_hook('leg_detector_msgs', 'cmake_prefix_path')
[1.566s] INFO:colcon.colcon_core.shell:Creating environment hook '/home/hhd/legdet_ws/install/leg_detector_msgs/share/leg_detector_msgs/hook/cmake_prefix_path.ps1'
[1.567s] INFO:colcon.colcon_core.shell:Creating environment descriptor '/home/hhd/legdet_ws/install/leg_detector_msgs/share/leg_detector_msgs/hook/cmake_prefix_path.dsv'
[1.568s] INFO:colcon.colcon_core.shell:Creating environment hook '/home/hhd/legdet_ws/install/leg_detector_msgs/share/leg_detector_msgs/hook/cmake_prefix_path.sh'
[1.569s] Level 1:colcon.colcon_core.environment:checking '/home/hhd/legdet_ws/install/leg_detector_msgs/lib'
[1.569s] Level 1:colcon.colcon_core.shell:create_environment_hook('leg_detector_msgs', 'ld_library_path_lib')
[1.569s] INFO:colcon.colcon_core.shell:Creating environment hook '/home/hhd/legdet_ws/install/leg_detector_msgs/share/leg_detector_msgs/hook/ld_library_path_lib.ps1'
[1.570s] INFO:colcon.colcon_core.shell:Creating environment descriptor '/home/hhd/legdet_ws/install/leg_detector_msgs/share/leg_detector_msgs/hook/ld_library_path_lib.dsv'
[1.570s] INFO:colcon.colcon_core.shell:Creating environment hook '/home/hhd/legdet_ws/install/leg_detector_msgs/share/leg_detector_msgs/hook/ld_library_path_lib.sh'
[1.571s] Level 1:colcon.colcon_core.environment:checking '/home/hhd/legdet_ws/install/leg_detector_msgs/bin'
[1.571s] Level 1:colcon.colcon_core.environment:checking '/home/hhd/legdet_ws/install/leg_detector_msgs/lib/pkgconfig/leg_detector_msgs.pc'
[1.572s] Level 1:colcon.colcon_core.environment:checking '/home/hhd/legdet_ws/install/leg_detector_msgs/lib/python3.8/site-packages'
[1.572s] Level 1:colcon.colcon_core.shell:create_environment_hook('leg_detector_msgs', 'pythonpath')
[1.572s] INFO:colcon.colcon_core.shell:Creating environment hook '/home/hhd/legdet_ws/install/leg_detector_msgs/share/leg_detector_msgs/hook/pythonpath.ps1'
[1.573s] INFO:colcon.colcon_core.shell:Creating environment descriptor '/home/hhd/legdet_ws/install/leg_detector_msgs/share/leg_detector_msgs/hook/pythonpath.dsv'
[1.573s] INFO:colcon.colcon_core.shell:Creating environment hook '/home/hhd/legdet_ws/install/leg_detector_msgs/share/leg_detector_msgs/hook/pythonpath.sh'
[1.574s] Level 1:colcon.colcon_core.environment:checking '/home/hhd/legdet_ws/install/leg_detector_msgs/bin'
[1.574s] INFO:colcon.colcon_core.shell:Creating package script '/home/hhd/legdet_ws/install/leg_detector_msgs/share/leg_detector_msgs/package.ps1'
[1.575s] INFO:colcon.colcon_core.shell:Creating package descriptor '/home/hhd/legdet_ws/install/leg_detector_msgs/share/leg_detector_msgs/package.dsv'
[1.576s] INFO:colcon.colcon_core.shell:Creating package script '/home/hhd/legdet_ws/install/leg_detector_msgs/share/leg_detector_msgs/package.sh'
[1.576s] INFO:colcon.colcon_core.shell:Creating package script '/home/hhd/legdet_ws/install/leg_detector_msgs/share/leg_detector_msgs/package.bash'
[1.577s] INFO:colcon.colcon_core.shell:Creating package script '/home/hhd/legdet_ws/install/leg_detector_msgs/share/leg_detector_msgs/package.zsh'
[1.577s] Level 1:colcon.colcon_core.environment:create_file_with_runtime_dependencies(/home/hhd/legdet_ws/install/leg_detector_msgs/share/colcon-core/packages/leg_detector_msgs)
[1.577s] INFO:colcon.colcon_ros.task.ament_cmake.build:Building ROS package in '/home/hhd/legdet_ws/src/leg_detector' with build type 'ament_cmake'
[1.578s] INFO:colcon.colcon_cmake.task.cmake.build:Building CMake package in '/home/hhd/legdet_ws/src/leg_detector'
[1.578s] INFO:colcon.colcon_core.shell:Skip shell extension 'powershell' for command environment: Not usable outside of PowerShell
[1.578s] DEBUG:colcon.colcon_core.shell:Skip shell extension 'dsv' for command environment
[1.604s] DEBUG:colcon.colcon_core.event_handler.log_command:Invoking command in '/home/hhd/legdet_ws/build/leg_detector': CMAKE_PREFIX_PATH=/home/hhd/legdet_ws/install/leg_detector_msgs:/home/hhd/legdet_ws/install/people_msgs:/home/hhd/legdet_ws/install/leg_detector:/home/hhd/drl_ros2/turtlebot3_drlnav/install/turtlebot3_simulations:/home/hhd/drl_ros2/turtlebot3_drlnav/install/turtlebot3_fake_node:/home/hhd/drl_ros2/turtlebot3_drlnav/install/turtlebot3_msgs:/home/hhd/drl_ros2/turtlebot3_drlnav/install/turtlebot3_gazebo:/home/hhd/.ros2_ws/install/slam_gmapping:/home/hhd/.ros2_ws/install/openslam_gmapping:/home/hhd/drl_ros2/turtlebot3_drlnav/install/turtlebot3_drl:/home/hhd/.ros2_ws/install/qr_track_alvar:/opt/ros/galactic CONDA_PROMPT_MODIFIER=(peopleros2) LD_LIBRARY_PATH=/home/hhd/legdet_ws/install/leg_detector_msgs/lib:/home/hhd/legdet_ws/install/people_msgs/lib:/home/hhd/drl_ros2/turtlebot3_drlnav/install/turtlebot3_msgs/lib:/home/hhd/.ros2_ws/install/openslam_gmapping/lib:/usr/lib/x86_64-linux-gnu/gazebo-11/plugins:/opt/ros/galactic/opt/yaml_cpp_vendor/lib:/opt/ros/galactic/opt/rviz_ogre_vendor/lib:/opt/ros/galactic/lib/x86_64-linux-gnu:/opt/ros/galactic/lib PYTHONPATH=/home/hhd/legdet_ws/install/leg_detector_msgs/lib/python3.8/site-packages:/home/hhd/legdet_ws/install/people_msgs/lib/python3.8/site-packages:/home/hhd/drl_ros2/turtlebot3_drlnav/install/turtlebot3_msgs/lib/python3.8/site-packages:/home/hhd/drl_ros2/turtlebot3_drlnav/install/turtlebot3_drl/lib/python3.8/site-packages:/home/hhd/.ros2_ws/install/qr_track_alvar/lib/python3.8/site-packages:/opt/ros/galactic/lib/python3.8/site-packages /usr/bin/cmake --build /home/hhd/legdet_ws/build/leg_detector -- -j12 -l12
[1.729s] DEBUG:colcon.colcon_core.event_handler.log_command:Invoked command in '/home/hhd/legdet_ws/build/leg_detector' returned '0': CMAKE_PREFIX_PATH=/home/hhd/legdet_ws/install/leg_detector_msgs:/home/hhd/legdet_ws/install/people_msgs:/home/hhd/legdet_ws/install/leg_detector:/home/hhd/drl_ros2/turtlebot3_drlnav/install/turtlebot3_simulations:/home/hhd/drl_ros2/turtlebot3_drlnav/install/turtlebot3_fake_node:/home/hhd/drl_ros2/turtlebot3_drlnav/install/turtlebot3_msgs:/home/hhd/drl_ros2/turtlebot3_drlnav/install/turtlebot3_gazebo:/home/hhd/.ros2_ws/install/slam_gmapping:/home/hhd/.ros2_ws/install/openslam_gmapping:/home/hhd/drl_ros2/turtlebot3_drlnav/install/turtlebot3_drl:/home/hhd/.ros2_ws/install/qr_track_alvar:/opt/ros/galactic CONDA_PROMPT_MODIFIER=(peopleros2) LD_LIBRARY_PATH=/home/hhd/legdet_ws/install/leg_detector_msgs/lib:/home/hhd/legdet_ws/install/people_msgs/lib:/home/hhd/drl_ros2/turtlebot3_drlnav/install/turtlebot3_msgs/lib:/home/hhd/.ros2_ws/install/openslam_gmapping/lib:/usr/lib/x86_64-linux-gnu/gazebo-11/plugins:/opt/ros/galactic/opt/yaml_cpp_vendor/lib:/opt/ros/galactic/opt/rviz_ogre_vendor/lib:/opt/ros/galactic/lib/x86_64-linux-gnu:/opt/ros/galactic/lib PYTHONPATH=/home/hhd/legdet_ws/install/leg_detector_msgs/lib/python3.8/site-packages:/home/hhd/legdet_ws/install/people_msgs/lib/python3.8/site-packages:/home/hhd/drl_ros2/turtlebot3_drlnav/install/turtlebot3_msgs/lib/python3.8/site-packages:/home/hhd/drl_ros2/turtlebot3_drlnav/install/turtlebot3_drl/lib/python3.8/site-packages:/home/hhd/.ros2_ws/install/qr_track_alvar/lib/python3.8/site-packages:/opt/ros/galactic/lib/python3.8/site-packages /usr/bin/cmake --build /home/hhd/legdet_ws/build/leg_detector -- -j12 -l12
[1.784s] DEBUG:colcon.colcon_core.event_handler.log_command:Invoking command in '/home/hhd/legdet_ws/build/leg_detector': CMAKE_PREFIX_PATH=/home/hhd/legdet_ws/install/leg_detector_msgs:/home/hhd/legdet_ws/install/people_msgs:/home/hhd/legdet_ws/install/leg_detector:/home/hhd/drl_ros2/turtlebot3_drlnav/install/turtlebot3_simulations:/home/hhd/drl_ros2/turtlebot3_drlnav/install/turtlebot3_fake_node:/home/hhd/drl_ros2/turtlebot3_drlnav/install/turtlebot3_msgs:/home/hhd/drl_ros2/turtlebot3_drlnav/install/turtlebot3_gazebo:/home/hhd/.ros2_ws/install/slam_gmapping:/home/hhd/.ros2_ws/install/openslam_gmapping:/home/hhd/drl_ros2/turtlebot3_drlnav/install/turtlebot3_drl:/home/hhd/.ros2_ws/install/qr_track_alvar:/opt/ros/galactic CONDA_PROMPT_MODIFIER=(peopleros2) LD_LIBRARY_PATH=/home/hhd/legdet_ws/install/leg_detector_msgs/lib:/home/hhd/legdet_ws/install/people_msgs/lib:/home/hhd/drl_ros2/turtlebot3_drlnav/install/turtlebot3_msgs/lib:/home/hhd/.ros2_ws/install/openslam_gmapping/lib:/usr/lib/x86_64-linux-gnu/gazebo-11/plugins:/opt/ros/galactic/opt/yaml_cpp_vendor/lib:/opt/ros/galactic/opt/rviz_ogre_vendor/lib:/opt/ros/galactic/lib/x86_64-linux-gnu:/opt/ros/galactic/lib PYTHONPATH=/home/hhd/legdet_ws/install/leg_detector_msgs/lib/python3.8/site-packages:/home/hhd/legdet_ws/install/people_msgs/lib/python3.8/site-packages:/home/hhd/drl_ros2/turtlebot3_drlnav/install/turtlebot3_msgs/lib/python3.8/site-packages:/home/hhd/drl_ros2/turtlebot3_drlnav/install/turtlebot3_drl/lib/python3.8/site-packages:/home/hhd/.ros2_ws/install/qr_track_alvar/lib/python3.8/site-packages:/opt/ros/galactic/lib/python3.8/site-packages /usr/bin/cmake --install /home/hhd/legdet_ws/build/leg_detector
[1.806s] Level 1:colcon.colcon_core.environment:create_environment_scripts_only(leg_detector)
[1.807s] Level 1:colcon.colcon_core.environment:checking '/home/hhd/legdet_ws/install/leg_detector' for CMake module files
[1.809s] DEBUG:colcon.colcon_core.event_handler.log_command:Invoked command in '/home/hhd/legdet_ws/build/leg_detector' returned '0': CMAKE_PREFIX_PATH=/home/hhd/legdet_ws/install/leg_detector_msgs:/home/hhd/legdet_ws/install/people_msgs:/home/hhd/legdet_ws/install/leg_detector:/home/hhd/drl_ros2/turtlebot3_drlnav/install/turtlebot3_simulations:/home/hhd/drl_ros2/turtlebot3_drlnav/install/turtlebot3_fake_node:/home/hhd/drl_ros2/turtlebot3_drlnav/install/turtlebot3_msgs:/home/hhd/drl_ros2/turtlebot3_drlnav/install/turtlebot3_gazebo:/home/hhd/.ros2_ws/install/slam_gmapping:/home/hhd/.ros2_ws/install/openslam_gmapping:/home/hhd/drl_ros2/turtlebot3_drlnav/install/turtlebot3_drl:/home/hhd/.ros2_ws/install/qr_track_alvar:/opt/ros/galactic CONDA_PROMPT_MODIFIER=(peopleros2) LD_LIBRARY_PATH=/home/hhd/legdet_ws/install/leg_detector_msgs/lib:/home/hhd/legdet_ws/install/people_msgs/lib:/home/hhd/drl_ros2/turtlebot3_drlnav/install/turtlebot3_msgs/lib:/home/hhd/.ros2_ws/install/openslam_gmapping/lib:/usr/lib/x86_64-linux-gnu/gazebo-11/plugins:/opt/ros/galactic/opt/yaml_cpp_vendor/lib:/opt/ros/galactic/opt/rviz_ogre_vendor/lib:/opt/ros/galactic/lib/x86_64-linux-gnu:/opt/ros/galactic/lib PYTHONPATH=/home/hhd/legdet_ws/install/leg_detector_msgs/lib/python3.8/site-packages:/home/hhd/legdet_ws/install/people_msgs/lib/python3.8/site-packages:/home/hhd/drl_ros2/turtlebot3_drlnav/install/turtlebot3_msgs/lib/python3.8/site-packages:/home/hhd/drl_ros2/turtlebot3_drlnav/install/turtlebot3_drl/lib/python3.8/site-packages:/home/hhd/.ros2_ws/install/qr_track_alvar/lib/python3.8/site-packages:/opt/ros/galactic/lib/python3.8/site-packages /usr/bin/cmake --install /home/hhd/legdet_ws/build/leg_detector
[1.809s] Level 1:colcon.colcon_core.environment:checking '/home/hhd/legdet_ws/install/leg_detector' for CMake config files
[1.810s] Level 1:colcon.colcon_core.shell:create_environment_hook('leg_detector', 'cmake_prefix_path')
[1.810s] INFO:colcon.colcon_core.shell:Creating environment hook '/home/hhd/legdet_ws/install/leg_detector/share/leg_detector/hook/cmake_prefix_path.ps1'
[1.811s] INFO:colcon.colcon_core.shell:Creating environment descriptor '/home/hhd/legdet_ws/install/leg_detector/share/leg_detector/hook/cmake_prefix_path.dsv'
[1.811s] INFO:colcon.colcon_core.shell:Creating environment hook '/home/hhd/legdet_ws/install/leg_detector/share/leg_detector/hook/cmake_prefix_path.sh'
[1.812s] Level 1:colcon.colcon_core.environment:checking '/home/hhd/legdet_ws/install/leg_detector/lib'
[1.812s] Level 1:colcon.colcon_core.environment:checking '/home/hhd/legdet_ws/install/leg_detector/bin'
[1.813s] Level 1:colcon.colcon_core.environment:checking '/home/hhd/legdet_ws/install/leg_detector/lib/pkgconfig/leg_detector.pc'
[1.813s] Level 1:colcon.colcon_core.environment:checking '/home/hhd/legdet_ws/install/leg_detector/lib/python3.8/site-packages'
[1.813s] Level 1:colcon.colcon_core.environment:checking '/home/hhd/legdet_ws/install/leg_detector/bin'
[1.814s] INFO:colcon.colcon_core.shell:Creating package script '/home/hhd/legdet_ws/install/leg_detector/share/leg_detector/package.ps1'
[1.814s] INFO:colcon.colcon_core.shell:Creating package descriptor '/home/hhd/legdet_ws/install/leg_detector/share/leg_detector/package.dsv'
[1.815s] INFO:colcon.colcon_core.shell:Creating package script '/home/hhd/legdet_ws/install/leg_detector/share/leg_detector/package.sh'
[1.816s] INFO:colcon.colcon_core.shell:Creating package script '/home/hhd/legdet_ws/install/leg_detector/share/leg_detector/package.bash'
[1.816s] INFO:colcon.colcon_core.shell:Creating package script '/home/hhd/legdet_ws/install/leg_detector/share/leg_detector/package.zsh'
[1.817s] Level 1:colcon.colcon_core.environment:create_file_with_runtime_dependencies(/home/hhd/legdet_ws/install/leg_detector/share/colcon-core/packages/leg_detector)
[1.871s] Level 1:colcon.colcon_core.environment:create_environment_scripts_only(leg_detector)
[1.872s] Level 1:colcon.colcon_core.environment:checking '/home/hhd/legdet_ws/install/leg_detector' for CMake module files
[1.873s] Level 1:colcon.colcon_core.environment:checking '/home/hhd/legdet_ws/install/leg_detector' for CMake config files
[1.873s] Level 1:colcon.colcon_core.shell:create_environment_hook('leg_detector', 'cmake_prefix_path')
[1.874s] INFO:colcon.colcon_core.shell:Creating environment hook '/home/hhd/legdet_ws/install/leg_detector/share/leg_detector/hook/cmake_prefix_path.ps1'
[1.874s] INFO:colcon.colcon_core.shell:Creating environment descriptor '/home/hhd/legdet_ws/install/leg_detector/share/leg_detector/hook/cmake_prefix_path.dsv'
[1.875s] INFO:colcon.colcon_core.shell:Creating environment hook '/home/hhd/legdet_ws/install/leg_detector/share/leg_detector/hook/cmake_prefix_path.sh'
[1.876s] Level 1:colcon.colcon_core.environment:checking '/home/hhd/legdet_ws/install/leg_detector/lib'
[1.876s] Level 1:colcon.colcon_core.environment:checking '/home/hhd/legdet_ws/install/leg_detector/bin'
[1.876s] Level 1:colcon.colcon_core.environment:checking '/home/hhd/legdet_ws/install/leg_detector/lib/pkgconfig/leg_detector.pc'
[1.876s] Level 1:colcon.colcon_core.environment:checking '/home/hhd/legdet_ws/install/leg_detector/lib/python3.8/site-packages'
[1.877s] Level 1:colcon.colcon_core.environment:checking '/home/hhd/legdet_ws/install/leg_detector/bin'
[1.877s] INFO:colcon.colcon_core.shell:Creating package script '/home/hhd/legdet_ws/install/leg_detector/share/leg_detector/package.ps1'
[1.878s] INFO:colcon.colcon_core.shell:Creating package descriptor '/home/hhd/legdet_ws/install/leg_detector/share/leg_detector/package.dsv'
[1.879s] INFO:colcon.colcon_core.shell:Creating package script '/home/hhd/legdet_ws/install/leg_detector/share/leg_detector/package.sh'
[1.879s] INFO:colcon.colcon_core.shell:Creating package script '/home/hhd/legdet_ws/install/leg_detector/share/leg_detector/package.bash'
[1.880s] INFO:colcon.colcon_core.shell:Creating package script '/home/hhd/legdet_ws/install/leg_detector/share/leg_detector/package.zsh'
[1.880s] Level 1:colcon.colcon_core.environment:create_file_with_runtime_dependencies(/home/hhd/legdet_ws/install/leg_detector/share/colcon-core/packages/leg_detector)
[1.881s] DEBUG:colcon.colcon_parallel_executor.executor.parallel:closing loop
[1.881s] DEBUG:colcon.colcon_parallel_executor.executor.parallel:loop closed
[1.881s] DEBUG:colcon.colcon_parallel_executor.executor.parallel:run_until_complete finished with '0'
[1.881s] DEBUG:colcon.colcon_core.event_reactor:joining thread
[1.891s] INFO:colcon.colcon_core.plugin_system:Skipping extension 'colcon_notification.desktop_notification.terminal_notifier': Not used on non-Darwin systems
[1.892s] INFO:colcon.colcon_core.plugin_system:Skipping extension 'colcon_notification.desktop_notification.win32': Not used on non-Windows systems
[1.892s] INFO:colcon.colcon_notification.desktop_notification:Sending desktop notification using 'notify2'
[1.917s] DEBUG:colcon.colcon_core.event_reactor:joined thread
[1.918s] INFO:colcon.colcon_core.shell:Creating prefix script '/home/hhd/legdet_ws/install/local_setup.ps1'
[1.921s] INFO:colcon.colcon_core.shell:Creating prefix util module '/home/hhd/legdet_ws/install/_local_setup_util_ps1.py'
[1.923s] INFO:colcon.colcon_core.shell:Creating prefix chain script '/home/hhd/legdet_ws/install/setup.ps1'
[1.925s] INFO:colcon.colcon_core.shell:Creating prefix script '/home/hhd/legdet_ws/install/local_setup.sh'
[1.925s] INFO:colcon.colcon_core.shell:Creating prefix util module '/home/hhd/legdet_ws/install/_local_setup_util_sh.py'
[1.926s] INFO:colcon.colcon_core.shell:Creating prefix chain script '/home/hhd/legdet_ws/install/setup.sh'
[1.928s] INFO:colcon.colcon_core.shell:Creating prefix script '/home/hhd/legdet_ws/install/local_setup.bash'
[1.928s] INFO:colcon.colcon_core.shell:Creating prefix chain script '/home/hhd/legdet_ws/install/setup.bash'
[1.930s] INFO:colcon.colcon_core.shell:Creating prefix script '/home/hhd/legdet_ws/install/local_setup.zsh'
[1.931s] INFO:colcon.colcon_core.shell:Creating prefix chain script '/home/hhd/legdet_ws/install/setup.zsh'
