[0.239s] Invoking command in '/home/hhd/legdet_ws/build/leg_detector_msgs': CMAKE_PREFIX_PATH=${CMAKE_PREFIX_PATH}:/home/hhd/.ros2_ws/install/qr_track_alvar:/opt/ros/galactic CONDA_PROMPT_MODIFIER=(peopleros2) /usr/bin/cmake --build /home/hhd/legdet_ws/build/leg_detector_msgs -- -j12 -l12
[0.311s] [  1%] Built target leg_detector_msgs__cpp
[0.322s] [ 12%] Built target leg_detector_msgs__rosidl_generator_c
[0.342s] [ 23%] Built target leg_detector_msgs__rosidl_typesupport_cpp
[0.344s] [ 34%] Built target leg_detector_msgs__rosidl_typesupport_c
[0.344s] [ 45%] Built target leg_detector_msgs__rosidl_typesupport_introspection_cpp
[0.345s] [ 56%] Built target leg_detector_msgs__rosidl_typesupport_fastrtps_cpp
[0.356s] [ 67%] Built target leg_detector_msgs__rosidl_typesupport_introspection_c
[0.384s] [ 78%] Built target leg_detector_msgs__rosidl_typesupport_fastrtps_c
[0.419s] [ 78%] Built target leg_detector_msgs
[0.456s] [ 80%] Built target leg_detector_msgs__py
[0.502s] [ 89%] Built target leg_detector_msgs__python
[0.530s] [ 92%] Built target leg_detector_msgs__rosidl_typesupport_introspection_c__pyext
[0.535s] [ 96%] Built target leg_detector_msgs__rosidl_typesupport_fastrtps_c__pyext
[0.538s] [100%] Built target leg_detector_msgs__rosidl_typesupport_c__pyext
[0.557s] Invoked command in '/home/hhd/legdet_ws/build/leg_detector_msgs' returned '0': CMAKE_PREFIX_PATH=${CMAKE_PREFIX_PATH}:/home/hhd/.ros2_ws/install/qr_track_alvar:/opt/ros/galactic CONDA_PROMPT_MODIFIER=(peopleros2) /usr/bin/cmake --build /home/hhd/legdet_ws/build/leg_detector_msgs -- -j12 -l12
[0.673s] Invoking command in '/home/hhd/legdet_ws/build/leg_detector_msgs': CMAKE_PREFIX_PATH=${CMAKE_PREFIX_PATH}:/home/hhd/.ros2_ws/install/qr_track_alvar:/opt/ros/galactic CONDA_PROMPT_MODIFIER=(peopleros2) /usr/bin/cmake --install /home/hhd/legdet_ws/build/leg_detector_msgs
[0.688s] -- Install configuration: ""
[0.688s] -- Up-to-date: /home/hhd/legdet_ws/install/leg_detector_msgs/share/ament_index/resource_index/rosidl_interfaces/leg_detector_msgs
[0.688s] -- Up-to-date: /home/hhd/legdet_ws/install/leg_detector_msgs/include/leg_detector_msgs
[0.690s] -- Up-to-date: /home/hhd/legdet_ws/install/leg_detector_msgs/include/leg_detector_msgs/msg
[0.690s] -- Up-to-date: /home/hhd/legdet_ws/install/leg_detector_msgs/include/leg_detector_msgs/msg/leg.h
[0.690s] -- Up-to-date: /home/hhd/legdet_ws/install/leg_detector_msgs/include/leg_detector_msgs/msg/rosidl_generator_c__visibility_control.h
[0.691s] -- Up-to-date: /home/hhd/legdet_ws/install/leg_detector_msgs/include/leg_detector_msgs/msg/detail
[0.691s] -- Up-to-date: /home/hhd/legdet_ws/install/leg_detector_msgs/include/leg_detector_msgs/msg/detail/leg_array__functions.c
[0.691s] -- Up-to-date: /home/hhd/legdet_ws/install/leg_detector_msgs/include/leg_detector_msgs/msg/detail/person_array__type_support.h
[0.691s] -- Up-to-date: /home/hhd/legdet_ws/install/leg_detector_msgs/include/leg_detector_msgs/msg/detail/person__functions.h
[0.691s] -- Up-to-date: /home/hhd/legdet_ws/install/leg_detector_msgs/include/leg_detector_msgs/msg/detail/person_array__functions.c
[0.692s] -- Up-to-date: /home/hhd/legdet_ws/install/leg_detector_msgs/include/leg_detector_msgs/msg/detail/leg_array__struct.h
[0.692s] -- Up-to-date: /home/hhd/legdet_ws/install/leg_detector_msgs/include/leg_detector_msgs/msg/detail/person__functions.c
[0.692s] -- Up-to-date: /home/hhd/legdet_ws/install/leg_detector_msgs/include/leg_detector_msgs/msg/detail/person__struct.h
[0.692s] -- Up-to-date: /home/hhd/legdet_ws/install/leg_detector_msgs/include/leg_detector_msgs/msg/detail/person_array__struct.h
[0.692s] -- Up-to-date: /home/hhd/legdet_ws/install/leg_detector_msgs/include/leg_detector_msgs/msg/detail/leg__struct.h
[0.692s] -- Up-to-date: /home/hhd/legdet_ws/install/leg_detector_msgs/include/leg_detector_msgs/msg/detail/leg_array__functions.h
[0.693s] -- Up-to-date: /home/hhd/legdet_ws/install/leg_detector_msgs/include/leg_detector_msgs/msg/detail/leg_array__type_support.h
[0.693s] -- Up-to-date: /home/hhd/legdet_ws/install/leg_detector_msgs/include/leg_detector_msgs/msg/detail/person__type_support.h
[0.693s] -- Up-to-date: /home/hhd/legdet_ws/install/leg_detector_msgs/include/leg_detector_msgs/msg/detail/person_array__functions.h
[0.693s] -- Up-to-date: /home/hhd/legdet_ws/install/leg_detector_msgs/include/leg_detector_msgs/msg/detail/leg__functions.c
[0.693s] -- Up-to-date: /home/hhd/legdet_ws/install/leg_detector_msgs/include/leg_detector_msgs/msg/detail/leg__functions.h
[0.694s] -- Up-to-date: /home/hhd/legdet_ws/install/leg_detector_msgs/include/leg_detector_msgs/msg/detail/leg__type_support.h
[0.694s] -- Up-to-date: /home/hhd/legdet_ws/install/leg_detector_msgs/include/leg_detector_msgs/msg/person.h
[0.694s] -- Up-to-date: /home/hhd/legdet_ws/install/leg_detector_msgs/include/leg_detector_msgs/msg/person_array.h
[0.694s] -- Up-to-date: /home/hhd/legdet_ws/install/leg_detector_msgs/include/leg_detector_msgs/msg/leg_array.h
[0.694s] -- Up-to-date: /home/hhd/legdet_ws/install/leg_detector_msgs/share/leg_detector_msgs/environment/library_path.sh
[0.694s] -- Up-to-date: /home/hhd/legdet_ws/install/leg_detector_msgs/share/leg_detector_msgs/environment/library_path.dsv
[0.695s] -- Up-to-date: /home/hhd/legdet_ws/install/leg_detector_msgs/lib/libleg_detector_msgs__rosidl_generator_c.so
[0.695s] -- Up-to-date: /home/hhd/legdet_ws/install/leg_detector_msgs/include/leg_detector_msgs
[0.695s] -- Up-to-date: /home/hhd/legdet_ws/install/leg_detector_msgs/include/leg_detector_msgs/msg
[0.695s] -- Up-to-date: /home/hhd/legdet_ws/install/leg_detector_msgs/include/leg_detector_msgs/msg/rosidl_typesupport_fastrtps_c__visibility_control.h
[0.695s] -- Up-to-date: /home/hhd/legdet_ws/install/leg_detector_msgs/include/leg_detector_msgs/msg/detail
[0.696s] -- Up-to-date: /home/hhd/legdet_ws/install/leg_detector_msgs/include/leg_detector_msgs/msg/detail/leg__rosidl_typesupport_fastrtps_c.h
[0.696s] -- Up-to-date: /home/hhd/legdet_ws/install/leg_detector_msgs/include/leg_detector_msgs/msg/detail/leg_array__rosidl_typesupport_fastrtps_c.h
[0.696s] -- Up-to-date: /home/hhd/legdet_ws/install/leg_detector_msgs/include/leg_detector_msgs/msg/detail/person__rosidl_typesupport_fastrtps_c.h
[0.696s] -- Up-to-date: /home/hhd/legdet_ws/install/leg_detector_msgs/include/leg_detector_msgs/msg/detail/person_array__rosidl_typesupport_fastrtps_c.h
[0.696s] -- Up-to-date: /home/hhd/legdet_ws/install/leg_detector_msgs/lib/libleg_detector_msgs__rosidl_typesupport_fastrtps_c.so
[0.696s] -- Up-to-date: /home/hhd/legdet_ws/install/leg_detector_msgs/include/leg_detector_msgs
[0.697s] -- Up-to-date: /home/hhd/legdet_ws/install/leg_detector_msgs/include/leg_detector_msgs/msg
[0.697s] -- Up-to-date: /home/hhd/legdet_ws/install/leg_detector_msgs/include/leg_detector_msgs/msg/rosidl_typesupport_fastrtps_cpp__visibility_control.h
[0.697s] -- Up-to-date: /home/hhd/legdet_ws/install/leg_detector_msgs/include/leg_detector_msgs/msg/detail
[0.697s] -- Up-to-date: /home/hhd/legdet_ws/install/leg_detector_msgs/include/leg_detector_msgs/msg/detail/person__rosidl_typesupport_fastrtps_cpp.hpp
[0.697s] -- Up-to-date: /home/hhd/legdet_ws/install/leg_detector_msgs/include/leg_detector_msgs/msg/detail/dds_fastrtps
[0.697s] -- Up-to-date: /home/hhd/legdet_ws/install/leg_detector_msgs/include/leg_detector_msgs/msg/detail/leg_array__rosidl_typesupport_fastrtps_cpp.hpp
[0.698s] -- Up-to-date: /home/hhd/legdet_ws/install/leg_detector_msgs/include/leg_detector_msgs/msg/detail/person_array__rosidl_typesupport_fastrtps_cpp.hpp
[0.698s] -- Up-to-date: /home/hhd/legdet_ws/install/leg_detector_msgs/include/leg_detector_msgs/msg/detail/leg__rosidl_typesupport_fastrtps_cpp.hpp
[0.698s] -- Up-to-date: /home/hhd/legdet_ws/install/leg_detector_msgs/lib/libleg_detector_msgs__rosidl_typesupport_fastrtps_cpp.so
[0.698s] -- Up-to-date: /home/hhd/legdet_ws/install/leg_detector_msgs/include/leg_detector_msgs
[0.698s] -- Up-to-date: /home/hhd/legdet_ws/install/leg_detector_msgs/include/leg_detector_msgs/msg
[0.698s] -- Up-to-date: /home/hhd/legdet_ws/install/leg_detector_msgs/include/leg_detector_msgs/msg/rosidl_typesupport_introspection_c__visibility_control.h
[0.699s] -- Up-to-date: /home/hhd/legdet_ws/install/leg_detector_msgs/include/leg_detector_msgs/msg/detail
[0.699s] -- Up-to-date: /home/hhd/legdet_ws/install/leg_detector_msgs/include/leg_detector_msgs/msg/detail/person_array__rosidl_typesupport_introspection_c.h
[0.699s] -- Up-to-date: /home/hhd/legdet_ws/install/leg_detector_msgs/include/leg_detector_msgs/msg/detail/person__type_support.c
[0.699s] -- Up-to-date: /home/hhd/legdet_ws/install/leg_detector_msgs/include/leg_detector_msgs/msg/detail/person__rosidl_typesupport_introspection_c.h
[0.699s] -- Up-to-date: /home/hhd/legdet_ws/install/leg_detector_msgs/include/leg_detector_msgs/msg/detail/person_array__type_support.c
[0.699s] -- Up-to-date: /home/hhd/legdet_ws/install/leg_detector_msgs/include/leg_detector_msgs/msg/detail/leg__type_support.c
[0.699s] -- Up-to-date: /home/hhd/legdet_ws/install/leg_detector_msgs/include/leg_detector_msgs/msg/detail/leg_array__type_support.c
[0.699s] -- Up-to-date: /home/hhd/legdet_ws/install/leg_detector_msgs/include/leg_detector_msgs/msg/detail/leg__rosidl_typesupport_introspection_c.h
[0.699s] -- Up-to-date: /home/hhd/legdet_ws/install/leg_detector_msgs/include/leg_detector_msgs/msg/detail/leg_array__rosidl_typesupport_introspection_c.h
[0.700s] -- Up-to-date: /home/hhd/legdet_ws/install/leg_detector_msgs/lib/libleg_detector_msgs__rosidl_typesupport_introspection_c.so
[0.700s] -- Up-to-date: /home/hhd/legdet_ws/install/leg_detector_msgs/lib/libleg_detector_msgs__rosidl_typesupport_c.so
[0.700s] -- Up-to-date: /home/hhd/legdet_ws/install/leg_detector_msgs/include/leg_detector_msgs
[0.700s] -- Up-to-date: /home/hhd/legdet_ws/install/leg_detector_msgs/include/leg_detector_msgs/msg
[0.700s] -- Up-to-date: /home/hhd/legdet_ws/install/leg_detector_msgs/include/leg_detector_msgs/msg/leg_array.hpp
[0.700s] -- Up-to-date: /home/hhd/legdet_ws/install/leg_detector_msgs/include/leg_detector_msgs/msg/leg.hpp
[0.700s] -- Up-to-date: /home/hhd/legdet_ws/install/leg_detector_msgs/include/leg_detector_msgs/msg/person_array.hpp
[0.700s] -- Up-to-date: /home/hhd/legdet_ws/install/leg_detector_msgs/include/leg_detector_msgs/msg/detail
[0.700s] -- Up-to-date: /home/hhd/legdet_ws/install/leg_detector_msgs/include/leg_detector_msgs/msg/detail/person_array__struct.hpp
[0.700s] -- Up-to-date: /home/hhd/legdet_ws/install/leg_detector_msgs/include/leg_detector_msgs/msg/detail/person__builder.hpp
[0.700s] -- Up-to-date: /home/hhd/legdet_ws/install/leg_detector_msgs/include/leg_detector_msgs/msg/detail/person__traits.hpp
[0.700s] -- Up-to-date: /home/hhd/legdet_ws/install/leg_detector_msgs/include/leg_detector_msgs/msg/detail/leg__traits.hpp
[0.701s] -- Up-to-date: /home/hhd/legdet_ws/install/leg_detector_msgs/include/leg_detector_msgs/msg/detail/person__struct.hpp
[0.701s] -- Up-to-date: /home/hhd/legdet_ws/install/leg_detector_msgs/include/leg_detector_msgs/msg/detail/leg__builder.hpp
[0.701s] -- Up-to-date: /home/hhd/legdet_ws/install/leg_detector_msgs/include/leg_detector_msgs/msg/detail/person_array__builder.hpp
[0.701s] -- Up-to-date: /home/hhd/legdet_ws/install/leg_detector_msgs/include/leg_detector_msgs/msg/detail/leg__struct.hpp
[0.701s] -- Up-to-date: /home/hhd/legdet_ws/install/leg_detector_msgs/include/leg_detector_msgs/msg/detail/person_array__traits.hpp
[0.701s] -- Up-to-date: /home/hhd/legdet_ws/install/leg_detector_msgs/include/leg_detector_msgs/msg/detail/leg_array__traits.hpp
[0.701s] -- Up-to-date: /home/hhd/legdet_ws/install/leg_detector_msgs/include/leg_detector_msgs/msg/detail/leg_array__builder.hpp
[0.701s] -- Up-to-date: /home/hhd/legdet_ws/install/leg_detector_msgs/include/leg_detector_msgs/msg/detail/leg_array__struct.hpp
[0.701s] -- Up-to-date: /home/hhd/legdet_ws/install/leg_detector_msgs/include/leg_detector_msgs/msg/person.hpp
[0.701s] -- Up-to-date: /home/hhd/legdet_ws/install/leg_detector_msgs/include/leg_detector_msgs
[0.701s] -- Up-to-date: /home/hhd/legdet_ws/install/leg_detector_msgs/include/leg_detector_msgs/msg
[0.701s] -- Up-to-date: /home/hhd/legdet_ws/install/leg_detector_msgs/include/leg_detector_msgs/msg/detail
[0.701s] -- Up-to-date: /home/hhd/legdet_ws/install/leg_detector_msgs/include/leg_detector_msgs/msg/detail/leg_array__rosidl_typesupport_introspection_cpp.hpp
[0.702s] -- Up-to-date: /home/hhd/legdet_ws/install/leg_detector_msgs/include/leg_detector_msgs/msg/detail/leg__type_support.cpp
[0.702s] -- Up-to-date: /home/hhd/legdet_ws/install/leg_detector_msgs/include/leg_detector_msgs/msg/detail/person__type_support.cpp
[0.702s] -- Up-to-date: /home/hhd/legdet_ws/install/leg_detector_msgs/include/leg_detector_msgs/msg/detail/person_array__type_support.cpp
[0.702s] -- Up-to-date: /home/hhd/legdet_ws/install/leg_detector_msgs/include/leg_detector_msgs/msg/detail/leg_array__type_support.cpp
[0.702s] -- Up-to-date: /home/hhd/legdet_ws/install/leg_detector_msgs/include/leg_detector_msgs/msg/detail/person__rosidl_typesupport_introspection_cpp.hpp
[0.702s] -- Up-to-date: /home/hhd/legdet_ws/install/leg_detector_msgs/include/leg_detector_msgs/msg/detail/person_array__rosidl_typesupport_introspection_cpp.hpp
[0.702s] -- Up-to-date: /home/hhd/legdet_ws/install/leg_detector_msgs/include/leg_detector_msgs/msg/detail/leg__rosidl_typesupport_introspection_cpp.hpp
[0.702s] -- Up-to-date: /home/hhd/legdet_ws/install/leg_detector_msgs/lib/libleg_detector_msgs__rosidl_typesupport_introspection_cpp.so
[0.702s] -- Up-to-date: /home/hhd/legdet_ws/install/leg_detector_msgs/lib/libleg_detector_msgs__rosidl_typesupport_cpp.so
[0.702s] -- Up-to-date: /home/hhd/legdet_ws/install/leg_detector_msgs/share/leg_detector_msgs/environment/pythonpath.sh
[0.702s] -- Up-to-date: /home/hhd/legdet_ws/install/leg_detector_msgs/share/leg_detector_msgs/environment/pythonpath.dsv
[0.702s] -- Up-to-date: /home/hhd/legdet_ws/install/leg_detector_msgs/lib/python3.8/site-packages/leg_detector_msgs/__init__.py
[0.728s] -- Up-to-date: /home/hhd/legdet_ws/install/leg_detector_msgs/lib/python3.8/site-packages/leg_detector_msgs/msg
[0.728s] -- Up-to-date: /home/hhd/legdet_ws/install/leg_detector_msgs/lib/python3.8/site-packages/leg_detector_msgs/msg/_leg.py
[0.729s] -- Up-to-date: /home/hhd/legdet_ws/install/leg_detector_msgs/lib/python3.8/site-packages/leg_detector_msgs/msg/_leg_s.c
[0.729s] -- Up-to-date: /home/hhd/legdet_ws/install/leg_detector_msgs/lib/python3.8/site-packages/leg_detector_msgs/msg/_leg_array.py
[0.729s] -- Up-to-date: /home/hhd/legdet_ws/install/leg_detector_msgs/lib/python3.8/site-packages/leg_detector_msgs/msg/_person_s.c
[0.729s] -- Up-to-date: /home/hhd/legdet_ws/install/leg_detector_msgs/lib/python3.8/site-packages/leg_detector_msgs/msg/_person_array_s.c
[0.729s] -- Up-to-date: /home/hhd/legdet_ws/install/leg_detector_msgs/lib/python3.8/site-packages/leg_detector_msgs/msg/_person_array.py
[0.729s] -- Up-to-date: /home/hhd/legdet_ws/install/leg_detector_msgs/lib/python3.8/site-packages/leg_detector_msgs/msg/_leg_array_s.c
[0.729s] -- Up-to-date: /home/hhd/legdet_ws/install/leg_detector_msgs/lib/python3.8/site-packages/leg_detector_msgs/msg/__init__.py
[0.729s] -- Up-to-date: /home/hhd/legdet_ws/install/leg_detector_msgs/lib/python3.8/site-packages/leg_detector_msgs/msg/_person.py
[0.730s] -- Up-to-date: /home/hhd/legdet_ws/install/leg_detector_msgs/lib/python3.8/site-packages/leg_detector_msgs/leg_detector_msgs_s__rosidl_typesupport_fastrtps_c.cpython-38-x86_64-linux-gnu.so
[0.731s] -- Up-to-date: /home/hhd/legdet_ws/install/leg_detector_msgs/lib/python3.8/site-packages/leg_detector_msgs/leg_detector_msgs_s__rosidl_typesupport_introspection_c.cpython-38-x86_64-linux-gnu.so
[0.733s] -- Up-to-date: /home/hhd/legdet_ws/install/leg_detector_msgs/lib/python3.8/site-packages/leg_detector_msgs/leg_detector_msgs_s__rosidl_typesupport_c.cpython-38-x86_64-linux-gnu.so
[0.733s] -- Up-to-date: /home/hhd/legdet_ws/install/leg_detector_msgs/lib/libleg_detector_msgs__python.so
[0.734s] -- Up-to-date: /home/hhd/legdet_ws/install/leg_detector_msgs/share/leg_detector_msgs/msg/Leg.idl
[0.734s] -- Up-to-date: /home/hhd/legdet_ws/install/leg_detector_msgs/share/leg_detector_msgs/msg/LegArray.idl
[0.734s] -- Up-to-date: /home/hhd/legdet_ws/install/leg_detector_msgs/share/leg_detector_msgs/msg/Person.idl
[0.734s] -- Up-to-date: /home/hhd/legdet_ws/install/leg_detector_msgs/share/leg_detector_msgs/msg/PersonArray.idl
[0.734s] -- Up-to-date: /home/hhd/legdet_ws/install/leg_detector_msgs/share/leg_detector_msgs/msg/Leg.msg
[0.734s] -- Up-to-date: /home/hhd/legdet_ws/install/leg_detector_msgs/share/leg_detector_msgs/msg/LegArray.msg
[0.734s] -- Up-to-date: /home/hhd/legdet_ws/install/leg_detector_msgs/share/leg_detector_msgs/msg/Person.msg
[0.735s] -- Up-to-date: /home/hhd/legdet_ws/install/leg_detector_msgs/share/leg_detector_msgs/msg/PersonArray.msg
[0.735s] -- Up-to-date: /home/hhd/legdet_ws/install/leg_detector_msgs/share/ament_index/resource_index/package_run_dependencies/leg_detector_msgs
[0.735s] -- Up-to-date: /home/hhd/legdet_ws/install/leg_detector_msgs/share/ament_index/resource_index/parent_prefix_path/leg_detector_msgs
[0.735s] -- Up-to-date: /home/hhd/legdet_ws/install/leg_detector_msgs/share/leg_detector_msgs/environment/ament_prefix_path.sh
[0.735s] -- Up-to-date: /home/hhd/legdet_ws/install/leg_detector_msgs/share/leg_detector_msgs/environment/ament_prefix_path.dsv
[0.735s] -- Up-to-date: /home/hhd/legdet_ws/install/leg_detector_msgs/share/leg_detector_msgs/environment/path.sh
[0.735s] -- Up-to-date: /home/hhd/legdet_ws/install/leg_detector_msgs/share/leg_detector_msgs/environment/path.dsv
[0.735s] -- Up-to-date: /home/hhd/legdet_ws/install/leg_detector_msgs/share/leg_detector_msgs/local_setup.bash
[0.735s] -- Up-to-date: /home/hhd/legdet_ws/install/leg_detector_msgs/share/leg_detector_msgs/local_setup.sh
[0.736s] -- Up-to-date: /home/hhd/legdet_ws/install/leg_detector_msgs/share/leg_detector_msgs/local_setup.zsh
[0.736s] -- Up-to-date: /home/hhd/legdet_ws/install/leg_detector_msgs/share/leg_detector_msgs/local_setup.dsv
[0.736s] -- Installing: /home/hhd/legdet_ws/install/leg_detector_msgs/share/leg_detector_msgs/package.dsv
[0.736s] -- Up-to-date: /home/hhd/legdet_ws/install/leg_detector_msgs/share/ament_index/resource_index/packages/leg_detector_msgs
[0.736s] -- Up-to-date: /home/hhd/legdet_ws/install/leg_detector_msgs/share/leg_detector_msgs/cmake/leg_detector_msgs__rosidl_generator_cExport.cmake
[0.736s] -- Up-to-date: /home/hhd/legdet_ws/install/leg_detector_msgs/share/leg_detector_msgs/cmake/leg_detector_msgs__rosidl_generator_cExport-noconfig.cmake
[0.736s] -- Up-to-date: /home/hhd/legdet_ws/install/leg_detector_msgs/share/leg_detector_msgs/cmake/leg_detector_msgs__rosidl_typesupport_introspection_cExport.cmake
[0.736s] -- Up-to-date: /home/hhd/legdet_ws/install/leg_detector_msgs/share/leg_detector_msgs/cmake/leg_detector_msgs__rosidl_typesupport_introspection_cExport-noconfig.cmake
[0.737s] -- Up-to-date: /home/hhd/legdet_ws/install/leg_detector_msgs/share/leg_detector_msgs/cmake/leg_detector_msgs__rosidl_typesupport_cExport.cmake
[0.737s] -- Up-to-date: /home/hhd/legdet_ws/install/leg_detector_msgs/share/leg_detector_msgs/cmake/leg_detector_msgs__rosidl_typesupport_cExport-noconfig.cmake
[0.737s] -- Up-to-date: /home/hhd/legdet_ws/install/leg_detector_msgs/share/leg_detector_msgs/cmake/leg_detector_msgs__rosidl_generator_cppExport.cmake
[0.737s] -- Up-to-date: /home/hhd/legdet_ws/install/leg_detector_msgs/share/leg_detector_msgs/cmake/leg_detector_msgs__rosidl_typesupport_introspection_cppExport.cmake
[0.738s] -- Up-to-date: /home/hhd/legdet_ws/install/leg_detector_msgs/share/leg_detector_msgs/cmake/leg_detector_msgs__rosidl_typesupport_introspection_cppExport-noconfig.cmake
[0.738s] -- Up-to-date: /home/hhd/legdet_ws/install/leg_detector_msgs/share/leg_detector_msgs/cmake/leg_detector_msgs__rosidl_typesupport_cppExport.cmake
[0.738s] -- Up-to-date: /home/hhd/legdet_ws/install/leg_detector_msgs/share/leg_detector_msgs/cmake/leg_detector_msgs__rosidl_typesupport_cppExport-noconfig.cmake
[0.738s] -- Up-to-date: /home/hhd/legdet_ws/install/leg_detector_msgs/share/leg_detector_msgs/cmake/rosidl_cmake-extras.cmake
[0.738s] -- Up-to-date: /home/hhd/legdet_ws/install/leg_detector_msgs/share/leg_detector_msgs/cmake/ament_cmake_export_dependencies-extras.cmake
[0.738s] -- Up-to-date: /home/hhd/legdet_ws/install/leg_detector_msgs/share/leg_detector_msgs/cmake/ament_cmake_export_libraries-extras.cmake
[0.739s] -- Up-to-date: /home/hhd/legdet_ws/install/leg_detector_msgs/share/leg_detector_msgs/cmake/ament_cmake_export_targets-extras.cmake
[0.739s] -- Up-to-date: /home/hhd/legdet_ws/install/leg_detector_msgs/share/leg_detector_msgs/cmake/ament_cmake_export_include_directories-extras.cmake
[0.739s] -- Up-to-date: /home/hhd/legdet_ws/install/leg_detector_msgs/share/leg_detector_msgs/cmake/rosidl_cmake_export_typesupport_libraries-extras.cmake
[0.739s] -- Up-to-date: /home/hhd/legdet_ws/install/leg_detector_msgs/share/leg_detector_msgs/cmake/rosidl_cmake_export_typesupport_targets-extras.cmake
[0.739s] -- Up-to-date: /home/hhd/legdet_ws/install/leg_detector_msgs/share/leg_detector_msgs/cmake/leg_detector_msgsConfig.cmake
[0.739s] -- Up-to-date: /home/hhd/legdet_ws/install/leg_detector_msgs/share/leg_detector_msgs/cmake/leg_detector_msgsConfig-version.cmake
[0.739s] -- Up-to-date: /home/hhd/legdet_ws/install/leg_detector_msgs/share/leg_detector_msgs/package.xml
[0.741s] Invoked command in '/home/hhd/legdet_ws/build/leg_detector_msgs' returned '0': CMAKE_PREFIX_PATH=${CMAKE_PREFIX_PATH}:/home/hhd/.ros2_ws/install/qr_track_alvar:/opt/ros/galactic CONDA_PROMPT_MODIFIER=(peopleros2) /usr/bin/cmake --install /home/hhd/legdet_ws/build/leg_detector_msgs
