[0.242s] Invoking command in '/home/hhd/legdet_ws/build/leg_detector_msgs': CMAKE_PREFIX_PATH=${CMAKE_PREFIX_PATH}:/home/hhd/.ros2_ws/install/qr_track_alvar:/opt/ros/galactic CONDA_PROMPT_MODIFIER=(peopleros2) /usr/bin/cmake --build /home/hhd/legdet_ws/build/leg_detector_msgs -- -j12 -l12
[0.318s] [  1%] Built target leg_detector_msgs__cpp
[0.319s] [ 12%] Built target leg_detector_msgs__rosidl_generator_c
[0.343s] [ 23%] Built target leg_detector_msgs__rosidl_typesupport_introspection_c
[0.345s] [ 34%] Built target leg_detector_msgs__rosidl_typesupport_cpp
[0.348s] [ 45%] Built target leg_detector_msgs__rosidl_typesupport_introspection_cpp
[0.349s] [ 56%] Built target leg_detector_msgs__rosidl_typesupport_fastrtps_cpp
[0.351s] [ 67%] Built target leg_detector_msgs__rosidl_typesupport_c
[0.386s] [ 78%] Built target leg_detector_msgs__rosidl_typesupport_fastrtps_c
[0.416s] [ 78%] Built target leg_detector_msgs
[0.446s] [ 80%] Built target leg_detector_msgs__py
[0.496s] [ 89%] Built target leg_detector_msgs__python
[0.533s] [ 92%] Built target leg_detector_msgs__rosidl_typesupport_fastrtps_c__pyext
[0.534s] [ 96%] Built target leg_detector_msgs__rosidl_typesupport_c__pyext
[0.542s] [100%] Built target leg_detector_msgs__rosidl_typesupport_introspection_c__pyext
[0.561s] Invoked command in '/home/hhd/legdet_ws/build/leg_detector_msgs' returned '0': CMAKE_PREFIX_PATH=${CMAKE_PREFIX_PATH}:/home/hhd/.ros2_ws/install/qr_track_alvar:/opt/ros/galactic CONDA_PROMPT_MODIFIER=(peopleros2) /usr/bin/cmake --build /home/hhd/legdet_ws/build/leg_detector_msgs -- -j12 -l12
[0.747s] Invoking command in '/home/hhd/legdet_ws/build/leg_detector_msgs': CMAKE_PREFIX_PATH=${CMAKE_PREFIX_PATH}:/home/hhd/.ros2_ws/install/qr_track_alvar:/opt/ros/galactic CONDA_PROMPT_MODIFIER=(peopleros2) /usr/bin/cmake --install /home/hhd/legdet_ws/build/leg_detector_msgs
[0.761s] -- Install configuration: ""
[0.761s] -- Up-to-date: /home/hhd/legdet_ws/install/leg_detector_msgs/share/ament_index/resource_index/rosidl_interfaces/leg_detector_msgs
[0.761s] -- Up-to-date: /home/hhd/legdet_ws/install/leg_detector_msgs/include/leg_detector_msgs
[0.761s] -- Up-to-date: /home/hhd/legdet_ws/install/leg_detector_msgs/include/leg_detector_msgs/msg
[0.761s] -- Up-to-date: /home/hhd/legdet_ws/install/leg_detector_msgs/include/leg_detector_msgs/msg/leg.h
[0.761s] -- Up-to-date: /home/hhd/legdet_ws/install/leg_detector_msgs/include/leg_detector_msgs/msg/rosidl_generator_c__visibility_control.h
[0.761s] -- Up-to-date: /home/hhd/legdet_ws/install/leg_detector_msgs/include/leg_detector_msgs/msg/detail
[0.762s] -- Up-to-date: /home/hhd/legdet_ws/install/leg_detector_msgs/include/leg_detector_msgs/msg/detail/leg_array__functions.c
[0.762s] -- Up-to-date: /home/hhd/legdet_ws/install/leg_detector_msgs/include/leg_detector_msgs/msg/detail/person_array__type_support.h
[0.762s] -- Up-to-date: /home/hhd/legdet_ws/install/leg_detector_msgs/include/leg_detector_msgs/msg/detail/person__functions.h
[0.762s] -- Up-to-date: /home/hhd/legdet_ws/install/leg_detector_msgs/include/leg_detector_msgs/msg/detail/person_array__functions.c
[0.762s] -- Up-to-date: /home/hhd/legdet_ws/install/leg_detector_msgs/include/leg_detector_msgs/msg/detail/leg_array__struct.h
[0.762s] -- Up-to-date: /home/hhd/legdet_ws/install/leg_detector_msgs/include/leg_detector_msgs/msg/detail/person__functions.c
[0.762s] -- Up-to-date: /home/hhd/legdet_ws/install/leg_detector_msgs/include/leg_detector_msgs/msg/detail/person__struct.h
[0.762s] -- Up-to-date: /home/hhd/legdet_ws/install/leg_detector_msgs/include/leg_detector_msgs/msg/detail/person_array__struct.h
[0.763s] -- Up-to-date: /home/hhd/legdet_ws/install/leg_detector_msgs/include/leg_detector_msgs/msg/detail/leg__struct.h
[0.763s] -- Up-to-date: /home/hhd/legdet_ws/install/leg_detector_msgs/include/leg_detector_msgs/msg/detail/leg_array__functions.h
[0.763s] -- Up-to-date: /home/hhd/legdet_ws/install/leg_detector_msgs/include/leg_detector_msgs/msg/detail/leg_array__type_support.h
[0.763s] -- Up-to-date: /home/hhd/legdet_ws/install/leg_detector_msgs/include/leg_detector_msgs/msg/detail/person__type_support.h
[0.763s] -- Up-to-date: /home/hhd/legdet_ws/install/leg_detector_msgs/include/leg_detector_msgs/msg/detail/person_array__functions.h
[0.763s] -- Up-to-date: /home/hhd/legdet_ws/install/leg_detector_msgs/include/leg_detector_msgs/msg/detail/leg__functions.c
[0.764s] -- Up-to-date: /home/hhd/legdet_ws/install/leg_detector_msgs/include/leg_detector_msgs/msg/detail/leg__functions.h
[0.764s] -- Up-to-date: /home/hhd/legdet_ws/install/leg_detector_msgs/include/leg_detector_msgs/msg/detail/leg__type_support.h
[0.764s] -- Up-to-date: /home/hhd/legdet_ws/install/leg_detector_msgs/include/leg_detector_msgs/msg/person.h
[0.764s] -- Up-to-date: /home/hhd/legdet_ws/install/leg_detector_msgs/include/leg_detector_msgs/msg/person_array.h
[0.764s] -- Up-to-date: /home/hhd/legdet_ws/install/leg_detector_msgs/include/leg_detector_msgs/msg/leg_array.h
[0.764s] -- Up-to-date: /home/hhd/legdet_ws/install/leg_detector_msgs/share/leg_detector_msgs/environment/library_path.sh
[0.765s] -- Up-to-date: /home/hhd/legdet_ws/install/leg_detector_msgs/share/leg_detector_msgs/environment/library_path.dsv
[0.765s] -- Up-to-date: /home/hhd/legdet_ws/install/leg_detector_msgs/lib/libleg_detector_msgs__rosidl_generator_c.so
[0.765s] -- Up-to-date: /home/hhd/legdet_ws/install/leg_detector_msgs/include/leg_detector_msgs
[0.765s] -- Up-to-date: /home/hhd/legdet_ws/install/leg_detector_msgs/include/leg_detector_msgs/msg
[0.765s] -- Up-to-date: /home/hhd/legdet_ws/install/leg_detector_msgs/include/leg_detector_msgs/msg/rosidl_typesupport_fastrtps_c__visibility_control.h
[0.765s] -- Up-to-date: /home/hhd/legdet_ws/install/leg_detector_msgs/include/leg_detector_msgs/msg/detail
[0.765s] -- Up-to-date: /home/hhd/legdet_ws/install/leg_detector_msgs/include/leg_detector_msgs/msg/detail/leg__rosidl_typesupport_fastrtps_c.h
[0.765s] -- Up-to-date: /home/hhd/legdet_ws/install/leg_detector_msgs/include/leg_detector_msgs/msg/detail/leg_array__rosidl_typesupport_fastrtps_c.h
[0.765s] -- Up-to-date: /home/hhd/legdet_ws/install/leg_detector_msgs/include/leg_detector_msgs/msg/detail/person__rosidl_typesupport_fastrtps_c.h
[0.766s] -- Up-to-date: /home/hhd/legdet_ws/install/leg_detector_msgs/include/leg_detector_msgs/msg/detail/person_array__rosidl_typesupport_fastrtps_c.h
[0.766s] -- Up-to-date: /home/hhd/legdet_ws/install/leg_detector_msgs/lib/libleg_detector_msgs__rosidl_typesupport_fastrtps_c.so
[0.766s] -- Up-to-date: /home/hhd/legdet_ws/install/leg_detector_msgs/include/leg_detector_msgs
[0.766s] -- Up-to-date: /home/hhd/legdet_ws/install/leg_detector_msgs/include/leg_detector_msgs/msg
[0.766s] -- Up-to-date: /home/hhd/legdet_ws/install/leg_detector_msgs/include/leg_detector_msgs/msg/rosidl_typesupport_fastrtps_cpp__visibility_control.h
[0.766s] -- Up-to-date: /home/hhd/legdet_ws/install/leg_detector_msgs/include/leg_detector_msgs/msg/detail
[0.766s] -- Up-to-date: /home/hhd/legdet_ws/install/leg_detector_msgs/include/leg_detector_msgs/msg/detail/person__rosidl_typesupport_fastrtps_cpp.hpp
[0.766s] -- Up-to-date: /home/hhd/legdet_ws/install/leg_detector_msgs/include/leg_detector_msgs/msg/detail/dds_fastrtps
[0.766s] -- Up-to-date: /home/hhd/legdet_ws/install/leg_detector_msgs/include/leg_detector_msgs/msg/detail/leg_array__rosidl_typesupport_fastrtps_cpp.hpp
[0.767s] -- Up-to-date: /home/hhd/legdet_ws/install/leg_detector_msgs/include/leg_detector_msgs/msg/detail/person_array__rosidl_typesupport_fastrtps_cpp.hpp
[0.767s] -- Up-to-date: /home/hhd/legdet_ws/install/leg_detector_msgs/include/leg_detector_msgs/msg/detail/leg__rosidl_typesupport_fastrtps_cpp.hpp
[0.767s] -- Up-to-date: /home/hhd/legdet_ws/install/leg_detector_msgs/lib/libleg_detector_msgs__rosidl_typesupport_fastrtps_cpp.so
[0.767s] -- Up-to-date: /home/hhd/legdet_ws/install/leg_detector_msgs/include/leg_detector_msgs
[0.767s] -- Up-to-date: /home/hhd/legdet_ws/install/leg_detector_msgs/include/leg_detector_msgs/msg
[0.767s] -- Up-to-date: /home/hhd/legdet_ws/install/leg_detector_msgs/include/leg_detector_msgs/msg/rosidl_typesupport_introspection_c__visibility_control.h
[0.767s] -- Up-to-date: /home/hhd/legdet_ws/install/leg_detector_msgs/include/leg_detector_msgs/msg/detail
[0.767s] -- Up-to-date: /home/hhd/legdet_ws/install/leg_detector_msgs/include/leg_detector_msgs/msg/detail/person_array__rosidl_typesupport_introspection_c.h
[0.768s] -- Up-to-date: /home/hhd/legdet_ws/install/leg_detector_msgs/include/leg_detector_msgs/msg/detail/person__type_support.c
[0.768s] -- Up-to-date: /home/hhd/legdet_ws/install/leg_detector_msgs/include/leg_detector_msgs/msg/detail/person__rosidl_typesupport_introspection_c.h
[0.768s] -- Up-to-date: /home/hhd/legdet_ws/install/leg_detector_msgs/include/leg_detector_msgs/msg/detail/person_array__type_support.c
[0.768s] -- Up-to-date: /home/hhd/legdet_ws/install/leg_detector_msgs/include/leg_detector_msgs/msg/detail/leg__type_support.c
[0.768s] -- Up-to-date: /home/hhd/legdet_ws/install/leg_detector_msgs/include/leg_detector_msgs/msg/detail/leg_array__type_support.c
[0.769s] -- Up-to-date: /home/hhd/legdet_ws/install/leg_detector_msgs/include/leg_detector_msgs/msg/detail/leg__rosidl_typesupport_introspection_c.h
[0.769s] -- Up-to-date: /home/hhd/legdet_ws/install/leg_detector_msgs/include/leg_detector_msgs/msg/detail/leg_array__rosidl_typesupport_introspection_c.h
[0.769s] -- Up-to-date: /home/hhd/legdet_ws/install/leg_detector_msgs/lib/libleg_detector_msgs__rosidl_typesupport_introspection_c.so
[0.769s] -- Up-to-date: /home/hhd/legdet_ws/install/leg_detector_msgs/lib/libleg_detector_msgs__rosidl_typesupport_c.so
[0.769s] -- Up-to-date: /home/hhd/legdet_ws/install/leg_detector_msgs/include/leg_detector_msgs
[0.769s] -- Up-to-date: /home/hhd/legdet_ws/install/leg_detector_msgs/include/leg_detector_msgs/msg
[0.769s] -- Up-to-date: /home/hhd/legdet_ws/install/leg_detector_msgs/include/leg_detector_msgs/msg/leg_array.hpp
[0.769s] -- Up-to-date: /home/hhd/legdet_ws/install/leg_detector_msgs/include/leg_detector_msgs/msg/leg.hpp
[0.769s] -- Up-to-date: /home/hhd/legdet_ws/install/leg_detector_msgs/include/leg_detector_msgs/msg/person_array.hpp
[0.769s] -- Up-to-date: /home/hhd/legdet_ws/install/leg_detector_msgs/include/leg_detector_msgs/msg/detail
[0.769s] -- Up-to-date: /home/hhd/legdet_ws/install/leg_detector_msgs/include/leg_detector_msgs/msg/detail/person_array__struct.hpp
[0.770s] -- Up-to-date: /home/hhd/legdet_ws/install/leg_detector_msgs/include/leg_detector_msgs/msg/detail/person__builder.hpp
[0.770s] -- Up-to-date: /home/hhd/legdet_ws/install/leg_detector_msgs/include/leg_detector_msgs/msg/detail/person__traits.hpp
[0.770s] -- Up-to-date: /home/hhd/legdet_ws/install/leg_detector_msgs/include/leg_detector_msgs/msg/detail/leg__traits.hpp
[0.770s] -- Up-to-date: /home/hhd/legdet_ws/install/leg_detector_msgs/include/leg_detector_msgs/msg/detail/person__struct.hpp
[0.770s] -- Up-to-date: /home/hhd/legdet_ws/install/leg_detector_msgs/include/leg_detector_msgs/msg/detail/leg__builder.hpp
[0.770s] -- Up-to-date: /home/hhd/legdet_ws/install/leg_detector_msgs/include/leg_detector_msgs/msg/detail/person_array__builder.hpp
[0.770s] -- Up-to-date: /home/hhd/legdet_ws/install/leg_detector_msgs/include/leg_detector_msgs/msg/detail/leg__struct.hpp
[0.770s] -- Up-to-date: /home/hhd/legdet_ws/install/leg_detector_msgs/include/leg_detector_msgs/msg/detail/person_array__traits.hpp
[0.770s] -- Up-to-date: /home/hhd/legdet_ws/install/leg_detector_msgs/include/leg_detector_msgs/msg/detail/leg_array__traits.hpp
[0.770s] -- Up-to-date: /home/hhd/legdet_ws/install/leg_detector_msgs/include/leg_detector_msgs/msg/detail/leg_array__builder.hpp
[0.770s] -- Up-to-date: /home/hhd/legdet_ws/install/leg_detector_msgs/include/leg_detector_msgs/msg/detail/leg_array__struct.hpp
[0.770s] -- Up-to-date: /home/hhd/legdet_ws/install/leg_detector_msgs/include/leg_detector_msgs/msg/person.hpp
[0.770s] -- Up-to-date: /home/hhd/legdet_ws/install/leg_detector_msgs/include/leg_detector_msgs
[0.770s] -- Up-to-date: /home/hhd/legdet_ws/install/leg_detector_msgs/include/leg_detector_msgs/msg
[0.770s] -- Up-to-date: /home/hhd/legdet_ws/install/leg_detector_msgs/include/leg_detector_msgs/msg/detail
[0.770s] -- Up-to-date: /home/hhd/legdet_ws/install/leg_detector_msgs/include/leg_detector_msgs/msg/detail/leg_array__rosidl_typesupport_introspection_cpp.hpp
[0.770s] -- Up-to-date: /home/hhd/legdet_ws/install/leg_detector_msgs/include/leg_detector_msgs/msg/detail/leg__type_support.cpp
[0.770s] -- Up-to-date: /home/hhd/legdet_ws/install/leg_detector_msgs/include/leg_detector_msgs/msg/detail/person__type_support.cpp
[0.770s] -- Up-to-date: /home/hhd/legdet_ws/install/leg_detector_msgs/include/leg_detector_msgs/msg/detail/person_array__type_support.cpp
[0.771s] -- Up-to-date: /home/hhd/legdet_ws/install/leg_detector_msgs/include/leg_detector_msgs/msg/detail/leg_array__type_support.cpp
[0.771s] -- Up-to-date: /home/hhd/legdet_ws/install/leg_detector_msgs/include/leg_detector_msgs/msg/detail/person__rosidl_typesupport_introspection_cpp.hpp
[0.771s] -- Up-to-date: /home/hhd/legdet_ws/install/leg_detector_msgs/include/leg_detector_msgs/msg/detail/person_array__rosidl_typesupport_introspection_cpp.hpp
[0.771s] -- Up-to-date: /home/hhd/legdet_ws/install/leg_detector_msgs/include/leg_detector_msgs/msg/detail/leg__rosidl_typesupport_introspection_cpp.hpp
[0.771s] -- Up-to-date: /home/hhd/legdet_ws/install/leg_detector_msgs/lib/libleg_detector_msgs__rosidl_typesupport_introspection_cpp.so
[0.771s] -- Up-to-date: /home/hhd/legdet_ws/install/leg_detector_msgs/lib/libleg_detector_msgs__rosidl_typesupport_cpp.so
[0.771s] -- Up-to-date: /home/hhd/legdet_ws/install/leg_detector_msgs/share/leg_detector_msgs/environment/pythonpath.sh
[0.771s] -- Up-to-date: /home/hhd/legdet_ws/install/leg_detector_msgs/share/leg_detector_msgs/environment/pythonpath.dsv
[0.771s] -- Up-to-date: /home/hhd/legdet_ws/install/leg_detector_msgs/lib/python3.8/site-packages/leg_detector_msgs/__init__.py
[0.795s] -- Up-to-date: /home/hhd/legdet_ws/install/leg_detector_msgs/lib/python3.8/site-packages/leg_detector_msgs/msg
[0.795s] -- Up-to-date: /home/hhd/legdet_ws/install/leg_detector_msgs/lib/python3.8/site-packages/leg_detector_msgs/msg/_leg.py
[0.795s] -- Up-to-date: /home/hhd/legdet_ws/install/leg_detector_msgs/lib/python3.8/site-packages/leg_detector_msgs/msg/_leg_s.c
[0.796s] -- Up-to-date: /home/hhd/legdet_ws/install/leg_detector_msgs/lib/python3.8/site-packages/leg_detector_msgs/msg/_leg_array.py
[0.796s] -- Up-to-date: /home/hhd/legdet_ws/install/leg_detector_msgs/lib/python3.8/site-packages/leg_detector_msgs/msg/_person_s.c
[0.796s] -- Up-to-date: /home/hhd/legdet_ws/install/leg_detector_msgs/lib/python3.8/site-packages/leg_detector_msgs/msg/_person_array_s.c
[0.796s] -- Up-to-date: /home/hhd/legdet_ws/install/leg_detector_msgs/lib/python3.8/site-packages/leg_detector_msgs/msg/_person_array.py
[0.796s] -- Up-to-date: /home/hhd/legdet_ws/install/leg_detector_msgs/lib/python3.8/site-packages/leg_detector_msgs/msg/_leg_array_s.c
[0.796s] -- Up-to-date: /home/hhd/legdet_ws/install/leg_detector_msgs/lib/python3.8/site-packages/leg_detector_msgs/msg/__init__.py
[0.796s] -- Up-to-date: /home/hhd/legdet_ws/install/leg_detector_msgs/lib/python3.8/site-packages/leg_detector_msgs/msg/_person.py
[0.796s] -- Up-to-date: /home/hhd/legdet_ws/install/leg_detector_msgs/lib/python3.8/site-packages/leg_detector_msgs/leg_detector_msgs_s__rosidl_typesupport_fastrtps_c.cpython-38-x86_64-linux-gnu.so
[0.797s] -- Up-to-date: /home/hhd/legdet_ws/install/leg_detector_msgs/lib/python3.8/site-packages/leg_detector_msgs/leg_detector_msgs_s__rosidl_typesupport_introspection_c.cpython-38-x86_64-linux-gnu.so
[0.799s] -- Up-to-date: /home/hhd/legdet_ws/install/leg_detector_msgs/lib/python3.8/site-packages/leg_detector_msgs/leg_detector_msgs_s__rosidl_typesupport_c.cpython-38-x86_64-linux-gnu.so
[0.799s] -- Up-to-date: /home/hhd/legdet_ws/install/leg_detector_msgs/lib/libleg_detector_msgs__python.so
[0.800s] -- Up-to-date: /home/hhd/legdet_ws/install/leg_detector_msgs/share/leg_detector_msgs/msg/Leg.idl
[0.800s] -- Up-to-date: /home/hhd/legdet_ws/install/leg_detector_msgs/share/leg_detector_msgs/msg/LegArray.idl
[0.800s] -- Up-to-date: /home/hhd/legdet_ws/install/leg_detector_msgs/share/leg_detector_msgs/msg/Person.idl
[0.800s] -- Up-to-date: /home/hhd/legdet_ws/install/leg_detector_msgs/share/leg_detector_msgs/msg/PersonArray.idl
[0.800s] -- Up-to-date: /home/hhd/legdet_ws/install/leg_detector_msgs/share/leg_detector_msgs/msg/Leg.msg
[0.800s] -- Up-to-date: /home/hhd/legdet_ws/install/leg_detector_msgs/share/leg_detector_msgs/msg/LegArray.msg
[0.801s] -- Up-to-date: /home/hhd/legdet_ws/install/leg_detector_msgs/share/leg_detector_msgs/msg/Person.msg
[0.801s] -- Up-to-date: /home/hhd/legdet_ws/install/leg_detector_msgs/share/leg_detector_msgs/msg/PersonArray.msg
[0.801s] -- Up-to-date: /home/hhd/legdet_ws/install/leg_detector_msgs/share/ament_index/resource_index/package_run_dependencies/leg_detector_msgs
[0.801s] -- Up-to-date: /home/hhd/legdet_ws/install/leg_detector_msgs/share/ament_index/resource_index/parent_prefix_path/leg_detector_msgs
[0.801s] -- Up-to-date: /home/hhd/legdet_ws/install/leg_detector_msgs/share/leg_detector_msgs/environment/ament_prefix_path.sh
[0.801s] -- Up-to-date: /home/hhd/legdet_ws/install/leg_detector_msgs/share/leg_detector_msgs/environment/ament_prefix_path.dsv
[0.801s] -- Up-to-date: /home/hhd/legdet_ws/install/leg_detector_msgs/share/leg_detector_msgs/environment/path.sh
[0.801s] -- Up-to-date: /home/hhd/legdet_ws/install/leg_detector_msgs/share/leg_detector_msgs/environment/path.dsv
[0.802s] -- Up-to-date: /home/hhd/legdet_ws/install/leg_detector_msgs/share/leg_detector_msgs/local_setup.bash
[0.802s] -- Up-to-date: /home/hhd/legdet_ws/install/leg_detector_msgs/share/leg_detector_msgs/local_setup.sh
[0.802s] -- Up-to-date: /home/hhd/legdet_ws/install/leg_detector_msgs/share/leg_detector_msgs/local_setup.zsh
[0.802s] -- Up-to-date: /home/hhd/legdet_ws/install/leg_detector_msgs/share/leg_detector_msgs/local_setup.dsv
[0.802s] -- Installing: /home/hhd/legdet_ws/install/leg_detector_msgs/share/leg_detector_msgs/package.dsv
[0.802s] -- Up-to-date: /home/hhd/legdet_ws/install/leg_detector_msgs/share/ament_index/resource_index/packages/leg_detector_msgs
[0.802s] -- Up-to-date: /home/hhd/legdet_ws/install/leg_detector_msgs/share/leg_detector_msgs/cmake/leg_detector_msgs__rosidl_generator_cExport.cmake
[0.803s] -- Up-to-date: /home/hhd/legdet_ws/install/leg_detector_msgs/share/leg_detector_msgs/cmake/leg_detector_msgs__rosidl_generator_cExport-noconfig.cmake
[0.803s] -- Up-to-date: /home/hhd/legdet_ws/install/leg_detector_msgs/share/leg_detector_msgs/cmake/leg_detector_msgs__rosidl_typesupport_introspection_cExport.cmake
[0.803s] -- Up-to-date: /home/hhd/legdet_ws/install/leg_detector_msgs/share/leg_detector_msgs/cmake/leg_detector_msgs__rosidl_typesupport_introspection_cExport-noconfig.cmake
[0.803s] -- Up-to-date: /home/hhd/legdet_ws/install/leg_detector_msgs/share/leg_detector_msgs/cmake/leg_detector_msgs__rosidl_typesupport_cExport.cmake
[0.803s] -- Up-to-date: /home/hhd/legdet_ws/install/leg_detector_msgs/share/leg_detector_msgs/cmake/leg_detector_msgs__rosidl_typesupport_cExport-noconfig.cmake
[0.803s] -- Up-to-date: /home/hhd/legdet_ws/install/leg_detector_msgs/share/leg_detector_msgs/cmake/leg_detector_msgs__rosidl_generator_cppExport.cmake
[0.804s] -- Up-to-date: /home/hhd/legdet_ws/install/leg_detector_msgs/share/leg_detector_msgs/cmake/leg_detector_msgs__rosidl_typesupport_introspection_cppExport.cmake
[0.804s] -- Up-to-date: /home/hhd/legdet_ws/install/leg_detector_msgs/share/leg_detector_msgs/cmake/leg_detector_msgs__rosidl_typesupport_introspection_cppExport-noconfig.cmake
[0.804s] -- Up-to-date: /home/hhd/legdet_ws/install/leg_detector_msgs/share/leg_detector_msgs/cmake/leg_detector_msgs__rosidl_typesupport_cppExport.cmake
[0.804s] -- Up-to-date: /home/hhd/legdet_ws/install/leg_detector_msgs/share/leg_detector_msgs/cmake/leg_detector_msgs__rosidl_typesupport_cppExport-noconfig.cmake
[0.804s] -- Up-to-date: /home/hhd/legdet_ws/install/leg_detector_msgs/share/leg_detector_msgs/cmake/rosidl_cmake-extras.cmake
[0.804s] -- Up-to-date: /home/hhd/legdet_ws/install/leg_detector_msgs/share/leg_detector_msgs/cmake/ament_cmake_export_dependencies-extras.cmake
[0.804s] -- Up-to-date: /home/hhd/legdet_ws/install/leg_detector_msgs/share/leg_detector_msgs/cmake/ament_cmake_export_libraries-extras.cmake
[0.805s] -- Up-to-date: /home/hhd/legdet_ws/install/leg_detector_msgs/share/leg_detector_msgs/cmake/ament_cmake_export_targets-extras.cmake
[0.805s] -- Up-to-date: /home/hhd/legdet_ws/install/leg_detector_msgs/share/leg_detector_msgs/cmake/ament_cmake_export_include_directories-extras.cmake
[0.805s] -- Up-to-date: /home/hhd/legdet_ws/install/leg_detector_msgs/share/leg_detector_msgs/cmake/rosidl_cmake_export_typesupport_libraries-extras.cmake
[0.805s] -- Up-to-date: /home/hhd/legdet_ws/install/leg_detector_msgs/share/leg_detector_msgs/cmake/rosidl_cmake_export_typesupport_targets-extras.cmake
[0.805s] -- Up-to-date: /home/hhd/legdet_ws/install/leg_detector_msgs/share/leg_detector_msgs/cmake/leg_detector_msgsConfig.cmake
[0.805s] -- Up-to-date: /home/hhd/legdet_ws/install/leg_detector_msgs/share/leg_detector_msgs/cmake/leg_detector_msgsConfig-version.cmake
[0.805s] -- Up-to-date: /home/hhd/legdet_ws/install/leg_detector_msgs/share/leg_detector_msgs/package.xml
[0.808s] Invoked command in '/home/hhd/legdet_ws/build/leg_detector_msgs' returned '0': CMAKE_PREFIX_PATH=${CMAKE_PREFIX_PATH}:/home/hhd/.ros2_ws/install/qr_track_alvar:/opt/ros/galactic CONDA_PROMPT_MODIFIER=(peopleros2) /usr/bin/cmake --install /home/hhd/legdet_ws/build/leg_detector_msgs
