[2.102s] DEBUG:colcon:Command line arguments: ['/usr/bin/colcon', 'build']
[2.102s] DEBUG:colcon:Parsed command line arguments: Namespace(allow_overriding=[], ament_cmake_args=None, base_paths=['.'], build_base='build', catkin_cmake_args=None, catkin_skip_building_tests=False, cmake_args=None, cmake_clean_cache=False, cmake_clean_first=False, cmake_force_configure=False, cmake_target=None, cmake_target_skip_unavailable=False, continue_on_error=False, event_handlers=None, executor='parallel', ignore_user_meta=False, install_base='install', log_base=None, log_level=None, main=<bound method BuildVerb.main of <colcon_core.verb.build.BuildVerb object at 0x7fb7c4fac100>>, merge_install=False, metas=['./colcon.meta'], packages_above=None, packages_above_and_dependencies=None, packages_above_depth=None, packages_end=None, packages_ignore=None, packages_ignore_regex=None, packages_select=None, packages_select_build_failed=False, packages_select_by_dep=None, packages_select_regex=None, packages_select_test_failures=False, packages_skip=None, packages_skip_build_finished=False, packages_skip_by_dep=None, packages_skip_regex=None, packages_skip_test_passed=False, packages_skip_up_to=None, packages_start=None, packages_up_to=None, packages_up_to_regex=None, parallel_workers=12, paths=None, symlink_install=False, test_result_base=None, verb_extension=<colcon_core.verb.build.BuildVerb object at 0x7fb7c4fac100>, verb_name='build', verb_parser=<colcon_defaults.argument_parser.defaults.DefaultArgumentsDecorator object at 0x7fb7c4b02550>)
[2.185s] Level 1:colcon.colcon_core.package_discovery:discover_packages(colcon_meta) check parameters
[2.186s] Level 1:colcon.colcon_core.package_discovery:discover_packages(recursive) check parameters
[2.186s] Level 1:colcon.colcon_core.package_discovery:discover_packages(ignore) check parameters
[2.186s] Level 1:colcon.colcon_core.package_discovery:discover_packages(path) check parameters
[2.186s] Level 1:colcon.colcon_core.package_discovery:discover_packages(colcon_meta) discover
[2.186s] Level 1:colcon.colcon_core.package_discovery:discover_packages(recursive) discover
[2.186s] INFO:colcon.colcon_core.package_discovery:Crawling recursively for packages in '/home/hhd/legdet_ws'
[2.186s] Level 1:colcon.colcon_core.package_identification:_identify(.) by extensions ['ignore', 'ignore_ament_install']
[2.186s] Level 1:colcon.colcon_core.package_identification:_identify(.) by extension 'ignore'
[2.186s] Level 1:colcon.colcon_core.package_identification:_identify(.) by extension 'ignore_ament_install'
[2.186s] Level 1:colcon.colcon_core.package_identification:_identify(.) by extensions ['colcon_pkg']
[2.186s] Level 1:colcon.colcon_core.package_identification:_identify(.) by extension 'colcon_pkg'
[2.186s] Level 1:colcon.colcon_core.package_identification:_identify(.) by extensions ['colcon_meta']
[2.186s] Level 1:colcon.colcon_core.package_identification:_identify(.) by extension 'colcon_meta'
[2.186s] Level 1:colcon.colcon_core.package_identification:_identify(.) by extensions ['ros']
[2.186s] Level 1:colcon.colcon_core.package_identification:_identify(.) by extension 'ros'
[2.198s] Level 1:colcon.colcon_core.package_identification:_identify(.) by extensions ['cmake', 'python']
[2.198s] Level 1:colcon.colcon_core.package_identification:_identify(.) by extension 'cmake'
[2.198s] Level 1:colcon.colcon_core.package_identification:_identify(.) by extension 'python'
[2.198s] Level 1:colcon.colcon_core.package_identification:_identify(.) by extensions ['python_setup_py']
[2.198s] Level 1:colcon.colcon_core.package_identification:_identify(.) by extension 'python_setup_py'
[2.198s] Level 1:colcon.colcon_core.package_identification:_identify(build) by extensions ['ignore', 'ignore_ament_install']
[2.199s] Level 1:colcon.colcon_core.package_identification:_identify(build) by extension 'ignore'
[2.199s] Level 1:colcon.colcon_core.package_identification:_identify(build) ignored
[2.199s] Level 1:colcon.colcon_core.package_identification:_identify(install) by extensions ['ignore', 'ignore_ament_install']
[2.199s] Level 1:colcon.colcon_core.package_identification:_identify(install) by extension 'ignore'
[2.199s] Level 1:colcon.colcon_core.package_identification:_identify(install) ignored
[2.199s] Level 1:colcon.colcon_core.package_identification:_identify(log) by extensions ['ignore', 'ignore_ament_install']
[2.199s] Level 1:colcon.colcon_core.package_identification:_identify(log) by extension 'ignore'
[2.199s] Level 1:colcon.colcon_core.package_identification:_identify(log) ignored
[2.199s] Level 1:colcon.colcon_core.package_identification:_identify(src) by extensions ['ignore', 'ignore_ament_install']
[2.199s] Level 1:colcon.colcon_core.package_identification:_identify(src) by extension 'ignore'
[2.199s] Level 1:colcon.colcon_core.package_identification:_identify(src) by extension 'ignore_ament_install'
[2.199s] Level 1:colcon.colcon_core.package_identification:_identify(src) by extensions ['colcon_pkg']
[2.199s] Level 1:colcon.colcon_core.package_identification:_identify(src) by extension 'colcon_pkg'
[2.199s] Level 1:colcon.colcon_core.package_identification:_identify(src) by extensions ['colcon_meta']
[2.199s] Level 1:colcon.colcon_core.package_identification:_identify(src) by extension 'colcon_meta'
[2.199s] Level 1:colcon.colcon_core.package_identification:_identify(src) by extensions ['ros']
[2.199s] Level 1:colcon.colcon_core.package_identification:_identify(src) by extension 'ros'
[2.199s] Level 1:colcon.colcon_core.package_identification:_identify(src) by extensions ['cmake', 'python']
[2.199s] Level 1:colcon.colcon_core.package_identification:_identify(src) by extension 'cmake'
[2.200s] Level 1:colcon.colcon_core.package_identification:_identify(src) by extension 'python'
[2.200s] Level 1:colcon.colcon_core.package_identification:_identify(src) by extensions ['python_setup_py']
[2.200s] Level 1:colcon.colcon_core.package_identification:_identify(src) by extension 'python_setup_py'
[2.200s] Level 1:colcon.colcon_core.package_identification:_identify(src/leg_detector) by extensions ['ignore', 'ignore_ament_install']
[2.200s] Level 1:colcon.colcon_core.package_identification:_identify(src/leg_detector) by extension 'ignore'
[2.200s] Level 1:colcon.colcon_core.package_identification:_identify(src/leg_detector) by extension 'ignore_ament_install'
[2.200s] Level 1:colcon.colcon_core.package_identification:_identify(src/leg_detector) by extensions ['colcon_pkg']
[2.200s] Level 1:colcon.colcon_core.package_identification:_identify(src/leg_detector) by extension 'colcon_pkg'
[2.200s] Level 1:colcon.colcon_core.package_identification:_identify(src/leg_detector) by extensions ['colcon_meta']
[2.200s] Level 1:colcon.colcon_core.package_identification:_identify(src/leg_detector) by extension 'colcon_meta'
[2.200s] Level 1:colcon.colcon_core.package_identification:_identify(src/leg_detector) by extensions ['ros']
[2.200s] Level 1:colcon.colcon_core.package_identification:_identify(src/leg_detector) by extension 'ros'
[2.203s] DEBUG:colcon.colcon_core.package_identification:Package 'src/leg_detector' with type 'ros.ament_cmake' and name 'leg_detector'
[2.203s] Level 1:colcon.colcon_core.package_identification:_identify(src/leg_detector_msgs) by extensions ['ignore', 'ignore_ament_install']
[2.203s] Level 1:colcon.colcon_core.package_identification:_identify(src/leg_detector_msgs) by extension 'ignore'
[2.203s] Level 1:colcon.colcon_core.package_identification:_identify(src/leg_detector_msgs) by extension 'ignore_ament_install'
[2.203s] Level 1:colcon.colcon_core.package_identification:_identify(src/leg_detector_msgs) by extensions ['colcon_pkg']
[2.203s] Level 1:colcon.colcon_core.package_identification:_identify(src/leg_detector_msgs) by extension 'colcon_pkg'
[2.203s] Level 1:colcon.colcon_core.package_identification:_identify(src/leg_detector_msgs) by extensions ['colcon_meta']
[2.203s] Level 1:colcon.colcon_core.package_identification:_identify(src/leg_detector_msgs) by extension 'colcon_meta'
[2.203s] Level 1:colcon.colcon_core.package_identification:_identify(src/leg_detector_msgs) by extensions ['ros']
[2.203s] Level 1:colcon.colcon_core.package_identification:_identify(src/leg_detector_msgs) by extension 'ros'
[2.204s] DEBUG:colcon.colcon_core.package_identification:Package 'src/leg_detector_msgs' with type 'ros.ament_cmake' and name 'leg_detector_msgs'
[2.204s] Level 1:colcon.colcon_core.package_discovery:discover_packages(recursive) using defaults
[2.204s] Level 1:colcon.colcon_core.package_discovery:discover_packages(ignore) discover
[2.204s] Level 1:colcon.colcon_core.package_discovery:discover_packages(ignore) using defaults
[2.204s] Level 1:colcon.colcon_core.package_discovery:discover_packages(path) discover
[2.204s] Level 1:colcon.colcon_core.package_discovery:discover_packages(path) using defaults
[2.389s] Level 1:colcon.colcon_core.package_discovery:discover_packages(prefix_path) check parameters
[2.389s] Level 1:colcon.colcon_core.package_discovery:discover_packages(prefix_path) discover
[2.461s] DEBUG:colcon.colcon_installed_package_information.package_discovery:Found 3 installed packages in /home/hhd/legdet_ws/install
[2.510s] DEBUG:colcon.colcon_installed_package_information.package_discovery:Found 5 installed packages in /home/hhd/cartoros2_ws/install
[2.544s] DEBUG:colcon.colcon_installed_package_information.package_discovery:Found 3 installed packages in /home/hhd/.ros2_ws/install
[2.580s] DEBUG:colcon.colcon_installed_package_information.package_discovery:Found 354 installed packages in /opt/ros/galactic
[2.582s] Level 1:colcon.colcon_core.package_discovery:discover_packages(prefix_path) using defaults
[2.747s] Level 5:colcon.colcon_core.verb:set package 'leg_detector_msgs' build argument 'cmake_args' from command line to 'None'
[2.747s] Level 5:colcon.colcon_core.verb:set package 'leg_detector_msgs' build argument 'cmake_target' from command line to 'None'
[2.747s] Level 5:colcon.colcon_core.verb:set package 'leg_detector_msgs' build argument 'cmake_target_skip_unavailable' from command line to 'False'
[2.747s] Level 5:colcon.colcon_core.verb:set package 'leg_detector_msgs' build argument 'cmake_clean_cache' from command line to 'False'
[2.747s] Level 5:colcon.colcon_core.verb:set package 'leg_detector_msgs' build argument 'cmake_clean_first' from command line to 'False'
[2.747s] Level 5:colcon.colcon_core.verb:set package 'leg_detector_msgs' build argument 'cmake_force_configure' from command line to 'False'
[2.747s] Level 5:colcon.colcon_core.verb:set package 'leg_detector_msgs' build argument 'ament_cmake_args' from command line to 'None'
[2.747s] Level 5:colcon.colcon_core.verb:set package 'leg_detector_msgs' build argument 'catkin_cmake_args' from command line to 'None'
[2.747s] Level 5:colcon.colcon_core.verb:set package 'leg_detector_msgs' build argument 'catkin_skip_building_tests' from command line to 'False'
[2.747s] DEBUG:colcon.colcon_core.verb:Building package 'leg_detector_msgs' with the following arguments: {'ament_cmake_args': None, 'build_base': '/home/hhd/legdet_ws/build/leg_detector_msgs', 'catkin_cmake_args': None, 'catkin_skip_building_tests': False, 'cmake_args': None, 'cmake_clean_cache': False, 'cmake_clean_first': False, 'cmake_force_configure': False, 'cmake_target': None, 'cmake_target_skip_unavailable': False, 'install_base': '/home/hhd/legdet_ws/install/leg_detector_msgs', 'merge_install': False, 'path': '/home/hhd/legdet_ws/src/leg_detector_msgs', 'symlink_install': False, 'test_result_base': None}
[2.782s] Level 5:colcon.colcon_core.verb:set package 'leg_detector' build argument 'cmake_args' from command line to 'None'
[2.783s] Level 5:colcon.colcon_core.verb:set package 'leg_detector' build argument 'cmake_target' from command line to 'None'
[2.783s] Level 5:colcon.colcon_core.verb:set package 'leg_detector' build argument 'cmake_target_skip_unavailable' from command line to 'False'
[2.783s] Level 5:colcon.colcon_core.verb:set package 'leg_detector' build argument 'cmake_clean_cache' from command line to 'False'
[2.783s] Level 5:colcon.colcon_core.verb:set package 'leg_detector' build argument 'cmake_clean_first' from command line to 'False'
[2.783s] Level 5:colcon.colcon_core.verb:set package 'leg_detector' build argument 'cmake_force_configure' from command line to 'False'
[2.783s] Level 5:colcon.colcon_core.verb:set package 'leg_detector' build argument 'ament_cmake_args' from command line to 'None'
[2.783s] Level 5:colcon.colcon_core.verb:set package 'leg_detector' build argument 'catkin_cmake_args' from command line to 'None'
[2.783s] Level 5:colcon.colcon_core.verb:set package 'leg_detector' build argument 'catkin_skip_building_tests' from command line to 'False'
[2.783s] DEBUG:colcon.colcon_core.verb:Building package 'leg_detector' with the following arguments: {'ament_cmake_args': None, 'build_base': '/home/hhd/legdet_ws/build/leg_detector', 'catkin_cmake_args': None, 'catkin_skip_building_tests': False, 'cmake_args': None, 'cmake_clean_cache': False, 'cmake_clean_first': False, 'cmake_force_configure': False, 'cmake_target': None, 'cmake_target_skip_unavailable': False, 'install_base': '/home/hhd/legdet_ws/install/leg_detector', 'merge_install': False, 'path': '/home/hhd/legdet_ws/src/leg_detector', 'symlink_install': False, 'test_result_base': None}
[2.822s] INFO:colcon.colcon_core.executor:Executing jobs using 'parallel' executor
[2.861s] DEBUG:colcon.colcon_parallel_executor.executor.parallel:run_until_complete
[2.862s] INFO:colcon.colcon_ros.task.ament_cmake.build:Building ROS package in '/home/hhd/legdet_ws/src/leg_detector_msgs' with build type 'ament_cmake'
[2.862s] INFO:colcon.colcon_cmake.task.cmake.build:Building CMake package in '/home/hhd/legdet_ws/src/leg_detector_msgs'
[2.897s] INFO:colcon.colcon_core.plugin_system:Skipping extension 'colcon_core.shell.bat': Not used on non-Windows systems
[2.898s] INFO:colcon.colcon_core.shell:Skip shell extension 'powershell' for command environment: Not usable outside of PowerShell
[2.898s] DEBUG:colcon.colcon_core.shell:Skip shell extension 'dsv' for command environment
[3.096s] DEBUG:colcon.colcon_core.event_handler.log_command:Invoking command in '/home/hhd/legdet_ws/build/leg_detector_msgs': CMAKE_PREFIX_PATH=${CMAKE_PREFIX_PATH}:/home/hhd/.ros2_ws/install/qr_track_alvar:/opt/ros/galactic CONDA_PROMPT_MODIFIER=(peopleros2) /usr/bin/cmake --build /home/hhd/legdet_ws/build/leg_detector_msgs -- -j12 -l12
[3.403s] DEBUG:colcon.colcon_core.event_handler.log_command:Invoked command in '/home/hhd/legdet_ws/build/leg_detector_msgs' returned '0': CMAKE_PREFIX_PATH=${CMAKE_PREFIX_PATH}:/home/hhd/.ros2_ws/install/qr_track_alvar:/opt/ros/galactic CONDA_PROMPT_MODIFIER=(peopleros2) /usr/bin/cmake --build /home/hhd/legdet_ws/build/leg_detector_msgs -- -j12 -l12
[3.558s] DEBUG:colcon.colcon_core.event_handler.log_command:Invoking command in '/home/hhd/legdet_ws/build/leg_detector_msgs': CMAKE_PREFIX_PATH=${CMAKE_PREFIX_PATH}:/home/hhd/.ros2_ws/install/qr_track_alvar:/opt/ros/galactic CONDA_PROMPT_MODIFIER=(peopleros2) /usr/bin/cmake --install /home/hhd/legdet_ws/build/leg_detector_msgs
[3.612s] Level 1:colcon.colcon_core.environment:create_environment_scripts_only(leg_detector_msgs)
[3.613s] DEBUG:colcon.colcon_core.event_handler.log_command:Invoked command in '/home/hhd/legdet_ws/build/leg_detector_msgs' returned '0': CMAKE_PREFIX_PATH=${CMAKE_PREFIX_PATH}:/home/hhd/.ros2_ws/install/qr_track_alvar:/opt/ros/galactic CONDA_PROMPT_MODIFIER=(peopleros2) /usr/bin/cmake --install /home/hhd/legdet_ws/build/leg_detector_msgs
[3.655s] Level 1:colcon.colcon_core.environment:checking '/home/hhd/legdet_ws/install/leg_detector_msgs' for CMake module files
[3.656s] Level 1:colcon.colcon_core.environment:checking '/home/hhd/legdet_ws/install/leg_detector_msgs' for CMake config files
[3.656s] Level 1:colcon.colcon_core.shell:create_environment_hook('leg_detector_msgs', 'cmake_prefix_path')
[3.693s] INFO:colcon.colcon_core.shell:Creating environment hook '/home/hhd/legdet_ws/install/leg_detector_msgs/share/leg_detector_msgs/hook/cmake_prefix_path.ps1'
[3.693s] INFO:colcon.colcon_core.shell:Creating environment descriptor '/home/hhd/legdet_ws/install/leg_detector_msgs/share/leg_detector_msgs/hook/cmake_prefix_path.dsv'
[3.694s] INFO:colcon.colcon_core.shell:Creating environment hook '/home/hhd/legdet_ws/install/leg_detector_msgs/share/leg_detector_msgs/hook/cmake_prefix_path.sh'
[3.694s] Level 1:colcon.colcon_core.environment:checking '/home/hhd/legdet_ws/install/leg_detector_msgs/lib'
[3.695s] Level 1:colcon.colcon_core.shell:create_environment_hook('leg_detector_msgs', 'ld_library_path_lib')
[3.730s] INFO:colcon.colcon_core.shell:Creating environment hook '/home/hhd/legdet_ws/install/leg_detector_msgs/share/leg_detector_msgs/hook/ld_library_path_lib.ps1'
[3.731s] INFO:colcon.colcon_core.shell:Creating environment descriptor '/home/hhd/legdet_ws/install/leg_detector_msgs/share/leg_detector_msgs/hook/ld_library_path_lib.dsv'
[3.731s] INFO:colcon.colcon_core.shell:Creating environment hook '/home/hhd/legdet_ws/install/leg_detector_msgs/share/leg_detector_msgs/hook/ld_library_path_lib.sh'
[3.731s] Level 1:colcon.colcon_core.environment:checking '/home/hhd/legdet_ws/install/leg_detector_msgs/bin'
[3.731s] Level 1:colcon.colcon_core.environment:checking '/home/hhd/legdet_ws/install/leg_detector_msgs/lib/pkgconfig/leg_detector_msgs.pc'
[3.732s] Level 1:colcon.colcon_core.environment:checking '/home/hhd/legdet_ws/install/leg_detector_msgs/lib/python3.8/site-packages'
[3.732s] Level 1:colcon.colcon_core.shell:create_environment_hook('leg_detector_msgs', 'pythonpath')
[3.766s] INFO:colcon.colcon_core.shell:Creating environment hook '/home/hhd/legdet_ws/install/leg_detector_msgs/share/leg_detector_msgs/hook/pythonpath.ps1'
[3.766s] INFO:colcon.colcon_core.shell:Creating environment descriptor '/home/hhd/legdet_ws/install/leg_detector_msgs/share/leg_detector_msgs/hook/pythonpath.dsv'
[3.767s] INFO:colcon.colcon_core.shell:Creating environment hook '/home/hhd/legdet_ws/install/leg_detector_msgs/share/leg_detector_msgs/hook/pythonpath.sh'
[3.767s] Level 1:colcon.colcon_core.environment:checking '/home/hhd/legdet_ws/install/leg_detector_msgs/bin'
[3.805s] INFO:colcon.colcon_core.shell:Creating package script '/home/hhd/legdet_ws/install/leg_detector_msgs/share/leg_detector_msgs/package.ps1'
[3.806s] INFO:colcon.colcon_core.shell:Creating package descriptor '/home/hhd/legdet_ws/install/leg_detector_msgs/share/leg_detector_msgs/package.dsv'
[3.806s] INFO:colcon.colcon_core.shell:Creating package script '/home/hhd/legdet_ws/install/leg_detector_msgs/share/leg_detector_msgs/package.sh'
[3.807s] INFO:colcon.colcon_core.shell:Creating package script '/home/hhd/legdet_ws/install/leg_detector_msgs/share/leg_detector_msgs/package.bash'
[3.807s] INFO:colcon.colcon_core.shell:Creating package script '/home/hhd/legdet_ws/install/leg_detector_msgs/share/leg_detector_msgs/package.zsh'
[3.808s] Level 1:colcon.colcon_core.environment:create_file_with_runtime_dependencies(/home/hhd/legdet_ws/install/leg_detector_msgs/share/colcon-core/packages/leg_detector_msgs)
[4.003s] Level 1:colcon.colcon_core.environment:create_environment_scripts_only(leg_detector_msgs)
[4.045s] Level 1:colcon.colcon_core.environment:checking '/home/hhd/legdet_ws/install/leg_detector_msgs' for CMake module files
[4.045s] Level 1:colcon.colcon_core.environment:checking '/home/hhd/legdet_ws/install/leg_detector_msgs' for CMake config files
[4.045s] Level 1:colcon.colcon_core.shell:create_environment_hook('leg_detector_msgs', 'cmake_prefix_path')
[4.083s] INFO:colcon.colcon_core.shell:Creating environment hook '/home/hhd/legdet_ws/install/leg_detector_msgs/share/leg_detector_msgs/hook/cmake_prefix_path.ps1'
[4.083s] INFO:colcon.colcon_core.shell:Creating environment descriptor '/home/hhd/legdet_ws/install/leg_detector_msgs/share/leg_detector_msgs/hook/cmake_prefix_path.dsv'
[4.083s] INFO:colcon.colcon_core.shell:Creating environment hook '/home/hhd/legdet_ws/install/leg_detector_msgs/share/leg_detector_msgs/hook/cmake_prefix_path.sh'
[4.084s] Level 1:colcon.colcon_core.environment:checking '/home/hhd/legdet_ws/install/leg_detector_msgs/lib'
[4.084s] Level 1:colcon.colcon_core.shell:create_environment_hook('leg_detector_msgs', 'ld_library_path_lib')
[4.121s] INFO:colcon.colcon_core.shell:Creating environment hook '/home/hhd/legdet_ws/install/leg_detector_msgs/share/leg_detector_msgs/hook/ld_library_path_lib.ps1'
[4.122s] INFO:colcon.colcon_core.shell:Creating environment descriptor '/home/hhd/legdet_ws/install/leg_detector_msgs/share/leg_detector_msgs/hook/ld_library_path_lib.dsv'
[4.122s] INFO:colcon.colcon_core.shell:Creating environment hook '/home/hhd/legdet_ws/install/leg_detector_msgs/share/leg_detector_msgs/hook/ld_library_path_lib.sh'
[4.122s] Level 1:colcon.colcon_core.environment:checking '/home/hhd/legdet_ws/install/leg_detector_msgs/bin'
[4.122s] Level 1:colcon.colcon_core.environment:checking '/home/hhd/legdet_ws/install/leg_detector_msgs/lib/pkgconfig/leg_detector_msgs.pc'
[4.122s] Level 1:colcon.colcon_core.environment:checking '/home/hhd/legdet_ws/install/leg_detector_msgs/lib/python3.8/site-packages'
[4.122s] Level 1:colcon.colcon_core.shell:create_environment_hook('leg_detector_msgs', 'pythonpath')
[4.159s] INFO:colcon.colcon_core.shell:Creating environment hook '/home/hhd/legdet_ws/install/leg_detector_msgs/share/leg_detector_msgs/hook/pythonpath.ps1'
[4.159s] INFO:colcon.colcon_core.shell:Creating environment descriptor '/home/hhd/legdet_ws/install/leg_detector_msgs/share/leg_detector_msgs/hook/pythonpath.dsv'
[4.160s] INFO:colcon.colcon_core.shell:Creating environment hook '/home/hhd/legdet_ws/install/leg_detector_msgs/share/leg_detector_msgs/hook/pythonpath.sh'
[4.160s] Level 1:colcon.colcon_core.environment:checking '/home/hhd/legdet_ws/install/leg_detector_msgs/bin'
[4.196s] INFO:colcon.colcon_core.shell:Creating package script '/home/hhd/legdet_ws/install/leg_detector_msgs/share/leg_detector_msgs/package.ps1'
[4.197s] INFO:colcon.colcon_core.shell:Creating package descriptor '/home/hhd/legdet_ws/install/leg_detector_msgs/share/leg_detector_msgs/package.dsv'
[4.197s] INFO:colcon.colcon_core.shell:Creating package script '/home/hhd/legdet_ws/install/leg_detector_msgs/share/leg_detector_msgs/package.sh'
[4.198s] INFO:colcon.colcon_core.shell:Creating package script '/home/hhd/legdet_ws/install/leg_detector_msgs/share/leg_detector_msgs/package.bash'
[4.198s] INFO:colcon.colcon_core.shell:Creating package script '/home/hhd/legdet_ws/install/leg_detector_msgs/share/leg_detector_msgs/package.zsh'
[4.199s] Level 1:colcon.colcon_core.environment:create_file_with_runtime_dependencies(/home/hhd/legdet_ws/install/leg_detector_msgs/share/colcon-core/packages/leg_detector_msgs)
[4.199s] INFO:colcon.colcon_ros.task.ament_cmake.build:Building ROS package in '/home/hhd/legdet_ws/src/leg_detector' with build type 'ament_cmake'
[4.199s] INFO:colcon.colcon_cmake.task.cmake.build:Building CMake package in '/home/hhd/legdet_ws/src/leg_detector'
[4.238s] INFO:colcon.colcon_core.shell:Skip shell extension 'powershell' for command environment: Not usable outside of PowerShell
[4.238s] DEBUG:colcon.colcon_core.shell:Skip shell extension 'dsv' for command environment
[4.517s] DEBUG:colcon.colcon_core.event_handler.log_command:Invoking command in '/home/hhd/legdet_ws/build/leg_detector': CMAKE_PREFIX_PATH=/home/hhd/legdet_ws/install/leg_detector_msgs:/home/hhd/legdet_ws/install/people_msgs:/home/hhd/legdet_ws/install/leg_detector:/home/hhd/cartoros2_ws/install/cartographer_rviz:/home/hhd/cartoros2_ws/install/cartographer_ros:/home/hhd/cartoros2_ws/install/cartographer_ros_msgs:/home/hhd/cartoros2_ws/install/cartographer:/home/hhd/cartoros2_ws/install/absl:/home/hhd/.ros2_ws/install/slam_gmapping:/home/hhd/.ros2_ws/install/openslam_gmapping:/home/hhd/.ros2_ws/install/qr_track_alvar:/opt/ros/galactic CONDA_PROMPT_MODIFIER=(peopleros2) LD_LIBRARY_PATH=/home/hhd/legdet_ws/install/leg_detector_msgs/lib:/home/hhd/legdet_ws/install/people_msgs/lib:/home/hhd/cartoros2_ws/install/cartographer_rviz/lib:/home/hhd/cartoros2_ws/install/cartographer_ros/lib:/home/hhd/cartoros2_ws/install/cartographer_ros_msgs/lib:/home/hhd/.ros2_ws/install/openslam_gmapping/lib:/opt/ros/galactic/opt/yaml_cpp_vendor/lib:/opt/ros/galactic/opt/rviz_ogre_vendor/lib:/opt/ros/galactic/lib/x86_64-linux-gnu:/opt/ros/galactic/lib PYTHONPATH=/home/hhd/legdet_ws/install/leg_detector_msgs/lib/python3.8/site-packages:/home/hhd/legdet_ws/install/people_msgs/lib/python3.8/site-packages:/home/hhd/cartoros2_ws/install/cartographer_ros_msgs/lib/python3.8/site-packages:/home/hhd/.ros2_ws/install/qr_track_alvar/lib/python3.8/site-packages:/opt/ros/galactic/lib/python3.8/site-packages /usr/bin/cmake --build /home/hhd/legdet_ws/build/leg_detector -- -j12 -l12
[13.841s] DEBUG:colcon.colcon_core.event_handler.log_command:Invoked command in '/home/hhd/legdet_ws/build/leg_detector' returned '0': CMAKE_PREFIX_PATH=/home/hhd/legdet_ws/install/leg_detector_msgs:/home/hhd/legdet_ws/install/people_msgs:/home/hhd/legdet_ws/install/leg_detector:/home/hhd/cartoros2_ws/install/cartographer_rviz:/home/hhd/cartoros2_ws/install/cartographer_ros:/home/hhd/cartoros2_ws/install/cartographer_ros_msgs:/home/hhd/cartoros2_ws/install/cartographer:/home/hhd/cartoros2_ws/install/absl:/home/hhd/.ros2_ws/install/slam_gmapping:/home/hhd/.ros2_ws/install/openslam_gmapping:/home/hhd/.ros2_ws/install/qr_track_alvar:/opt/ros/galactic CONDA_PROMPT_MODIFIER=(peopleros2) LD_LIBRARY_PATH=/home/hhd/legdet_ws/install/leg_detector_msgs/lib:/home/hhd/legdet_ws/install/people_msgs/lib:/home/hhd/cartoros2_ws/install/cartographer_rviz/lib:/home/hhd/cartoros2_ws/install/cartographer_ros/lib:/home/hhd/cartoros2_ws/install/cartographer_ros_msgs/lib:/home/hhd/.ros2_ws/install/openslam_gmapping/lib:/opt/ros/galactic/opt/yaml_cpp_vendor/lib:/opt/ros/galactic/opt/rviz_ogre_vendor/lib:/opt/ros/galactic/lib/x86_64-linux-gnu:/opt/ros/galactic/lib PYTHONPATH=/home/hhd/legdet_ws/install/leg_detector_msgs/lib/python3.8/site-packages:/home/hhd/legdet_ws/install/people_msgs/lib/python3.8/site-packages:/home/hhd/cartoros2_ws/install/cartographer_ros_msgs/lib/python3.8/site-packages:/home/hhd/.ros2_ws/install/qr_track_alvar/lib/python3.8/site-packages:/opt/ros/galactic/lib/python3.8/site-packages /usr/bin/cmake --build /home/hhd/legdet_ws/build/leg_detector -- -j12 -l12
[13.896s] DEBUG:colcon.colcon_core.event_handler.log_command:Invoking command in '/home/hhd/legdet_ws/build/leg_detector': CMAKE_PREFIX_PATH=/home/hhd/legdet_ws/install/leg_detector_msgs:/home/hhd/legdet_ws/install/people_msgs:/home/hhd/legdet_ws/install/leg_detector:/home/hhd/cartoros2_ws/install/cartographer_rviz:/home/hhd/cartoros2_ws/install/cartographer_ros:/home/hhd/cartoros2_ws/install/cartographer_ros_msgs:/home/hhd/cartoros2_ws/install/cartographer:/home/hhd/cartoros2_ws/install/absl:/home/hhd/.ros2_ws/install/slam_gmapping:/home/hhd/.ros2_ws/install/openslam_gmapping:/home/hhd/.ros2_ws/install/qr_track_alvar:/opt/ros/galactic CONDA_PROMPT_MODIFIER=(peopleros2) LD_LIBRARY_PATH=/home/hhd/legdet_ws/install/leg_detector_msgs/lib:/home/hhd/legdet_ws/install/people_msgs/lib:/home/hhd/cartoros2_ws/install/cartographer_rviz/lib:/home/hhd/cartoros2_ws/install/cartographer_ros/lib:/home/hhd/cartoros2_ws/install/cartographer_ros_msgs/lib:/home/hhd/.ros2_ws/install/openslam_gmapping/lib:/opt/ros/galactic/opt/yaml_cpp_vendor/lib:/opt/ros/galactic/opt/rviz_ogre_vendor/lib:/opt/ros/galactic/lib/x86_64-linux-gnu:/opt/ros/galactic/lib PYTHONPATH=/home/hhd/legdet_ws/install/leg_detector_msgs/lib/python3.8/site-packages:/home/hhd/legdet_ws/install/people_msgs/lib/python3.8/site-packages:/home/hhd/cartoros2_ws/install/cartographer_ros_msgs/lib/python3.8/site-packages:/home/hhd/.ros2_ws/install/qr_track_alvar/lib/python3.8/site-packages:/opt/ros/galactic/lib/python3.8/site-packages /usr/bin/cmake --install /home/hhd/legdet_ws/build/leg_detector
[13.915s] Level 1:colcon.colcon_core.environment:create_environment_scripts_only(leg_detector)
[13.921s] DEBUG:colcon.colcon_core.event_handler.log_command:Invoked command in '/home/hhd/legdet_ws/build/leg_detector' returned '0': CMAKE_PREFIX_PATH=/home/hhd/legdet_ws/install/leg_detector_msgs:/home/hhd/legdet_ws/install/people_msgs:/home/hhd/legdet_ws/install/leg_detector:/home/hhd/cartoros2_ws/install/cartographer_rviz:/home/hhd/cartoros2_ws/install/cartographer_ros:/home/hhd/cartoros2_ws/install/cartographer_ros_msgs:/home/hhd/cartoros2_ws/install/cartographer:/home/hhd/cartoros2_ws/install/absl:/home/hhd/.ros2_ws/install/slam_gmapping:/home/hhd/.ros2_ws/install/openslam_gmapping:/home/hhd/.ros2_ws/install/qr_track_alvar:/opt/ros/galactic CONDA_PROMPT_MODIFIER=(peopleros2) LD_LIBRARY_PATH=/home/hhd/legdet_ws/install/leg_detector_msgs/lib:/home/hhd/legdet_ws/install/people_msgs/lib:/home/hhd/cartoros2_ws/install/cartographer_rviz/lib:/home/hhd/cartoros2_ws/install/cartographer_ros/lib:/home/hhd/cartoros2_ws/install/cartographer_ros_msgs/lib:/home/hhd/.ros2_ws/install/openslam_gmapping/lib:/opt/ros/galactic/opt/yaml_cpp_vendor/lib:/opt/ros/galactic/opt/rviz_ogre_vendor/lib:/opt/ros/galactic/lib/x86_64-linux-gnu:/opt/ros/galactic/lib PYTHONPATH=/home/hhd/legdet_ws/install/leg_detector_msgs/lib/python3.8/site-packages:/home/hhd/legdet_ws/install/people_msgs/lib/python3.8/site-packages:/home/hhd/cartoros2_ws/install/cartographer_ros_msgs/lib/python3.8/site-packages:/home/hhd/.ros2_ws/install/qr_track_alvar/lib/python3.8/site-packages:/opt/ros/galactic/lib/python3.8/site-packages /usr/bin/cmake --install /home/hhd/legdet_ws/build/leg_detector
[13.960s] Level 1:colcon.colcon_core.environment:checking '/home/hhd/legdet_ws/install/leg_detector' for CMake module files
[13.961s] Level 1:colcon.colcon_core.environment:checking '/home/hhd/legdet_ws/install/leg_detector' for CMake config files
[13.961s] Level 1:colcon.colcon_core.shell:create_environment_hook('leg_detector', 'cmake_prefix_path')
[13.998s] INFO:colcon.colcon_core.shell:Creating environment hook '/home/hhd/legdet_ws/install/leg_detector/share/leg_detector/hook/cmake_prefix_path.ps1'
[13.999s] INFO:colcon.colcon_core.shell:Creating environment descriptor '/home/hhd/legdet_ws/install/leg_detector/share/leg_detector/hook/cmake_prefix_path.dsv'
[13.999s] INFO:colcon.colcon_core.shell:Creating environment hook '/home/hhd/legdet_ws/install/leg_detector/share/leg_detector/hook/cmake_prefix_path.sh'
[13.999s] Level 1:colcon.colcon_core.environment:checking '/home/hhd/legdet_ws/install/leg_detector/lib'
[14.000s] Level 1:colcon.colcon_core.environment:checking '/home/hhd/legdet_ws/install/leg_detector/bin'
[14.000s] Level 1:colcon.colcon_core.environment:checking '/home/hhd/legdet_ws/install/leg_detector/lib/pkgconfig/leg_detector.pc'
[14.000s] Level 1:colcon.colcon_core.environment:checking '/home/hhd/legdet_ws/install/leg_detector/lib/python3.8/site-packages'
[14.000s] Level 1:colcon.colcon_core.environment:checking '/home/hhd/legdet_ws/install/leg_detector/bin'
[14.036s] INFO:colcon.colcon_core.shell:Creating package script '/home/hhd/legdet_ws/install/leg_detector/share/leg_detector/package.ps1'
[14.036s] INFO:colcon.colcon_core.shell:Creating package descriptor '/home/hhd/legdet_ws/install/leg_detector/share/leg_detector/package.dsv'
[14.037s] INFO:colcon.colcon_core.shell:Creating package script '/home/hhd/legdet_ws/install/leg_detector/share/leg_detector/package.sh'
[14.037s] INFO:colcon.colcon_core.shell:Creating package script '/home/hhd/legdet_ws/install/leg_detector/share/leg_detector/package.bash'
[14.037s] INFO:colcon.colcon_core.shell:Creating package script '/home/hhd/legdet_ws/install/leg_detector/share/leg_detector/package.zsh'
[14.038s] Level 1:colcon.colcon_core.environment:create_file_with_runtime_dependencies(/home/hhd/legdet_ws/install/leg_detector/share/colcon-core/packages/leg_detector)
[14.143s] Level 1:colcon.colcon_core.environment:create_environment_scripts_only(leg_detector)
[14.180s] Level 1:colcon.colcon_core.environment:checking '/home/hhd/legdet_ws/install/leg_detector' for CMake module files
[14.180s] Level 1:colcon.colcon_core.environment:checking '/home/hhd/legdet_ws/install/leg_detector' for CMake config files
[14.181s] Level 1:colcon.colcon_core.shell:create_environment_hook('leg_detector', 'cmake_prefix_path')
[14.217s] INFO:colcon.colcon_core.shell:Creating environment hook '/home/hhd/legdet_ws/install/leg_detector/share/leg_detector/hook/cmake_prefix_path.ps1'
[14.217s] INFO:colcon.colcon_core.shell:Creating environment descriptor '/home/hhd/legdet_ws/install/leg_detector/share/leg_detector/hook/cmake_prefix_path.dsv'
[14.218s] INFO:colcon.colcon_core.shell:Creating environment hook '/home/hhd/legdet_ws/install/leg_detector/share/leg_detector/hook/cmake_prefix_path.sh'
[14.218s] Level 1:colcon.colcon_core.environment:checking '/home/hhd/legdet_ws/install/leg_detector/lib'
[14.218s] Level 1:colcon.colcon_core.environment:checking '/home/hhd/legdet_ws/install/leg_detector/bin'
[14.218s] Level 1:colcon.colcon_core.environment:checking '/home/hhd/legdet_ws/install/leg_detector/lib/pkgconfig/leg_detector.pc'
[14.219s] Level 1:colcon.colcon_core.environment:checking '/home/hhd/legdet_ws/install/leg_detector/lib/python3.8/site-packages'
[14.219s] Level 1:colcon.colcon_core.environment:checking '/home/hhd/legdet_ws/install/leg_detector/bin'
[14.257s] INFO:colcon.colcon_core.shell:Creating package script '/home/hhd/legdet_ws/install/leg_detector/share/leg_detector/package.ps1'
[14.257s] INFO:colcon.colcon_core.shell:Creating package descriptor '/home/hhd/legdet_ws/install/leg_detector/share/leg_detector/package.dsv'
[14.258s] INFO:colcon.colcon_core.shell:Creating package script '/home/hhd/legdet_ws/install/leg_detector/share/leg_detector/package.sh'
[14.258s] INFO:colcon.colcon_core.shell:Creating package script '/home/hhd/legdet_ws/install/leg_detector/share/leg_detector/package.bash'
[14.258s] INFO:colcon.colcon_core.shell:Creating package script '/home/hhd/legdet_ws/install/leg_detector/share/leg_detector/package.zsh'
[14.258s] Level 1:colcon.colcon_core.environment:create_file_with_runtime_dependencies(/home/hhd/legdet_ws/install/leg_detector/share/colcon-core/packages/leg_detector)
[14.259s] DEBUG:colcon.colcon_parallel_executor.executor.parallel:closing loop
[14.259s] DEBUG:colcon.colcon_parallel_executor.executor.parallel:loop closed
[14.259s] DEBUG:colcon.colcon_parallel_executor.executor.parallel:run_until_complete finished with '0'
[14.259s] DEBUG:colcon.colcon_core.event_reactor:joining thread
[14.309s] INFO:colcon.colcon_core.plugin_system:Skipping extension 'colcon_notification.desktop_notification.terminal_notifier': Not used on non-Darwin systems
[14.309s] INFO:colcon.colcon_core.plugin_system:Skipping extension 'colcon_notification.desktop_notification.win32': Not used on non-Windows systems
[14.309s] INFO:colcon.colcon_notification.desktop_notification:Sending desktop notification using 'notify2'
[14.330s] DEBUG:colcon.colcon_core.event_reactor:joined thread
[14.376s] INFO:colcon.colcon_core.shell:Creating prefix script '/home/hhd/legdet_ws/install/local_setup.ps1'
[14.378s] INFO:colcon.colcon_core.shell:Creating prefix util module '/home/hhd/legdet_ws/install/_local_setup_util_ps1.py'
[14.380s] INFO:colcon.colcon_core.shell:Creating prefix chain script '/home/hhd/legdet_ws/install/setup.ps1'
[14.417s] INFO:colcon.colcon_core.shell:Creating prefix script '/home/hhd/legdet_ws/install/local_setup.sh'
[14.417s] INFO:colcon.colcon_core.shell:Creating prefix util module '/home/hhd/legdet_ws/install/_local_setup_util_sh.py'
[14.418s] INFO:colcon.colcon_core.shell:Creating prefix chain script '/home/hhd/legdet_ws/install/setup.sh'
[14.454s] INFO:colcon.colcon_core.shell:Creating prefix script '/home/hhd/legdet_ws/install/local_setup.bash'
[14.454s] INFO:colcon.colcon_core.shell:Creating prefix chain script '/home/hhd/legdet_ws/install/setup.bash'
[14.491s] INFO:colcon.colcon_core.shell:Creating prefix script '/home/hhd/legdet_ws/install/local_setup.zsh'
[14.492s] INFO:colcon.colcon_core.shell:Creating prefix chain script '/home/hhd/legdet_ws/install/setup.zsh'
