[0.020s] Invoking command in '/home/hhd/legdet_ws/build/leg_detector_msgs': CMAKE_PREFIX_PATH=${CMAKE_PREFIX_PATH}:/home/hhd/drl_ros2/turtlebot3_drlnav/install/turtlebot3_drl:/home/hhd/.ros2_ws/install/qr_track_alvar:/opt/ros/galactic CONDA_PROMPT_MODIFIER=(peopleros2) /usr/bin/cmake --build /home/hhd/legdet_ws/build/leg_detector_msgs -- -j12 -l12
[0.051s] -- Found ament_cmake: 1.1.6 (/opt/ros/galactic/share/ament_cmake/cmake)
[0.078s] -- Found PythonInterp: /usr/bin/python3 (found suitable version "3.8.10", minimum required is "3") 
[0.078s] -- Using PYTHON_EXECUTABLE: /usr/bin/python3
[0.149s] -- Found rosidl_default_generators: 1.1.1 (/opt/ros/galactic/share/rosidl_default_generators/cmake)
[0.152s] -- Using all available rosidl_typesupport_c: rosidl_typesupport_fastrtps_c;rosidl_typesupport_introspection_c
[0.155s] -- Found rosidl_adapter: 2.2.3 (/opt/ros/galactic/share/rosidl_adapter/cmake)
[0.304s] -- Using all available rosidl_typesupport_cpp: rosidl_typesupport_fastrtps_cpp;rosidl_typesupport_introspection_cpp
[0.325s] -- Found geometry_msgs: 2.2.4 (/opt/ros/galactic/share/geometry_msgs/cmake)
[0.432s] -- Found PythonInterp: /usr/bin/python3 (found version "3.8.10") 
[0.641s] -- Found ament_cmake_ros: 0.9.2 (/opt/ros/galactic/share/ament_cmake_ros/cmake)
[0.895s] -- Using all available rosidl_typesupport_c: rosidl_typesupport_fastrtps_c;rosidl_typesupport_introspection_c
[1.006s] -- Using all available rosidl_typesupport_cpp: rosidl_typesupport_fastrtps_cpp;rosidl_typesupport_introspection_cpp
[1.034s] -- Found PythonInterp: /usr/bin/python3 (found suitable version "3.8.10", minimum required is "3.5") 
[1.034s] -- Found python_cmake_module: 0.8.1 (/opt/ros/galactic/share/python_cmake_module/cmake)
[1.068s] -- Using PYTHON_EXECUTABLE: /usr/bin/python3
[1.068s] -- Using PYTHON_INCLUDE_DIRS: /usr/include/python3.8
[1.068s] -- Using PYTHON_LIBRARIES: /usr/lib/x86_64-linux-gnu/libpython3.8.so
[1.233s] -- Using numpy include directory: /home/hhd/.local/lib/python3.8/site-packages/numpy/core/include
[1.261s] -- Configuring done
[1.310s] -- Generating done
[1.313s] -- Build files have been written to: /home/hhd/legdet_ws/build/leg_detector_msgs
[1.348s] [  1%] [34m[1mGenerating C code for ROS interfaces[0m
[1.358s] [  3%] [34m[1mGenerating C++ code for ROS interfaces[0m
[1.691s] [  3%] Built target leg_detector_msgs__cpp
[1.713s] [  5%] [34m[1mGenerating C++ type support dispatch for ROS interfaces[0m
[1.714s] [  7%] [34m[1mGenerating C++ type support for eProsima Fast-RTPS[0m
[1.716s] [  9%] [34m[1mGenerating C++ introspection for ROS interfaces[0m
[1.725s] [35m[1mScanning dependencies of target leg_detector_msgs__rosidl_generator_c[0m
[1.740s] [ 12%] [32mBuilding C object CMakeFiles/leg_detector_msgs__rosidl_generator_c.dir/rosidl_generator_c/leg_detector_msgs/msg/detail/leg_array__functions.c.o[0m
[1.740s] [ 12%] [32mBuilding C object CMakeFiles/leg_detector_msgs__rosidl_generator_c.dir/rosidl_generator_c/leg_detector_msgs/msg/detail/leg__functions.c.o[0m
[1.742s] [ 14%] [32mBuilding C object CMakeFiles/leg_detector_msgs__rosidl_generator_c.dir/rosidl_generator_c/leg_detector_msgs/msg/detail/person__functions.c.o[0m
[1.742s] [ 16%] [32mBuilding C object CMakeFiles/leg_detector_msgs__rosidl_generator_c.dir/rosidl_generator_c/leg_detector_msgs/msg/detail/person_array__functions.c.o[0m
[1.792s] [ 18%] [32m[1mLinking C shared library libleg_detector_msgs__rosidl_generator_c.so[0m
[1.836s] [ 18%] Built target leg_detector_msgs__rosidl_generator_c
[1.846s] [ 20%] [34m[1mGenerating C type support dispatch for ROS interfaces[0m
[1.851s] [ 21%] [34m[1mGenerating C introspection for ROS interfaces[0m
[1.991s] [35m[1mScanning dependencies of target leg_detector_msgs__rosidl_typesupport_cpp[0m
[2.017s] [ 23%] [32mBuilding CXX object CMakeFiles/leg_detector_msgs__rosidl_typesupport_cpp.dir/rosidl_typesupport_cpp/leg_detector_msgs/msg/leg__type_support.cpp.o[0m
[2.018s] [ 27%] [32mBuilding CXX object CMakeFiles/leg_detector_msgs__rosidl_typesupport_cpp.dir/rosidl_typesupport_cpp/leg_detector_msgs/msg/leg_array__type_support.cpp.o[0m
[2.018s] [ 29%] [32mBuilding CXX object CMakeFiles/leg_detector_msgs__rosidl_typesupport_cpp.dir/rosidl_typesupport_cpp/leg_detector_msgs/msg/person_array__type_support.cpp.o[0m
[2.018s] [ 29%] [32mBuilding CXX object CMakeFiles/leg_detector_msgs__rosidl_typesupport_cpp.dir/rosidl_typesupport_cpp/leg_detector_msgs/msg/person__type_support.cpp.o[0m
[2.022s] [35m[1mScanning dependencies of target leg_detector_msgs__rosidl_typesupport_introspection_cpp[0m
[2.044s] [ 30%] [32mBuilding CXX object CMakeFiles/leg_detector_msgs__rosidl_typesupport_introspection_cpp.dir/rosidl_typesupport_introspection_cpp/leg_detector_msgs/msg/detail/leg__type_support.cpp.o[0m
[2.052s] [ 32%] [32mBuilding CXX object CMakeFiles/leg_detector_msgs__rosidl_typesupport_introspection_cpp.dir/rosidl_typesupport_introspection_cpp/leg_detector_msgs/msg/detail/leg_array__type_support.cpp.o[0m
[2.062s] [ 34%] [32mBuilding CXX object CMakeFiles/leg_detector_msgs__rosidl_typesupport_introspection_cpp.dir/rosidl_typesupport_introspection_cpp/leg_detector_msgs/msg/detail/person__type_support.cpp.o[0m
[2.068s] [ 36%] [32mBuilding CXX object CMakeFiles/leg_detector_msgs__rosidl_typesupport_introspection_cpp.dir/rosidl_typesupport_introspection_cpp/leg_detector_msgs/msg/detail/person_array__type_support.cpp.o[0m
[2.082s] [35m[1mScanning dependencies of target leg_detector_msgs__rosidl_typesupport_fastrtps_cpp[0m
[2.129s] [ 38%] [32mBuilding CXX object CMakeFiles/leg_detector_msgs__rosidl_typesupport_fastrtps_cpp.dir/rosidl_typesupport_fastrtps_cpp/leg_detector_msgs/msg/detail/dds_fastrtps/leg__type_support.cpp.o[0m
[2.149s] [ 40%] [32mBuilding CXX object CMakeFiles/leg_detector_msgs__rosidl_typesupport_fastrtps_cpp.dir/rosidl_typesupport_fastrtps_cpp/leg_detector_msgs/msg/detail/dds_fastrtps/leg_array__type_support.cpp.o[0m
[2.213s] [35m[1mScanning dependencies of target leg_detector_msgs__rosidl_typesupport_c[0m
[2.289s] [ 41%] [32mBuilding CXX object CMakeFiles/leg_detector_msgs__rosidl_typesupport_c.dir/rosidl_typesupport_c/leg_detector_msgs/msg/leg__type_support.cpp.o[0m
[2.328s] [35m[1mScanning dependencies of target leg_detector_msgs__rosidl_typesupport_introspection_c[0m
[2.358s] [ 43%] [32mBuilding C object CMakeFiles/leg_detector_msgs__rosidl_typesupport_introspection_c.dir/rosidl_typesupport_introspection_c/leg_detector_msgs/msg/detail/leg__type_support.c.o[0m
[2.378s] [ 45%] [32mBuilding CXX object CMakeFiles/leg_detector_msgs__rosidl_typesupport_c.dir/rosidl_typesupport_c/leg_detector_msgs/msg/leg_array__type_support.cpp.o[0m
[2.403s] [ 47%] [32mBuilding C object CMakeFiles/leg_detector_msgs__rosidl_typesupport_introspection_c.dir/rosidl_typesupport_introspection_c/leg_detector_msgs/msg/detail/leg_array__type_support.c.o[0m
[2.408s] [ 49%] [32mBuilding CXX object CMakeFiles/leg_detector_msgs__rosidl_typesupport_c.dir/rosidl_typesupport_c/leg_detector_msgs/msg/person__type_support.cpp.o[0m
[2.413s] [ 50%] [32mBuilding C object CMakeFiles/leg_detector_msgs__rosidl_typesupport_introspection_c.dir/rosidl_typesupport_introspection_c/leg_detector_msgs/msg/detail/person__type_support.c.o[0m
[2.416s] [ 52%] [32m[1mLinking CXX shared library libleg_detector_msgs__rosidl_typesupport_cpp.so[0m
[2.430s] [ 54%] [32mBuilding CXX object CMakeFiles/leg_detector_msgs__rosidl_typesupport_fastrtps_cpp.dir/rosidl_typesupport_fastrtps_cpp/leg_detector_msgs/msg/detail/dds_fastrtps/person__type_support.cpp.o[0m
[2.446s] [ 56%] [32mBuilding CXX object CMakeFiles/leg_detector_msgs__rosidl_typesupport_c.dir/rosidl_typesupport_c/leg_detector_msgs/msg/person_array__type_support.cpp.o[0m
[2.452s] [ 58%] [32mBuilding C object CMakeFiles/leg_detector_msgs__rosidl_typesupport_introspection_c.dir/rosidl_typesupport_introspection_c/leg_detector_msgs/msg/detail/person_array__type_support.c.o[0m
[2.463s] [ 60%] [32mBuilding CXX object CMakeFiles/leg_detector_msgs__rosidl_typesupport_fastrtps_cpp.dir/rosidl_typesupport_fastrtps_cpp/leg_detector_msgs/msg/detail/dds_fastrtps/person_array__type_support.cpp.o[0m
[2.487s] [ 60%] Built target leg_detector_msgs__rosidl_typesupport_cpp
[2.490s] [ 61%] [32m[1mLinking CXX shared library libleg_detector_msgs__rosidl_typesupport_c.so[0m
[2.504s] [ 63%] [32m[1mLinking C shared library libleg_detector_msgs__rosidl_typesupport_introspection_c.so[0m
[2.532s] [ 65%] [32m[1mLinking CXX shared library libleg_detector_msgs__rosidl_typesupport_introspection_cpp.so[0m
[2.543s] [ 65%] Built target leg_detector_msgs__rosidl_typesupport_c
[2.551s] [ 65%] Built target leg_detector_msgs__rosidl_typesupport_introspection_c
[2.620s] [ 65%] Built target leg_detector_msgs__rosidl_typesupport_introspection_cpp
[2.881s] [ 67%] [32m[1mLinking CXX shared library libleg_detector_msgs__rosidl_typesupport_fastrtps_cpp.so[0m
[2.990s] [ 67%] Built target leg_detector_msgs__rosidl_typesupport_fastrtps_cpp
[3.011s] [ 69%] [34m[1mGenerating C type support for eProsima Fast-RTPS[0m
[3.308s] [35m[1mScanning dependencies of target leg_detector_msgs__rosidl_typesupport_fastrtps_c[0m
[3.328s] [ 70%] [32mBuilding CXX object CMakeFiles/leg_detector_msgs__rosidl_typesupport_fastrtps_c.dir/rosidl_typesupport_fastrtps_c/leg_detector_msgs/msg/detail/leg__type_support_c.cpp.o[0m
[3.328s] [ 72%] [32mBuilding CXX object CMakeFiles/leg_detector_msgs__rosidl_typesupport_fastrtps_c.dir/rosidl_typesupport_fastrtps_c/leg_detector_msgs/msg/detail/leg_array__type_support_c.cpp.o[0m
[3.328s] [ 74%] [32mBuilding CXX object CMakeFiles/leg_detector_msgs__rosidl_typesupport_fastrtps_c.dir/rosidl_typesupport_fastrtps_c/leg_detector_msgs/msg/detail/person__type_support_c.cpp.o[0m
[3.329s] [ 76%] [32mBuilding CXX object CMakeFiles/leg_detector_msgs__rosidl_typesupport_fastrtps_c.dir/rosidl_typesupport_fastrtps_c/leg_detector_msgs/msg/detail/person_array__type_support_c.cpp.o[0m
[3.645s] [ 78%] [32m[1mLinking CXX shared library libleg_detector_msgs__rosidl_typesupport_fastrtps_c.so[0m
[3.757s] [ 78%] Built target leg_detector_msgs__rosidl_typesupport_fastrtps_c
[3.788s] [ 78%] Built target leg_detector_msgs
[3.824s] [ 80%] [34m[1mGenerating Python code for ROS interfaces[0m
[4.369s] [ 80%] Built target leg_detector_msgs__py
[4.383s] [35m[1mScanning dependencies of target leg_detector_msgs__python[0m
[4.405s] [ 81%] [32mBuilding C object CMakeFiles/leg_detector_msgs__python.dir/rosidl_generator_py/leg_detector_msgs/msg/_leg_array_s.c.o[0m
[4.407s] [ 83%] [32mBuilding C object CMakeFiles/leg_detector_msgs__python.dir/rosidl_generator_py/leg_detector_msgs/msg/_leg_s.c.o[0m
[4.408s] [ 85%] [32mBuilding C object CMakeFiles/leg_detector_msgs__python.dir/rosidl_generator_py/leg_detector_msgs/msg/_person_s.c.o[0m
[4.410s] [ 87%] [32mBuilding C object CMakeFiles/leg_detector_msgs__python.dir/rosidl_generator_py/leg_detector_msgs/msg/_person_array_s.c.o[0m
[4.528s] [ 89%] [32m[1mLinking C shared library rosidl_generator_py/leg_detector_msgs/libleg_detector_msgs__python.so[0m
[4.576s] [ 89%] Built target leg_detector_msgs__python
[4.586s] [35m[1mScanning dependencies of target leg_detector_msgs__rosidl_typesupport_introspection_c__pyext[0m
[4.586s] [35m[1mScanning dependencies of target leg_detector_msgs__rosidl_typesupport_c__pyext[0m
[4.587s] [35m[1mScanning dependencies of target leg_detector_msgs__rosidl_typesupport_fastrtps_c__pyext[0m
[4.600s] [ 90%] [32mBuilding C object CMakeFiles/leg_detector_msgs__rosidl_typesupport_c__pyext.dir/rosidl_generator_py/leg_detector_msgs/_leg_detector_msgs_s.ep.rosidl_typesupport_c.c.o[0m
[4.605s] [ 92%] [32mBuilding C object CMakeFiles/leg_detector_msgs__rosidl_typesupport_introspection_c__pyext.dir/rosidl_generator_py/leg_detector_msgs/_leg_detector_msgs_s.ep.rosidl_typesupport_introspection_c.c.o[0m
[4.607s] [ 94%] [32mBuilding C object CMakeFiles/leg_detector_msgs__rosidl_typesupport_fastrtps_c__pyext.dir/rosidl_generator_py/leg_detector_msgs/_leg_detector_msgs_s.ep.rosidl_typesupport_fastrtps_c.c.o[0m
[4.682s] [ 96%] [32m[1mLinking C shared library rosidl_generator_py/leg_detector_msgs/leg_detector_msgs_s__rosidl_typesupport_c.cpython-38-x86_64-linux-gnu.so[0m
[4.688s] [ 98%] [32m[1mLinking C shared library rosidl_generator_py/leg_detector_msgs/leg_detector_msgs_s__rosidl_typesupport_introspection_c.cpython-38-x86_64-linux-gnu.so[0m
[4.713s] [100%] [32m[1mLinking CXX shared library rosidl_generator_py/leg_detector_msgs/leg_detector_msgs_s__rosidl_typesupport_fastrtps_c.cpython-38-x86_64-linux-gnu.so[0m
[4.727s] [100%] Built target leg_detector_msgs__rosidl_typesupport_c__pyext
[4.740s] [100%] Built target leg_detector_msgs__rosidl_typesupport_introspection_c__pyext
[4.779s] [100%] Built target leg_detector_msgs__rosidl_typesupport_fastrtps_c__pyext
[4.795s] Invoked command in '/home/hhd/legdet_ws/build/leg_detector_msgs' returned '0': CMAKE_PREFIX_PATH=${CMAKE_PREFIX_PATH}:/home/hhd/drl_ros2/turtlebot3_drlnav/install/turtlebot3_drl:/home/hhd/.ros2_ws/install/qr_track_alvar:/opt/ros/galactic CONDA_PROMPT_MODIFIER=(peopleros2) /usr/bin/cmake --build /home/hhd/legdet_ws/build/leg_detector_msgs -- -j12 -l12
[4.942s] Invoking command in '/home/hhd/legdet_ws/build/leg_detector_msgs': CMAKE_PREFIX_PATH=${CMAKE_PREFIX_PATH}:/home/hhd/drl_ros2/turtlebot3_drlnav/install/turtlebot3_drl:/home/hhd/.ros2_ws/install/qr_track_alvar:/opt/ros/galactic CONDA_PROMPT_MODIFIER=(peopleros2) /usr/bin/cmake --install /home/hhd/legdet_ws/build/leg_detector_msgs
[4.956s] -- Install configuration: ""
[4.957s] -- Up-to-date: /home/hhd/legdet_ws/install/leg_detector_msgs/share/ament_index/resource_index/rosidl_interfaces/leg_detector_msgs
[4.957s] -- Up-to-date: /home/hhd/legdet_ws/install/leg_detector_msgs/include/leg_detector_msgs
[4.957s] -- Up-to-date: /home/hhd/legdet_ws/install/leg_detector_msgs/include/leg_detector_msgs/msg
[4.957s] -- Installing: /home/hhd/legdet_ws/install/leg_detector_msgs/include/leg_detector_msgs/msg/leg.h
[4.957s] -- Up-to-date: /home/hhd/legdet_ws/install/leg_detector_msgs/include/leg_detector_msgs/msg/rosidl_generator_c__visibility_control.h
[4.957s] -- Up-to-date: /home/hhd/legdet_ws/install/leg_detector_msgs/include/leg_detector_msgs/msg/detail
[4.957s] -- Installing: /home/hhd/legdet_ws/install/leg_detector_msgs/include/leg_detector_msgs/msg/detail/leg_array__functions.c
[4.958s] -- Installing: /home/hhd/legdet_ws/install/leg_detector_msgs/include/leg_detector_msgs/msg/detail/person_array__type_support.h
[4.958s] -- Installing: /home/hhd/legdet_ws/install/leg_detector_msgs/include/leg_detector_msgs/msg/detail/person__functions.h
[4.958s] -- Installing: /home/hhd/legdet_ws/install/leg_detector_msgs/include/leg_detector_msgs/msg/detail/person_array__functions.c
[4.958s] -- Installing: /home/hhd/legdet_ws/install/leg_detector_msgs/include/leg_detector_msgs/msg/detail/leg_array__struct.h
[4.958s] -- Installing: /home/hhd/legdet_ws/install/leg_detector_msgs/include/leg_detector_msgs/msg/detail/person__functions.c
[4.958s] -- Installing: /home/hhd/legdet_ws/install/leg_detector_msgs/include/leg_detector_msgs/msg/detail/person__struct.h
[4.958s] -- Installing: /home/hhd/legdet_ws/install/leg_detector_msgs/include/leg_detector_msgs/msg/detail/person_array__struct.h
[4.958s] -- Installing: /home/hhd/legdet_ws/install/leg_detector_msgs/include/leg_detector_msgs/msg/detail/leg__struct.h
[4.959s] -- Installing: /home/hhd/legdet_ws/install/leg_detector_msgs/include/leg_detector_msgs/msg/detail/leg_array__functions.h
[4.959s] -- Installing: /home/hhd/legdet_ws/install/leg_detector_msgs/include/leg_detector_msgs/msg/detail/leg_array__type_support.h
[4.959s] -- Installing: /home/hhd/legdet_ws/install/leg_detector_msgs/include/leg_detector_msgs/msg/detail/person__type_support.h
[4.959s] -- Installing: /home/hhd/legdet_ws/install/leg_detector_msgs/include/leg_detector_msgs/msg/detail/person_array__functions.h
[4.959s] -- Installing: /home/hhd/legdet_ws/install/leg_detector_msgs/include/leg_detector_msgs/msg/detail/leg__functions.c
[4.959s] -- Installing: /home/hhd/legdet_ws/install/leg_detector_msgs/include/leg_detector_msgs/msg/detail/leg__functions.h
[4.959s] -- Installing: /home/hhd/legdet_ws/install/leg_detector_msgs/include/leg_detector_msgs/msg/detail/leg__type_support.h
[4.960s] -- Installing: /home/hhd/legdet_ws/install/leg_detector_msgs/include/leg_detector_msgs/msg/person.h
[4.960s] -- Installing: /home/hhd/legdet_ws/install/leg_detector_msgs/include/leg_detector_msgs/msg/person_array.h
[4.960s] -- Installing: /home/hhd/legdet_ws/install/leg_detector_msgs/include/leg_detector_msgs/msg/leg_array.h
[4.960s] -- Up-to-date: /home/hhd/legdet_ws/install/leg_detector_msgs/share/leg_detector_msgs/environment/library_path.sh
[4.960s] -- Installing: /home/hhd/legdet_ws/install/leg_detector_msgs/share/leg_detector_msgs/environment/library_path.dsv
[4.960s] -- Installing: /home/hhd/legdet_ws/install/leg_detector_msgs/lib/libleg_detector_msgs__rosidl_generator_c.so
[4.960s] -- Set runtime path of "/home/hhd/legdet_ws/install/leg_detector_msgs/lib/libleg_detector_msgs__rosidl_generator_c.so" to ""
[4.960s] -- Up-to-date: /home/hhd/legdet_ws/install/leg_detector_msgs/include/leg_detector_msgs
[4.961s] -- Up-to-date: /home/hhd/legdet_ws/install/leg_detector_msgs/include/leg_detector_msgs/msg
[4.961s] -- Up-to-date: /home/hhd/legdet_ws/install/leg_detector_msgs/include/leg_detector_msgs/msg/rosidl_typesupport_fastrtps_c__visibility_control.h
[4.961s] -- Up-to-date: /home/hhd/legdet_ws/install/leg_detector_msgs/include/leg_detector_msgs/msg/detail
[4.961s] -- Installing: /home/hhd/legdet_ws/install/leg_detector_msgs/include/leg_detector_msgs/msg/detail/leg__rosidl_typesupport_fastrtps_c.h
[4.961s] -- Installing: /home/hhd/legdet_ws/install/leg_detector_msgs/include/leg_detector_msgs/msg/detail/leg_array__rosidl_typesupport_fastrtps_c.h
[4.961s] -- Installing: /home/hhd/legdet_ws/install/leg_detector_msgs/include/leg_detector_msgs/msg/detail/person__rosidl_typesupport_fastrtps_c.h
[4.961s] -- Installing: /home/hhd/legdet_ws/install/leg_detector_msgs/include/leg_detector_msgs/msg/detail/person_array__rosidl_typesupport_fastrtps_c.h
[4.961s] -- Installing: /home/hhd/legdet_ws/install/leg_detector_msgs/lib/libleg_detector_msgs__rosidl_typesupport_fastrtps_c.so
[4.962s] -- Set runtime path of "/home/hhd/legdet_ws/install/leg_detector_msgs/lib/libleg_detector_msgs__rosidl_typesupport_fastrtps_c.so" to ""
[4.962s] -- Up-to-date: /home/hhd/legdet_ws/install/leg_detector_msgs/include/leg_detector_msgs
[4.962s] -- Up-to-date: /home/hhd/legdet_ws/install/leg_detector_msgs/include/leg_detector_msgs/msg
[4.962s] -- Up-to-date: /home/hhd/legdet_ws/install/leg_detector_msgs/include/leg_detector_msgs/msg/rosidl_typesupport_fastrtps_cpp__visibility_control.h
[4.962s] -- Up-to-date: /home/hhd/legdet_ws/install/leg_detector_msgs/include/leg_detector_msgs/msg/detail
[4.962s] -- Installing: /home/hhd/legdet_ws/install/leg_detector_msgs/include/leg_detector_msgs/msg/detail/person__rosidl_typesupport_fastrtps_cpp.hpp
[4.962s] -- Up-to-date: /home/hhd/legdet_ws/install/leg_detector_msgs/include/leg_detector_msgs/msg/detail/dds_fastrtps
[4.963s] -- Installing: /home/hhd/legdet_ws/install/leg_detector_msgs/include/leg_detector_msgs/msg/detail/leg_array__rosidl_typesupport_fastrtps_cpp.hpp
[4.963s] -- Installing: /home/hhd/legdet_ws/install/leg_detector_msgs/include/leg_detector_msgs/msg/detail/person_array__rosidl_typesupport_fastrtps_cpp.hpp
[4.963s] -- Installing: /home/hhd/legdet_ws/install/leg_detector_msgs/include/leg_detector_msgs/msg/detail/leg__rosidl_typesupport_fastrtps_cpp.hpp
[4.963s] -- Installing: /home/hhd/legdet_ws/install/leg_detector_msgs/lib/libleg_detector_msgs__rosidl_typesupport_fastrtps_cpp.so
[4.963s] -- Set runtime path of "/home/hhd/legdet_ws/install/leg_detector_msgs/lib/libleg_detector_msgs__rosidl_typesupport_fastrtps_cpp.so" to ""
[4.963s] -- Up-to-date: /home/hhd/legdet_ws/install/leg_detector_msgs/include/leg_detector_msgs
[4.963s] -- Up-to-date: /home/hhd/legdet_ws/install/leg_detector_msgs/include/leg_detector_msgs/msg
[4.964s] -- Up-to-date: /home/hhd/legdet_ws/install/leg_detector_msgs/include/leg_detector_msgs/msg/rosidl_typesupport_introspection_c__visibility_control.h
[4.964s] -- Up-to-date: /home/hhd/legdet_ws/install/leg_detector_msgs/include/leg_detector_msgs/msg/detail
[4.964s] -- Installing: /home/hhd/legdet_ws/install/leg_detector_msgs/include/leg_detector_msgs/msg/detail/person_array__rosidl_typesupport_introspection_c.h
[4.964s] -- Installing: /home/hhd/legdet_ws/install/leg_detector_msgs/include/leg_detector_msgs/msg/detail/person__type_support.c
[4.964s] -- Installing: /home/hhd/legdet_ws/install/leg_detector_msgs/include/leg_detector_msgs/msg/detail/person__rosidl_typesupport_introspection_c.h
[4.964s] -- Installing: /home/hhd/legdet_ws/install/leg_detector_msgs/include/leg_detector_msgs/msg/detail/person_array__type_support.c
[4.964s] -- Installing: /home/hhd/legdet_ws/install/leg_detector_msgs/include/leg_detector_msgs/msg/detail/leg__type_support.c
[4.964s] -- Installing: /home/hhd/legdet_ws/install/leg_detector_msgs/include/leg_detector_msgs/msg/detail/leg_array__type_support.c
[4.964s] -- Installing: /home/hhd/legdet_ws/install/leg_detector_msgs/include/leg_detector_msgs/msg/detail/leg__rosidl_typesupport_introspection_c.h
[4.965s] -- Installing: /home/hhd/legdet_ws/install/leg_detector_msgs/include/leg_detector_msgs/msg/detail/leg_array__rosidl_typesupport_introspection_c.h
[4.965s] -- Installing: /home/hhd/legdet_ws/install/leg_detector_msgs/lib/libleg_detector_msgs__rosidl_typesupport_introspection_c.so
[4.965s] -- Set runtime path of "/home/hhd/legdet_ws/install/leg_detector_msgs/lib/libleg_detector_msgs__rosidl_typesupport_introspection_c.so" to ""
[4.965s] -- Installing: /home/hhd/legdet_ws/install/leg_detector_msgs/lib/libleg_detector_msgs__rosidl_typesupport_c.so
[4.965s] -- Set runtime path of "/home/hhd/legdet_ws/install/leg_detector_msgs/lib/libleg_detector_msgs__rosidl_typesupport_c.so" to ""
[4.965s] -- Up-to-date: /home/hhd/legdet_ws/install/leg_detector_msgs/include/leg_detector_msgs
[4.965s] -- Up-to-date: /home/hhd/legdet_ws/install/leg_detector_msgs/include/leg_detector_msgs/msg
[4.965s] -- Installing: /home/hhd/legdet_ws/install/leg_detector_msgs/include/leg_detector_msgs/msg/leg_array.hpp
[4.966s] -- Installing: /home/hhd/legdet_ws/install/leg_detector_msgs/include/leg_detector_msgs/msg/leg.hpp
[4.966s] -- Installing: /home/hhd/legdet_ws/install/leg_detector_msgs/include/leg_detector_msgs/msg/person_array.hpp
[4.966s] -- Up-to-date: /home/hhd/legdet_ws/install/leg_detector_msgs/include/leg_detector_msgs/msg/detail
[4.966s] -- Installing: /home/hhd/legdet_ws/install/leg_detector_msgs/include/leg_detector_msgs/msg/detail/person_array__struct.hpp
[4.966s] -- Installing: /home/hhd/legdet_ws/install/leg_detector_msgs/include/leg_detector_msgs/msg/detail/person__builder.hpp
[4.966s] -- Installing: /home/hhd/legdet_ws/install/leg_detector_msgs/include/leg_detector_msgs/msg/detail/person__traits.hpp
[4.966s] -- Installing: /home/hhd/legdet_ws/install/leg_detector_msgs/include/leg_detector_msgs/msg/detail/leg__traits.hpp
[4.966s] -- Installing: /home/hhd/legdet_ws/install/leg_detector_msgs/include/leg_detector_msgs/msg/detail/person__struct.hpp
[4.966s] -- Installing: /home/hhd/legdet_ws/install/leg_detector_msgs/include/leg_detector_msgs/msg/detail/leg__builder.hpp
[4.966s] -- Installing: /home/hhd/legdet_ws/install/leg_detector_msgs/include/leg_detector_msgs/msg/detail/person_array__builder.hpp
[4.967s] -- Installing: /home/hhd/legdet_ws/install/leg_detector_msgs/include/leg_detector_msgs/msg/detail/leg__struct.hpp
[4.967s] -- Installing: /home/hhd/legdet_ws/install/leg_detector_msgs/include/leg_detector_msgs/msg/detail/person_array__traits.hpp
[4.967s] -- Installing: /home/hhd/legdet_ws/install/leg_detector_msgs/include/leg_detector_msgs/msg/detail/leg_array__traits.hpp
[4.967s] -- Installing: /home/hhd/legdet_ws/install/leg_detector_msgs/include/leg_detector_msgs/msg/detail/leg_array__builder.hpp
[4.967s] -- Installing: /home/hhd/legdet_ws/install/leg_detector_msgs/include/leg_detector_msgs/msg/detail/leg_array__struct.hpp
[4.967s] -- Installing: /home/hhd/legdet_ws/install/leg_detector_msgs/include/leg_detector_msgs/msg/person.hpp
[4.967s] -- Up-to-date: /home/hhd/legdet_ws/install/leg_detector_msgs/include/leg_detector_msgs
[4.967s] -- Up-to-date: /home/hhd/legdet_ws/install/leg_detector_msgs/include/leg_detector_msgs/msg
[4.967s] -- Up-to-date: /home/hhd/legdet_ws/install/leg_detector_msgs/include/leg_detector_msgs/msg/detail
[4.967s] -- Installing: /home/hhd/legdet_ws/install/leg_detector_msgs/include/leg_detector_msgs/msg/detail/leg_array__rosidl_typesupport_introspection_cpp.hpp
[4.967s] -- Installing: /home/hhd/legdet_ws/install/leg_detector_msgs/include/leg_detector_msgs/msg/detail/leg__type_support.cpp
[4.967s] -- Installing: /home/hhd/legdet_ws/install/leg_detector_msgs/include/leg_detector_msgs/msg/detail/person__type_support.cpp
[4.967s] -- Installing: /home/hhd/legdet_ws/install/leg_detector_msgs/include/leg_detector_msgs/msg/detail/person_array__type_support.cpp
[4.967s] -- Installing: /home/hhd/legdet_ws/install/leg_detector_msgs/include/leg_detector_msgs/msg/detail/leg_array__type_support.cpp
[4.967s] -- Installing: /home/hhd/legdet_ws/install/leg_detector_msgs/include/leg_detector_msgs/msg/detail/person__rosidl_typesupport_introspection_cpp.hpp
[4.967s] -- Installing: /home/hhd/legdet_ws/install/leg_detector_msgs/include/leg_detector_msgs/msg/detail/person_array__rosidl_typesupport_introspection_cpp.hpp
[4.967s] -- Installing: /home/hhd/legdet_ws/install/leg_detector_msgs/include/leg_detector_msgs/msg/detail/leg__rosidl_typesupport_introspection_cpp.hpp
[4.967s] -- Installing: /home/hhd/legdet_ws/install/leg_detector_msgs/lib/libleg_detector_msgs__rosidl_typesupport_introspection_cpp.so
[4.968s] -- Set runtime path of "/home/hhd/legdet_ws/install/leg_detector_msgs/lib/libleg_detector_msgs__rosidl_typesupport_introspection_cpp.so" to ""
[4.968s] -- Installing: /home/hhd/legdet_ws/install/leg_detector_msgs/lib/libleg_detector_msgs__rosidl_typesupport_cpp.so
[4.968s] -- Set runtime path of "/home/hhd/legdet_ws/install/leg_detector_msgs/lib/libleg_detector_msgs__rosidl_typesupport_cpp.so" to ""
[4.968s] -- Up-to-date: /home/hhd/legdet_ws/install/leg_detector_msgs/share/leg_detector_msgs/environment/pythonpath.sh
[4.968s] -- Installing: /home/hhd/legdet_ws/install/leg_detector_msgs/share/leg_detector_msgs/environment/pythonpath.dsv
[4.968s] -- Installing: /home/hhd/legdet_ws/install/leg_detector_msgs/lib/python3.8/site-packages/leg_detector_msgs/__init__.py
[4.995s] Compiling '/home/hhd/legdet_ws/install/leg_detector_msgs/lib/python3.8/site-packages/leg_detector_msgs/__init__.py'...
[5.001s] -- Up-to-date: /home/hhd/legdet_ws/install/leg_detector_msgs/lib/python3.8/site-packages/leg_detector_msgs/msg
[5.001s] -- Installing: /home/hhd/legdet_ws/install/leg_detector_msgs/lib/python3.8/site-packages/leg_detector_msgs/msg/_leg.py
[5.001s] -- Installing: /home/hhd/legdet_ws/install/leg_detector_msgs/lib/python3.8/site-packages/leg_detector_msgs/msg/_leg_s.c
[5.001s] -- Installing: /home/hhd/legdet_ws/install/leg_detector_msgs/lib/python3.8/site-packages/leg_detector_msgs/msg/_leg_array.py
[5.002s] -- Installing: /home/hhd/legdet_ws/install/leg_detector_msgs/lib/python3.8/site-packages/leg_detector_msgs/msg/_person_s.c
[5.002s] -- Installing: /home/hhd/legdet_ws/install/leg_detector_msgs/lib/python3.8/site-packages/leg_detector_msgs/msg/_person_array_s.c
[5.002s] -- Installing: /home/hhd/legdet_ws/install/leg_detector_msgs/lib/python3.8/site-packages/leg_detector_msgs/msg/_person_array.py
[5.002s] -- Installing: /home/hhd/legdet_ws/install/leg_detector_msgs/lib/python3.8/site-packages/leg_detector_msgs/msg/_leg_array_s.c
[5.002s] -- Installing: /home/hhd/legdet_ws/install/leg_detector_msgs/lib/python3.8/site-packages/leg_detector_msgs/msg/__init__.py
[5.003s] -- Installing: /home/hhd/legdet_ws/install/leg_detector_msgs/lib/python3.8/site-packages/leg_detector_msgs/msg/_person.py
[5.003s] -- Installing: /home/hhd/legdet_ws/install/leg_detector_msgs/lib/python3.8/site-packages/leg_detector_msgs/leg_detector_msgs_s__rosidl_typesupport_fastrtps_c.cpython-38-x86_64-linux-gnu.so
[5.004s] -- Set runtime path of "/home/hhd/legdet_ws/install/leg_detector_msgs/lib/python3.8/site-packages/leg_detector_msgs/leg_detector_msgs_s__rosidl_typesupport_fastrtps_c.cpython-38-x86_64-linux-gnu.so" to ""
[5.005s] -- Installing: /home/hhd/legdet_ws/install/leg_detector_msgs/lib/python3.8/site-packages/leg_detector_msgs/leg_detector_msgs_s__rosidl_typesupport_introspection_c.cpython-38-x86_64-linux-gnu.so
[5.006s] -- Set runtime path of "/home/hhd/legdet_ws/install/leg_detector_msgs/lib/python3.8/site-packages/leg_detector_msgs/leg_detector_msgs_s__rosidl_typesupport_introspection_c.cpython-38-x86_64-linux-gnu.so" to ""
[5.006s] -- Installing: /home/hhd/legdet_ws/install/leg_detector_msgs/lib/python3.8/site-packages/leg_detector_msgs/leg_detector_msgs_s__rosidl_typesupport_c.cpython-38-x86_64-linux-gnu.so
[5.007s] -- Set runtime path of "/home/hhd/legdet_ws/install/leg_detector_msgs/lib/python3.8/site-packages/leg_detector_msgs/leg_detector_msgs_s__rosidl_typesupport_c.cpython-38-x86_64-linux-gnu.so" to ""
[5.008s] -- Installing: /home/hhd/legdet_ws/install/leg_detector_msgs/lib/libleg_detector_msgs__python.so
[5.008s] -- Set runtime path of "/home/hhd/legdet_ws/install/leg_detector_msgs/lib/libleg_detector_msgs__python.so" to ""
[5.008s] -- Up-to-date: /home/hhd/legdet_ws/install/leg_detector_msgs/share/leg_detector_msgs/msg/Leg.idl
[5.009s] -- Up-to-date: /home/hhd/legdet_ws/install/leg_detector_msgs/share/leg_detector_msgs/msg/LegArray.idl
[5.009s] -- Installing: /home/hhd/legdet_ws/install/leg_detector_msgs/share/leg_detector_msgs/msg/Person.idl
[5.009s] -- Up-to-date: /home/hhd/legdet_ws/install/leg_detector_msgs/share/leg_detector_msgs/msg/PersonArray.idl
[5.009s] -- Up-to-date: /home/hhd/legdet_ws/install/leg_detector_msgs/share/leg_detector_msgs/msg/Leg.msg
[5.009s] -- Up-to-date: /home/hhd/legdet_ws/install/leg_detector_msgs/share/leg_detector_msgs/msg/LegArray.msg
[5.009s] -- Installing: /home/hhd/legdet_ws/install/leg_detector_msgs/share/leg_detector_msgs/msg/Person.msg
[5.010s] -- Up-to-date: /home/hhd/legdet_ws/install/leg_detector_msgs/share/leg_detector_msgs/msg/PersonArray.msg
[5.010s] -- Up-to-date: /home/hhd/legdet_ws/install/leg_detector_msgs/share/ament_index/resource_index/package_run_dependencies/leg_detector_msgs
[5.010s] -- Up-to-date: /home/hhd/legdet_ws/install/leg_detector_msgs/share/ament_index/resource_index/parent_prefix_path/leg_detector_msgs
[5.010s] -- Up-to-date: /home/hhd/legdet_ws/install/leg_detector_msgs/share/leg_detector_msgs/environment/ament_prefix_path.sh
[5.011s] -- Installing: /home/hhd/legdet_ws/install/leg_detector_msgs/share/leg_detector_msgs/environment/ament_prefix_path.dsv
[5.011s] -- Up-to-date: /home/hhd/legdet_ws/install/leg_detector_msgs/share/leg_detector_msgs/environment/path.sh
[5.011s] -- Installing: /home/hhd/legdet_ws/install/leg_detector_msgs/share/leg_detector_msgs/environment/path.dsv
[5.011s] -- Up-to-date: /home/hhd/legdet_ws/install/leg_detector_msgs/share/leg_detector_msgs/local_setup.bash
[5.011s] -- Up-to-date: /home/hhd/legdet_ws/install/leg_detector_msgs/share/leg_detector_msgs/local_setup.sh
[5.011s] -- Up-to-date: /home/hhd/legdet_ws/install/leg_detector_msgs/share/leg_detector_msgs/local_setup.zsh
[5.011s] -- Installing: /home/hhd/legdet_ws/install/leg_detector_msgs/share/leg_detector_msgs/local_setup.dsv
[5.012s] -- Installing: /home/hhd/legdet_ws/install/leg_detector_msgs/share/leg_detector_msgs/package.dsv
[5.012s] -- Up-to-date: /home/hhd/legdet_ws/install/leg_detector_msgs/share/ament_index/resource_index/packages/leg_detector_msgs
[5.012s] -- Up-to-date: /home/hhd/legdet_ws/install/leg_detector_msgs/share/leg_detector_msgs/cmake/leg_detector_msgs__rosidl_generator_cExport.cmake
[5.012s] -- Installing: /home/hhd/legdet_ws/install/leg_detector_msgs/share/leg_detector_msgs/cmake/leg_detector_msgs__rosidl_generator_cExport-noconfig.cmake
[5.012s] -- Up-to-date: /home/hhd/legdet_ws/install/leg_detector_msgs/share/leg_detector_msgs/cmake/leg_detector_msgs__rosidl_typesupport_introspection_cExport.cmake
[5.012s] -- Installing: /home/hhd/legdet_ws/install/leg_detector_msgs/share/leg_detector_msgs/cmake/leg_detector_msgs__rosidl_typesupport_introspection_cExport-noconfig.cmake
[5.013s] -- Up-to-date: /home/hhd/legdet_ws/install/leg_detector_msgs/share/leg_detector_msgs/cmake/leg_detector_msgs__rosidl_typesupport_cExport.cmake
[5.013s] -- Installing: /home/hhd/legdet_ws/install/leg_detector_msgs/share/leg_detector_msgs/cmake/leg_detector_msgs__rosidl_typesupport_cExport-noconfig.cmake
[5.013s] -- Up-to-date: /home/hhd/legdet_ws/install/leg_detector_msgs/share/leg_detector_msgs/cmake/leg_detector_msgs__rosidl_generator_cppExport.cmake
[5.013s] -- Up-to-date: /home/hhd/legdet_ws/install/leg_detector_msgs/share/leg_detector_msgs/cmake/leg_detector_msgs__rosidl_typesupport_introspection_cppExport.cmake
[5.013s] -- Installing: /home/hhd/legdet_ws/install/leg_detector_msgs/share/leg_detector_msgs/cmake/leg_detector_msgs__rosidl_typesupport_introspection_cppExport-noconfig.cmake
[5.014s] -- Up-to-date: /home/hhd/legdet_ws/install/leg_detector_msgs/share/leg_detector_msgs/cmake/leg_detector_msgs__rosidl_typesupport_cppExport.cmake
[5.014s] -- Installing: /home/hhd/legdet_ws/install/leg_detector_msgs/share/leg_detector_msgs/cmake/leg_detector_msgs__rosidl_typesupport_cppExport-noconfig.cmake
[5.014s] -- Up-to-date: /home/hhd/legdet_ws/install/leg_detector_msgs/share/leg_detector_msgs/cmake/rosidl_cmake-extras.cmake
[5.014s] -- Up-to-date: /home/hhd/legdet_ws/install/leg_detector_msgs/share/leg_detector_msgs/cmake/ament_cmake_export_dependencies-extras.cmake
[5.015s] -- Up-to-date: /home/hhd/legdet_ws/install/leg_detector_msgs/share/leg_detector_msgs/cmake/ament_cmake_export_libraries-extras.cmake
[5.015s] -- Up-to-date: /home/hhd/legdet_ws/install/leg_detector_msgs/share/leg_detector_msgs/cmake/ament_cmake_export_targets-extras.cmake
[5.015s] -- Up-to-date: /home/hhd/legdet_ws/install/leg_detector_msgs/share/leg_detector_msgs/cmake/ament_cmake_export_include_directories-extras.cmake
[5.015s] -- Up-to-date: /home/hhd/legdet_ws/install/leg_detector_msgs/share/leg_detector_msgs/cmake/rosidl_cmake_export_typesupport_libraries-extras.cmake
[5.015s] -- Up-to-date: /home/hhd/legdet_ws/install/leg_detector_msgs/share/leg_detector_msgs/cmake/rosidl_cmake_export_typesupport_targets-extras.cmake
[5.015s] -- Up-to-date: /home/hhd/legdet_ws/install/leg_detector_msgs/share/leg_detector_msgs/cmake/leg_detector_msgsConfig.cmake
[5.016s] -- Up-to-date: /home/hhd/legdet_ws/install/leg_detector_msgs/share/leg_detector_msgs/cmake/leg_detector_msgsConfig-version.cmake
[5.016s] -- Up-to-date: /home/hhd/legdet_ws/install/leg_detector_msgs/share/leg_detector_msgs/package.xml
[5.017s] Invoked command in '/home/hhd/legdet_ws/build/leg_detector_msgs' returned '0': CMAKE_PREFIX_PATH=${CMAKE_PREFIX_PATH}:/home/hhd/drl_ros2/turtlebot3_drlnav/install/turtlebot3_drl:/home/hhd/.ros2_ws/install/qr_track_alvar:/opt/ros/galactic CONDA_PROMPT_MODIFIER=(peopleros2) /usr/bin/cmake --install /home/hhd/legdet_ws/build/leg_detector_msgs
