[0.259s] Invoking command in '/home/hhd/legdet_ws/build/leg_detector': CMAKE_PREFIX_PATH=/home/hhd/legdet_ws/install/leg_detector_msgs:/home/hhd/legdet_ws/install/people_msgs:/home/hhd/legdet_ws/install/leg_detector:/home/hhd/cartoros2_ws/install/cartographer_rviz:/home/hhd/cartoros2_ws/install/cartographer_ros:/home/hhd/cartoros2_ws/install/cartographer_ros_msgs:/home/hhd/cartoros2_ws/install/cartographer:/home/hhd/cartoros2_ws/install/absl:/home/hhd/.ros2_ws/install/slam_gmapping:/home/hhd/.ros2_ws/install/openslam_gmapping:/home/hhd/.ros2_ws/install/qr_track_alvar:/opt/ros/galactic CONDA_PROMPT_MODIFIER=(peopleros2) LD_LIBRARY_PATH=/home/hhd/legdet_ws/install/leg_detector_msgs/lib:/home/hhd/legdet_ws/install/people_msgs/lib:/home/hhd/cartoros2_ws/install/cartographer_rviz/lib:/home/hhd/cartoros2_ws/install/cartographer_ros/lib:/home/hhd/cartoros2_ws/install/cartographer_ros_msgs/lib:/home/hhd/.ros2_ws/install/openslam_gmapping/lib:/opt/ros/galactic/opt/yaml_cpp_vendor/lib:/opt/ros/galactic/opt/rviz_ogre_vendor/lib:/opt/ros/galactic/lib/x86_64-linux-gnu:/opt/ros/galactic/lib PYTHONPATH=/home/hhd/legdet_ws/install/leg_detector_msgs/lib/python3.8/site-packages:/home/hhd/legdet_ws/install/people_msgs/lib/python3.8/site-packages:/home/hhd/cartoros2_ws/install/cartographer_ros_msgs/lib/python3.8/site-packages:/home/hhd/.ros2_ws/install/qr_track_alvar/lib/python3.8/site-packages:/opt/ros/galactic/lib/python3.8/site-packages /usr/bin/cmake --build /home/hhd/legdet_ws/build/leg_detector -- -j12 -l12
[0.315s] [35m[1mScanning dependencies of target detect_leg_clusters[0m
[0.335s] [ 22%] Built target inflated_human_scan
[0.339s] [ 55%] Built target local_occupancy_grid_mapping
[0.365s] [ 66%] [32mBuilding CXX object CMakeFiles/detect_leg_clusters.dir/src/detect_leg_clusters.cpp.o[0m
[3.038s] [01m[K/home/hhd/legdet_ws/src/leg_detector/src/detect_leg_clusters.cpp:[m[K In constructor ‘[01m[KDetectLegClusters::DetectLegClusters()[m[K’:
[3.039s] [01m[K/home/hhd/legdet_ws/src/leg_detector/src/detect_leg_clusters.cpp:38:45:[m[K [01;35m[Kwarning: [m[K‘[01m[Kconst rclcpp::ParameterValue& rclcpp::Node::declare_parameter(const string&)[m[K’ is deprecated: declare_parameter() with only a name is deprecated and will be deleted in the future.\nIf you want to declare a parameter that won't change type without a default value use:\n`node->declare_parameter<ParameterT>(name)`, where e.g. ParameterT=int64_t.\n\nIf you want to declare a parameter that can dynamically change type use:\n```\nrcl_interfaces::msg::ParameterDescriptor descriptor;\ndescriptor.dynamic_typing = true;\nnode->declare_parameter(name, rclcpp::ParameterValue{}, descriptor);\n``` [[01;35m[K-Wdeprecated-declarations[m[K]
[3.039s]    38 |         this->declare_parameter("scan_topic"[01;35m[K)[m[K;
[3.039s]       |                                             [01;35m[K^[m[K
[3.039s] In file included from [01m[K/opt/ros/galactic/include/rclcpp/executors/single_threaded_executor.hpp:28[m[K,
[3.040s]                  from [01m[K/opt/ros/galactic/include/rclcpp/executors.hpp:22[m[K,
[3.040s]                  from [01m[K/opt/ros/galactic/include/rclcpp/rclcpp.hpp:156[m[K,
[3.040s]                  from [01m[K/opt/ros/galactic/include/tf2_ros/buffer_interface.h:43[m[K,
[3.040s]                  from [01m[K/opt/ros/galactic/include/tf2_geometry_msgs/tf2_geometry_msgs.h:38[m[K,
[3.040s]                  from [01m[K/home/hhd/legdet_ws/src/leg_detector/src/detect_leg_clusters.cpp:3[m[K:
[3.040s] [01m[K/opt/ros/galactic/include/rclcpp/node.hpp:422:3:[m[K [01;36m[Knote: [m[Kdeclared here
[3.040s]   422 |   [01;36m[Kdeclare_parameter[m[K(const std::string & name);
[3.040s]       |   [01;36m[K^~~~~~~~~~~~~~~~~[m[K
[3.041s] [01m[K/home/hhd/legdet_ws/src/leg_detector/src/detect_leg_clusters.cpp:39:46:[m[K [01;35m[Kwarning: [m[K‘[01m[Kconst rclcpp::ParameterValue& rclcpp::Node::declare_parameter(const string&)[m[K’ is deprecated: declare_parameter() with only a name is deprecated and will be deleted in the future.\nIf you want to declare a parameter that won't change type without a default value use:\n`node->declare_parameter<ParameterT>(name)`, where e.g. ParameterT=int64_t.\n\nIf you want to declare a parameter that can dynamically change type use:\n```\nrcl_interfaces::msg::ParameterDescriptor descriptor;\ndescriptor.dynamic_typing = true;\nnode->declare_parameter(name, rclcpp::ParameterValue{}, descriptor);\n``` [[01;35m[K-Wdeprecated-declarations[m[K]
[3.041s]    39 |         this->declare_parameter("fixed_frame"[01;35m[K)[m[K;
[3.041s]       |                                              [01;35m[K^[m[K
[3.041s] In file included from [01m[K/opt/ros/galactic/include/rclcpp/executors/single_threaded_executor.hpp:28[m[K,
[3.041s]                  from [01m[K/opt/ros/galactic/include/rclcpp/executors.hpp:22[m[K,
[3.041s]                  from [01m[K/opt/ros/galactic/include/rclcpp/rclcpp.hpp:156[m[K,
[3.041s]                  from [01m[K/opt/ros/galactic/include/tf2_ros/buffer_interface.h:43[m[K,
[3.041s]                  from [01m[K/opt/ros/galactic/include/tf2_geometry_msgs/tf2_geometry_msgs.h:38[m[K,
[3.042s]                  from [01m[K/home/hhd/legdet_ws/src/leg_detector/src/detect_leg_clusters.cpp:3[m[K:
[3.042s] [01m[K/opt/ros/galactic/include/rclcpp/node.hpp:422:3:[m[K [01;36m[Knote: [m[Kdeclared here
[3.042s]   422 |   [01;36m[Kdeclare_parameter[m[K(const std::string & name);
[3.042s]       |   [01;36m[K^~~~~~~~~~~~~~~~~[m[K
[3.042s] [01m[K/home/hhd/legdet_ws/src/leg_detector/src/detect_leg_clusters.cpp:40:46:[m[K [01;35m[Kwarning: [m[K‘[01m[Kconst rclcpp::ParameterValue& rclcpp::Node::declare_parameter(const string&)[m[K’ is deprecated: declare_parameter() with only a name is deprecated and will be deleted in the future.\nIf you want to declare a parameter that won't change type without a default value use:\n`node->declare_parameter<ParameterT>(name)`, where e.g. ParameterT=int64_t.\n\nIf you want to declare a parameter that can dynamically change type use:\n```\nrcl_interfaces::msg::ParameterDescriptor descriptor;\ndescriptor.dynamic_typing = true;\nnode->declare_parameter(name, rclcpp::ParameterValue{}, descriptor);\n``` [[01;35m[K-Wdeprecated-declarations[m[K]
[3.042s]    40 |         this->declare_parameter("forest_file"[01;35m[K)[m[K;
[3.042s]       |                                              [01;35m[K^[m[K
[3.043s] In file included from [01m[K/opt/ros/galactic/include/rclcpp/executors/single_threaded_executor.hpp:28[m[K,
[3.043s]                  from [01m[K/opt/ros/galactic/include/rclcpp/executors.hpp:22[m[K,
[3.043s]                  from [01m[K/opt/ros/galactic/include/rclcpp/rclcpp.hpp:156[m[K,
[3.043s]                  from [01m[K/opt/ros/galactic/include/tf2_ros/buffer_interface.h:43[m[K,
[3.043s]                  from [01m[K/opt/ros/galactic/include/tf2_geometry_msgs/tf2_geometry_msgs.h:38[m[K,
[3.043s]                  from [01m[K/home/hhd/legdet_ws/src/leg_detector/src/detect_leg_clusters.cpp:3[m[K:
[3.044s] [01m[K/opt/ros/galactic/include/rclcpp/node.hpp:422:3:[m[K [01;36m[Knote: [m[Kdeclared here
[3.044s]   422 |   [01;36m[Kdeclare_parameter[m[K(const std::string & name);
[3.044s]       |   [01;36m[K^~~~~~~~~~~~~~~~~[m[K
[3.044s] [01m[K/home/hhd/legdet_ws/src/leg_detector/src/detect_leg_clusters.cpp:41:54:[m[K [01;35m[Kwarning: [m[K‘[01m[Kconst rclcpp::ParameterValue& rclcpp::Node::declare_parameter(const string&)[m[K’ is deprecated: declare_parameter() with only a name is deprecated and will be deleted in the future.\nIf you want to declare a parameter that won't change type without a default value use:\n`node->declare_parameter<ParameterT>(name)`, where e.g. ParameterT=int64_t.\n\nIf you want to declare a parameter that can dynamically change type use:\n```\nrcl_interfaces::msg::ParameterDescriptor descriptor;\ndescriptor.dynamic_typing = true;\nnode->declare_parameter(name, rclcpp::ParameterValue{}, descriptor);\n``` [[01;35m[K-Wdeprecated-declarations[m[K]
[3.044s]    41 |         this->declare_parameter("detection_threshold"[01;35m[K)[m[K;
[3.044s]       |                                                      [01;35m[K^[m[K
[3.045s] In file included from [01m[K/opt/ros/galactic/include/rclcpp/executors/single_threaded_executor.hpp:28[m[K,
[3.045s]                  from [01m[K/opt/ros/galactic/include/rclcpp/executors.hpp:22[m[K,
[3.045s]                  from [01m[K/opt/ros/galactic/include/rclcpp/rclcpp.hpp:156[m[K,
[3.045s]                  from [01m[K/opt/ros/galactic/include/tf2_ros/buffer_interface.h:43[m[K,
[3.045s]                  from [01m[K/opt/ros/galactic/include/tf2_geometry_msgs/tf2_geometry_msgs.h:38[m[K,
[3.045s]                  from [01m[K/home/hhd/legdet_ws/src/leg_detector/src/detect_leg_clusters.cpp:3[m[K:
[3.046s] [01m[K/opt/ros/galactic/include/rclcpp/node.hpp:422:3:[m[K [01;36m[Knote: [m[Kdeclared here
[3.046s]   422 |   [01;36m[Kdeclare_parameter[m[K(const std::string & name);
[3.046s]       |   [01;36m[K^~~~~~~~~~~~~~~~~[m[K
[3.046s] [01m[K/home/hhd/legdet_ws/src/leg_detector/src/detect_leg_clusters.cpp:42:54:[m[K [01;35m[Kwarning: [m[K‘[01m[Kconst rclcpp::ParameterValue& rclcpp::Node::declare_parameter(const string&)[m[K’ is deprecated: declare_parameter() with only a name is deprecated and will be deleted in the future.\nIf you want to declare a parameter that won't change type without a default value use:\n`node->declare_parameter<ParameterT>(name)`, where e.g. ParameterT=int64_t.\n\nIf you want to declare a parameter that can dynamically change type use:\n```\nrcl_interfaces::msg::ParameterDescriptor descriptor;\ndescriptor.dynamic_typing = true;\nnode->declare_parameter(name, rclcpp::ParameterValue{}, descriptor);\n``` [[01;35m[K-Wdeprecated-declarations[m[K]
[3.046s]    42 |         this->declare_parameter("cluster_dist_euclid"[01;35m[K)[m[K;
[3.047s]       |                                                      [01;35m[K^[m[K
[3.047s] In file included from [01m[K/opt/ros/galactic/include/rclcpp/executors/single_threaded_executor.hpp:28[m[K,
[3.047s]                  from [01m[K/opt/ros/galactic/include/rclcpp/executors.hpp:22[m[K,
[3.047s]                  from [01m[K/opt/ros/galactic/include/rclcpp/rclcpp.hpp:156[m[K,
[3.047s]                  from [01m[K/opt/ros/galactic/include/tf2_ros/buffer_interface.h:43[m[K,
[3.047s]                  from [01m[K/opt/ros/galactic/include/tf2_geometry_msgs/tf2_geometry_msgs.h:38[m[K,
[3.048s]                  from [01m[K/home/hhd/legdet_ws/src/leg_detector/src/detect_leg_clusters.cpp:3[m[K:
[3.048s] [01m[K/opt/ros/galactic/include/rclcpp/node.hpp:422:3:[m[K [01;36m[Knote: [m[Kdeclared here
[3.048s]   422 |   [01;36m[Kdeclare_parameter[m[K(const std::string & name);
[3.048s]       |   [01;36m[K^~~~~~~~~~~~~~~~~[m[K
[3.048s] [01m[K/home/hhd/legdet_ws/src/leg_detector/src/detect_leg_clusters.cpp:43:57:[m[K [01;35m[Kwarning: [m[K‘[01m[Kconst rclcpp::ParameterValue& rclcpp::Node::declare_parameter(const string&)[m[K’ is deprecated: declare_parameter() with only a name is deprecated and will be deleted in the future.\nIf you want to declare a parameter that won't change type without a default value use:\n`node->declare_parameter<ParameterT>(name)`, where e.g. ParameterT=int64_t.\n\nIf you want to declare a parameter that can dynamically change type use:\n```\nrcl_interfaces::msg::ParameterDescriptor descriptor;\ndescriptor.dynamic_typing = true;\nnode->declare_parameter(name, rclcpp::ParameterValue{}, descriptor);\n``` [[01;35m[K-Wdeprecated-declarations[m[K]
[3.048s]    43 |         this->declare_parameter("min_points_per_cluster"[01;35m[K)[m[K;
[3.048s]       |                                                         [01;35m[K^[m[K
[3.048s] In file included from [01m[K/opt/ros/galactic/include/rclcpp/executors/single_threaded_executor.hpp:28[m[K,
[3.048s]                  from [01m[K/opt/ros/galactic/include/rclcpp/executors.hpp:22[m[K,
[3.048s]                  from [01m[K/opt/ros/galactic/include/rclcpp/rclcpp.hpp:156[m[K,
[3.048s]                  from [01m[K/opt/ros/galactic/include/tf2_ros/buffer_interface.h:43[m[K,
[3.048s]                  from [01m[K/opt/ros/galactic/include/tf2_geometry_msgs/tf2_geometry_msgs.h:38[m[K,
[3.048s]                  from [01m[K/home/hhd/legdet_ws/src/leg_detector/src/detect_leg_clusters.cpp:3[m[K:
[3.048s] [01m[K/opt/ros/galactic/include/rclcpp/node.hpp:422:3:[m[K [01;36m[Knote: [m[Kdeclared here
[3.048s]   422 |   [01;36m[Kdeclare_parameter[m[K(const std::string & name);
[3.049s]       |   [01;36m[K^~~~~~~~~~~~~~~~~[m[K
[3.049s] [01m[K/home/hhd/legdet_ws/src/leg_detector/src/detect_leg_clusters.cpp:44:54:[m[K [01;35m[Kwarning: [m[K‘[01m[Kconst rclcpp::ParameterValue& rclcpp::Node::declare_parameter(const string&)[m[K’ is deprecated: declare_parameter() with only a name is deprecated and will be deleted in the future.\nIf you want to declare a parameter that won't change type without a default value use:\n`node->declare_parameter<ParameterT>(name)`, where e.g. ParameterT=int64_t.\n\nIf you want to declare a parameter that can dynamically change type use:\n```\nrcl_interfaces::msg::ParameterDescriptor descriptor;\ndescriptor.dynamic_typing = true;\nnode->declare_parameter(name, rclcpp::ParameterValue{}, descriptor);\n``` [[01;35m[K-Wdeprecated-declarations[m[K]
[3.049s]    44 |         this->declare_parameter("max_detect_distance"[01;35m[K)[m[K;
[3.049s]       |                                                      [01;35m[K^[m[K
[3.049s] In file included from [01m[K/opt/ros/galactic/include/rclcpp/executors/single_threaded_executor.hpp:28[m[K,
[3.049s]                  from [01m[K/opt/ros/galactic/include/rclcpp/executors.hpp:22[m[K,
[3.049s]                  from [01m[K/opt/ros/galactic/include/rclcpp/rclcpp.hpp:156[m[K,
[3.049s]                  from [01m[K/opt/ros/galactic/include/tf2_ros/buffer_interface.h:43[m[K,
[3.049s]                  from [01m[K/opt/ros/galactic/include/tf2_geometry_msgs/tf2_geometry_msgs.h:38[m[K,
[3.049s]                  from [01m[K/home/hhd/legdet_ws/src/leg_detector/src/detect_leg_clusters.cpp:3[m[K:
[3.049s] [01m[K/opt/ros/galactic/include/rclcpp/node.hpp:422:3:[m[K [01;36m[Knote: [m[Kdeclared here
[3.049s]   422 |   [01;36m[Kdeclare_parameter[m[K(const std::string & name);
[3.049s]       |   [01;36m[K^~~~~~~~~~~~~~~~~[m[K
[3.049s] [01m[K/home/hhd/legdet_ws/src/leg_detector/src/detect_leg_clusters.cpp:45:58:[m[K [01;35m[Kwarning: [m[K‘[01m[Kconst rclcpp::ParameterValue& rclcpp::Node::declare_parameter(const string&)[m[K’ is deprecated: declare_parameter() with only a name is deprecated and will be deleted in the future.\nIf you want to declare a parameter that won't change type without a default value use:\n`node->declare_parameter<ParameterT>(name)`, where e.g. ParameterT=int64_t.\n\nIf you want to declare a parameter that can dynamically change type use:\n```\nrcl_interfaces::msg::ParameterDescriptor descriptor;\ndescriptor.dynamic_typing = true;\nnode->declare_parameter(name, rclcpp::ParameterValue{}, descriptor);\n``` [[01;35m[K-Wdeprecated-declarations[m[K]
[3.049s]    45 |         this->declare_parameter("marker_display_lifetime"[01;35m[K)[m[K;
[3.049s]       |                                                          [01;35m[K^[m[K
[3.049s] In file included from [01m[K/opt/ros/galactic/include/rclcpp/executors/single_threaded_executor.hpp:28[m[K,
[3.049s]                  from [01m[K/opt/ros/galactic/include/rclcpp/executors.hpp:22[m[K,
[3.050s]                  from [01m[K/opt/ros/galactic/include/rclcpp/rclcpp.hpp:156[m[K,
[3.050s]                  from [01m[K/opt/ros/galactic/include/tf2_ros/buffer_interface.h:43[m[K,
[3.050s]                  from [01m[K/opt/ros/galactic/include/tf2_geometry_msgs/tf2_geometry_msgs.h:38[m[K,
[3.050s]                  from [01m[K/home/hhd/legdet_ws/src/leg_detector/src/detect_leg_clusters.cpp:3[m[K:
[3.050s] [01m[K/opt/ros/galactic/include/rclcpp/node.hpp:422:3:[m[K [01;36m[Knote: [m[Kdeclared here
[3.050s]   422 |   [01;36m[Kdeclare_parameter[m[K(const std::string & name);
[3.050s]       |   [01;36m[K^~~~~~~~~~~~~~~~~[m[K
[3.050s] [01m[K/home/hhd/legdet_ws/src/leg_detector/src/detect_leg_clusters.cpp:46:64:[m[K [01;35m[Kwarning: [m[K‘[01m[Kconst rclcpp::ParameterValue& rclcpp::Node::declare_parameter(const string&)[m[K’ is deprecated: declare_parameter() with only a name is deprecated and will be deleted in the future.\nIf you want to declare a parameter that won't change type without a default value use:\n`node->declare_parameter<ParameterT>(name)`, where e.g. ParameterT=int64_t.\n\nIf you want to declare a parameter that can dynamically change type use:\n```\nrcl_interfaces::msg::ParameterDescriptor descriptor;\ndescriptor.dynamic_typing = true;\nnode->declare_parameter(name, rclcpp::ParameterValue{}, descriptor);\n``` [[01;35m[K-Wdeprecated-declarations[m[K]
[3.050s]    46 |         this->declare_parameter("use_scan_header_stamp_for_tfs"[01;35m[K)[m[K;
[3.050s]       |                                                                [01;35m[K^[m[K
[3.050s] In file included from [01m[K/opt/ros/galactic/include/rclcpp/executors/single_threaded_executor.hpp:28[m[K,
[3.050s]                  from [01m[K/opt/ros/galactic/include/rclcpp/executors.hpp:22[m[K,
[3.050s]                  from [01m[K/opt/ros/galactic/include/rclcpp/rclcpp.hpp:156[m[K,
[3.050s]                  from [01m[K/opt/ros/galactic/include/tf2_ros/buffer_interface.h:43[m[K,
[3.051s]                  from [01m[K/opt/ros/galactic/include/tf2_geometry_msgs/tf2_geometry_msgs.h:38[m[K,
[3.051s]                  from [01m[K/home/hhd/legdet_ws/src/leg_detector/src/detect_leg_clusters.cpp:3[m[K:
[3.051s] [01m[K/opt/ros/galactic/include/rclcpp/node.hpp:422:3:[m[K [01;36m[Knote: [m[Kdeclared here
[3.051s]   422 |   [01;36m[Kdeclare_parameter[m[K(const std::string & name);
[3.051s]       |   [01;36m[K^~~~~~~~~~~~~~~~~[m[K
[3.051s] [01m[K/home/hhd/legdet_ws/src/leg_detector/src/detect_leg_clusters.cpp:47:56:[m[K [01;35m[Kwarning: [m[K‘[01m[Kconst rclcpp::ParameterValue& rclcpp::Node::declare_parameter(const string&)[m[K’ is deprecated: declare_parameter() with only a name is deprecated and will be deleted in the future.\nIf you want to declare a parameter that won't change type without a default value use:\n`node->declare_parameter<ParameterT>(name)`, where e.g. ParameterT=int64_t.\n\nIf you want to declare a parameter that can dynamically change type use:\n```\nrcl_interfaces::msg::ParameterDescriptor descriptor;\ndescriptor.dynamic_typing = true;\nnode->declare_parameter(name, rclcpp::ParameterValue{}, descriptor);\n``` [[01;35m[K-Wdeprecated-declarations[m[K]
[3.051s]    47 |         this->declare_parameter("max_detected_clusters"[01;35m[K)[m[K;
[3.051s]       |                                                        [01;35m[K^[m[K
[3.051s] In file included from [01m[K/opt/ros/galactic/include/rclcpp/executors/single_threaded_executor.hpp:28[m[K,
[3.051s]                  from [01m[K/opt/ros/galactic/include/rclcpp/executors.hpp:22[m[K,
[3.051s]                  from [01m[K/opt/ros/galactic/include/rclcpp/rclcpp.hpp:156[m[K,
[3.051s]                  from [01m[K/opt/ros/galactic/include/tf2_ros/buffer_interface.h:43[m[K,
[3.051s]                  from [01m[K/opt/ros/galactic/include/tf2_geometry_msgs/tf2_geometry_msgs.h:38[m[K,
[3.052s]                  from [01m[K/home/hhd/legdet_ws/src/leg_detector/src/detect_leg_clusters.cpp:3[m[K:
[3.052s] [01m[K/opt/ros/galactic/include/rclcpp/node.hpp:422:3:[m[K [01;36m[Knote: [m[Kdeclared here
[3.052s]   422 |   [01;36m[Kdeclare_parameter[m[K(const std::string & name);
[3.052s]       |   [01;36m[K^~~~~~~~~~~~~~~~~[m[K
[3.065s] In file included from [01m[K/opt/ros/galactic/include/rclcpp/client.hpp:40[m[K,
[3.065s]                  from [01m[K/opt/ros/galactic/include/rclcpp/callback_group.hpp:23[m[K,
[3.065s]                  from [01m[K/opt/ros/galactic/include/rclcpp/any_executable.hpp:20[m[K,
[3.066s]                  from [01m[K/opt/ros/galactic/include/rclcpp/memory_strategy.hpp:25[m[K,
[3.066s]                  from [01m[K/opt/ros/galactic/include/rclcpp/memory_strategies.hpp:18[m[K,
[3.066s]                  from [01m[K/opt/ros/galactic/include/rclcpp/executor_options.hpp:20[m[K,
[3.066s]                  from [01m[K/opt/ros/galactic/include/rclcpp/executor.hpp:36[m[K,
[3.066s]                  from [01m[K/opt/ros/galactic/include/rclcpp/executors/multi_threaded_executor.hpp:26[m[K,
[3.066s]                  from [01m[K/opt/ros/galactic/include/rclcpp/executors.hpp:21[m[K,
[3.066s]                  from [01m[K/opt/ros/galactic/include/rclcpp/rclcpp.hpp:156[m[K,
[3.066s]                  from [01m[K/opt/ros/galactic/include/tf2_ros/buffer_interface.h:43[m[K,
[3.067s]                  from [01m[K/opt/ros/galactic/include/tf2_geometry_msgs/tf2_geometry_msgs.h:38[m[K,
[3.067s]                  from [01m[K/home/hhd/legdet_ws/src/leg_detector/src/detect_leg_clusters.cpp:3[m[K:
[3.067s] [01m[K/home/hhd/legdet_ws/src/leg_detector/src/detect_leg_clusters.cpp:[m[K In member function ‘[01m[Kvoid DetectLegClusters::laserCallback(sensor_msgs::msg::LaserScan_<std::allocator<void> >::SharedPtr)[m[K’:
[3.067s] [01m[K/home/hhd/legdet_ws/src/leg_detector/src/detect_leg_clusters.cpp:150:41:[m[K [01;35m[Kwarning: [m[Kformat ‘[01m[K%f[m[K’ expects argument of type ‘[01m[Kdouble[m[K’, but argument 5 has type ‘[01m[Kstd_msgs::msg::Header_<std::allocator<void> >::_stamp_type[m[K’ {aka ‘[01m[Kbuiltin_interfaces::msg::Time_<std::allocator<void> >[m[K’} [[01;35m[K-Wformat=[m[K]
[3.067s]   150 |         RCLCPP_INFO(this->get_logger(), [01;35m[K"%f"[m[K,[32m[Kdetected_leg_clusters.header.stamp[m[K);
[3.067s]       |                                         [01;35m[K^~~~[m[K [32m[K~~~~~~~~~~~~~~~~~~~~~~~~~~~~~~~~~~[m[K
[3.067s]       |                                                                           [32m[K|[m[K
[3.067s]       |                                                                           [32m[Kstd_msgs::msg::Header_<std::allocator<void> >::_stamp_type {aka builtin_interfaces::msg::Time_<std::allocator<void> >}[m[K
[3.068s] [01m[K/home/hhd/legdet_ws/src/leg_detector/src/detect_leg_clusters.cpp:150:43:[m[K [01;36m[Knote: [m[Kformat string is defined here
[3.068s]   150 |         RCLCPP_INFO(this->get_logger(), "[01;36m[K%f[m[K",detected_leg_clusters.header.stamp);
[3.068s]       |                                          [01;36m[K~^[m[K
[3.068s]       |                                           [01;36m[K|[m[K
[3.068s]       |                                           [01;36m[Kdouble[m[K
[3.068s] [01m[K/home/hhd/legdet_ws/src/leg_detector/src/detect_leg_clusters.cpp:163:109:[m[K [01;35m[Kwarning: [m[K‘[01m[Krclcpp::Duration::Duration(rcl_duration_value_t)[m[K’ is deprecated: Use Duration::from_nanoseconds instead or std::chrono_literals. For example:rclcpp::Duration::from_nanoseconds(int64_variable);rclcpp::Duration(0ns); [[01;35m[K-Wdeprecated-declarations[m[K]
[3.068s]   163 |                 buffer_->lookupTransform(fixed_frame_, scan->header.frame_id, tf_time1, rclcpp::Duration(1.0[01;35m[K)[m[K);
[3.068s]       |                                                                                                             [01;35m[K^[m[K
[3.068s] In file included from [01m[K/opt/ros/galactic/include/rclcpp/qos.hpp:20[m[K,
[3.069s]                  from [01m[K/opt/ros/galactic/include/rclcpp/node_interfaces/node_graph_interface.hpp:31[m[K,
[3.069s]                  from [01m[K/opt/ros/galactic/include/rclcpp/client.hpp:34[m[K,
[3.069s]                  from [01m[K/opt/ros/galactic/include/rclcpp/callback_group.hpp:23[m[K,
[3.069s]                  from [01m[K/opt/ros/galactic/include/rclcpp/any_executable.hpp:20[m[K,
[3.069s]                  from [01m[K/opt/ros/galactic/include/rclcpp/memory_strategy.hpp:25[m[K,
[3.069s]                  from [01m[K/opt/ros/galactic/include/rclcpp/memory_strategies.hpp:18[m[K,
[3.069s]                  from [01m[K/opt/ros/galactic/include/rclcpp/executor_options.hpp:20[m[K,
[3.069s]                  from [01m[K/opt/ros/galactic/include/rclcpp/executor.hpp:36[m[K,
[3.069s]                  from [01m[K/opt/ros/galactic/include/rclcpp/executors/multi_threaded_executor.hpp:26[m[K,
[3.070s]                  from [01m[K/opt/ros/galactic/include/rclcpp/executors.hpp:21[m[K,
[3.070s]                  from [01m[K/opt/ros/galactic/include/rclcpp/rclcpp.hpp:156[m[K,
[3.070s]                  from [01m[K/opt/ros/galactic/include/tf2_ros/buffer_interface.h:43[m[K,
[3.070s]                  from [01m[K/opt/ros/galactic/include/tf2_geometry_msgs/tf2_geometry_msgs.h:38[m[K,
[3.070s]                  from [01m[K/home/hhd/legdet_ws/src/leg_detector/src/detect_leg_clusters.cpp:3[m[K:
[3.070s] [01m[K/opt/ros/galactic/include/rclcpp/duration.hpp:46:12:[m[K [01;36m[Knote: [m[Kdeclared here
[3.070s]    46 |   explicit [01;36m[KDuration[m[K(rcl_duration_value_t nanoseconds);
[3.070s]       |            [01;36m[K^~~~~~~~[m[K
[8.952s] [ 77%] [32m[1mLinking CXX executable detect_leg_clusters[0m
[9.508s] [100%] Built target detect_leg_clusters
[9.525s] Invoked command in '/home/hhd/legdet_ws/build/leg_detector' returned '0': CMAKE_PREFIX_PATH=/home/hhd/legdet_ws/install/leg_detector_msgs:/home/hhd/legdet_ws/install/people_msgs:/home/hhd/legdet_ws/install/leg_detector:/home/hhd/cartoros2_ws/install/cartographer_rviz:/home/hhd/cartoros2_ws/install/cartographer_ros:/home/hhd/cartoros2_ws/install/cartographer_ros_msgs:/home/hhd/cartoros2_ws/install/cartographer:/home/hhd/cartoros2_ws/install/absl:/home/hhd/.ros2_ws/install/slam_gmapping:/home/hhd/.ros2_ws/install/openslam_gmapping:/home/hhd/.ros2_ws/install/qr_track_alvar:/opt/ros/galactic CONDA_PROMPT_MODIFIER=(peopleros2) LD_LIBRARY_PATH=/home/hhd/legdet_ws/install/leg_detector_msgs/lib:/home/hhd/legdet_ws/install/people_msgs/lib:/home/hhd/cartoros2_ws/install/cartographer_rviz/lib:/home/hhd/cartoros2_ws/install/cartographer_ros/lib:/home/hhd/cartoros2_ws/install/cartographer_ros_msgs/lib:/home/hhd/.ros2_ws/install/openslam_gmapping/lib:/opt/ros/galactic/opt/yaml_cpp_vendor/lib:/opt/ros/galactic/opt/rviz_ogre_vendor/lib:/opt/ros/galactic/lib/x86_64-linux-gnu:/opt/ros/galactic/lib PYTHONPATH=/home/hhd/legdet_ws/install/leg_detector_msgs/lib/python3.8/site-packages:/home/hhd/legdet_ws/install/people_msgs/lib/python3.8/site-packages:/home/hhd/cartoros2_ws/install/cartographer_ros_msgs/lib/python3.8/site-packages:/home/hhd/.ros2_ws/install/qr_track_alvar/lib/python3.8/site-packages:/opt/ros/galactic/lib/python3.8/site-packages /usr/bin/cmake --build /home/hhd/legdet_ws/build/leg_detector -- -j12 -l12
[9.572s] Invoking command in '/home/hhd/legdet_ws/build/leg_detector': CMAKE_PREFIX_PATH=/home/hhd/legdet_ws/install/leg_detector_msgs:/home/hhd/legdet_ws/install/people_msgs:/home/hhd/legdet_ws/install/leg_detector:/home/hhd/cartoros2_ws/install/cartographer_rviz:/home/hhd/cartoros2_ws/install/cartographer_ros:/home/hhd/cartoros2_ws/install/cartographer_ros_msgs:/home/hhd/cartoros2_ws/install/cartographer:/home/hhd/cartoros2_ws/install/absl:/home/hhd/.ros2_ws/install/slam_gmapping:/home/hhd/.ros2_ws/install/openslam_gmapping:/home/hhd/.ros2_ws/install/qr_track_alvar:/opt/ros/galactic CONDA_PROMPT_MODIFIER=(peopleros2) LD_LIBRARY_PATH=/home/hhd/legdet_ws/install/leg_detector_msgs/lib:/home/hhd/legdet_ws/install/people_msgs/lib:/home/hhd/cartoros2_ws/install/cartographer_rviz/lib:/home/hhd/cartoros2_ws/install/cartographer_ros/lib:/home/hhd/cartoros2_ws/install/cartographer_ros_msgs/lib:/home/hhd/.ros2_ws/install/openslam_gmapping/lib:/opt/ros/galactic/opt/yaml_cpp_vendor/lib:/opt/ros/galactic/opt/rviz_ogre_vendor/lib:/opt/ros/galactic/lib/x86_64-linux-gnu:/opt/ros/galactic/lib PYTHONPATH=/home/hhd/legdet_ws/install/leg_detector_msgs/lib/python3.8/site-packages:/home/hhd/legdet_ws/install/people_msgs/lib/python3.8/site-packages:/home/hhd/cartoros2_ws/install/cartographer_ros_msgs/lib/python3.8/site-packages:/home/hhd/.ros2_ws/install/qr_track_alvar/lib/python3.8/site-packages:/opt/ros/galactic/lib/python3.8/site-packages /usr/bin/cmake --install /home/hhd/legdet_ws/build/leg_detector
[9.583s] -- Install configuration: ""
[9.584s] -- Installing: /home/hhd/legdet_ws/install/leg_detector/lib/leg_detector/detect_leg_clusters
[9.586s] -- Set runtime path of "/home/hhd/legdet_ws/install/leg_detector/lib/leg_detector/detect_leg_clusters" to ""
[9.587s] -- Up-to-date: /home/hhd/legdet_ws/install/leg_detector/lib/leg_detector/local_occupancy_grid_mapping
[9.587s] -- Up-to-date: /home/hhd/legdet_ws/install/leg_detector/lib/leg_detector/inflated_human_scan
[9.588s] -- Up-to-date: /home/hhd/legdet_ws/install/leg_detector/share/leg_detector/launch
[9.588s] -- Up-to-date: /home/hhd/legdet_ws/install/leg_detector/share/leg_detector/launch/demo_stationary_simple_environment.launch.py
[9.588s] -- Up-to-date: /home/hhd/legdet_ws/install/leg_detector/share/leg_detector/rosbag
[9.588s] -- Up-to-date: /home/hhd/legdet_ws/install/leg_detector/share/leg_detector/rosbag/demos
[9.588s] -- Up-to-date: /home/hhd/legdet_ws/install/leg_detector/share/leg_detector/rosbag/demos/rviz
[9.589s] -- Up-to-date: /home/hhd/legdet_ws/install/leg_detector/share/leg_detector/rosbag/demos/rviz/demo_moving_super_crowded2.rviz
[9.589s] -- Up-to-date: /home/hhd/legdet_ws/install/leg_detector/share/leg_detector/rosbag/demos/rviz/demo_stationary_simple_environment2.rviz
[9.589s] -- Up-to-date: /home/hhd/legdet_ws/install/leg_detector/share/leg_detector/rosbag/demos/rviz/demo_stationary_simple_environment.rviz
[9.589s] -- Up-to-date: /home/hhd/legdet_ws/install/leg_detector/share/leg_detector/rosbag/demos/demo_stationary_cluttered_environment.bag
[9.589s] -- Up-to-date: /home/hhd/legdet_ws/install/leg_detector/share/leg_detector/rosbag/demos/demo_moving_super_crowded.bag
[9.590s] -- Up-to-date: /home/hhd/legdet_ws/install/leg_detector/share/leg_detector/rosbag/demos/demo_stationary_simple_environment.bag
[9.591s] -- Up-to-date: /home/hhd/legdet_ws/install/leg_detector/share/leg_detector/rosbag/training_scans_res=0.33
[9.591s] -- Up-to-date: /home/hhd/legdet_ws/install/leg_detector/share/leg_detector/rosbag/training_scans_res=0.33/negative_2.bag
[9.592s] -- Up-to-date: /home/hhd/legdet_ws/install/leg_detector/share/leg_detector/rosbag/training_scans_res=0.33/positive_6_extracted.bag
[9.592s] -- Up-to-date: /home/hhd/legdet_ws/install/leg_detector/share/leg_detector/rosbag/training_scans_res=0.33/positive_4_extracted.bag
[9.592s] -- Up-to-date: /home/hhd/legdet_ws/install/leg_detector/share/leg_detector/rosbag/training_scans_res=0.33/negative_3.bag
[9.592s] -- Up-to-date: /home/hhd/legdet_ws/install/leg_detector/share/leg_detector/rosbag/training_scans_res=0.33/negative_1.bag
[9.592s] -- Up-to-date: /home/hhd/legdet_ws/install/leg_detector/share/leg_detector/rosbag/training_scans_res=0.33/positive_7_extracted.bag
[9.592s] -- Up-to-date: /home/hhd/legdet_ws/install/leg_detector/share/leg_detector/rosbag/training_scans_res=0.33/positive_not_extracted
[9.593s] -- Up-to-date: /home/hhd/legdet_ws/install/leg_detector/share/leg_detector/rosbag/training_scans_res=0.33/positive_not_extracted/positive_7.bag
[9.593s] -- Up-to-date: /home/hhd/legdet_ws/install/leg_detector/share/leg_detector/rosbag/training_scans_res=0.33/positive_not_extracted/positive_6.bag
[9.593s] -- Up-to-date: /home/hhd/legdet_ws/install/leg_detector/share/leg_detector/rosbag/training_scans_res=0.33/positive_not_extracted/positive_4.bag
[9.594s] -- Up-to-date: /home/hhd/legdet_ws/install/leg_detector/share/leg_detector/rosbag/training_scans_res=0.33/positive_not_extracted/positive_3.bag
[9.594s] -- Up-to-date: /home/hhd/legdet_ws/install/leg_detector/share/leg_detector/rosbag/training_scans_res=0.33/positive_not_extracted/positive_2.bag
[9.594s] -- Up-to-date: /home/hhd/legdet_ws/install/leg_detector/share/leg_detector/rosbag/training_scans_res=0.33/positive_not_extracted/positive_1.bag
[9.595s] -- Up-to-date: /home/hhd/legdet_ws/install/leg_detector/share/leg_detector/rosbag/training_scans_res=0.33/positive_not_extracted/positive_5.bag
[9.595s] -- Up-to-date: /home/hhd/legdet_ws/install/leg_detector/share/leg_detector/rosbag/training_scans_res=0.33/positive_3_extracted.bag
[9.595s] -- Up-to-date: /home/hhd/legdet_ws/install/leg_detector/share/leg_detector/rosbag/training_scans_res=0.33/positive_2_extracted.bag
[9.595s] -- Up-to-date: /home/hhd/legdet_ws/install/leg_detector/share/leg_detector/rosbag/training_scans_res=0.33/negative_9.bag
[9.595s] -- Up-to-date: /home/hhd/legdet_ws/install/leg_detector/share/leg_detector/rosbag/training_scans_res=0.33/negative_4.bag
[9.595s] -- Up-to-date: /home/hhd/legdet_ws/install/leg_detector/share/leg_detector/rosbag/training_scans_res=0.33/positive_1_extracted.bag
[9.595s] -- Up-to-date: /home/hhd/legdet_ws/install/leg_detector/share/leg_detector/config
[9.595s] -- Up-to-date: /home/hhd/legdet_ws/install/leg_detector/share/leg_detector/config/trained_leg_detector_res=0.33.yaml
[9.595s] -- Up-to-date: /home/hhd/legdet_ws/install/leg_detector/lib/leg_detector/joint_leg_tracker.py
[9.596s] -- Up-to-date: /home/hhd/legdet_ws/install/leg_detector/share/ament_index/resource_index/package_run_dependencies/leg_detector
[9.596s] -- Up-to-date: /home/hhd/legdet_ws/install/leg_detector/share/ament_index/resource_index/parent_prefix_path/leg_detector
[9.596s] -- Up-to-date: /home/hhd/legdet_ws/install/leg_detector/share/leg_detector/environment/ament_prefix_path.sh
[9.596s] -- Up-to-date: /home/hhd/legdet_ws/install/leg_detector/share/leg_detector/environment/ament_prefix_path.dsv
[9.596s] -- Up-to-date: /home/hhd/legdet_ws/install/leg_detector/share/leg_detector/environment/path.sh
[9.596s] -- Up-to-date: /home/hhd/legdet_ws/install/leg_detector/share/leg_detector/environment/path.dsv
[9.596s] -- Up-to-date: /home/hhd/legdet_ws/install/leg_detector/share/leg_detector/local_setup.bash
[9.596s] -- Up-to-date: /home/hhd/legdet_ws/install/leg_detector/share/leg_detector/local_setup.sh
[9.596s] -- Up-to-date: /home/hhd/legdet_ws/install/leg_detector/share/leg_detector/local_setup.zsh
[9.596s] -- Up-to-date: /home/hhd/legdet_ws/install/leg_detector/share/leg_detector/local_setup.dsv
[9.596s] -- Installing: /home/hhd/legdet_ws/install/leg_detector/share/leg_detector/package.dsv
[9.596s] -- Up-to-date: /home/hhd/legdet_ws/install/leg_detector/share/ament_index/resource_index/packages/leg_detector
[9.597s] -- Up-to-date: /home/hhd/legdet_ws/install/leg_detector/share/leg_detector/cmake/leg_detectorConfig.cmake
[9.597s] -- Up-to-date: /home/hhd/legdet_ws/install/leg_detector/share/leg_detector/cmake/leg_detectorConfig-version.cmake
[9.597s] -- Up-to-date: /home/hhd/legdet_ws/install/leg_detector/share/leg_detector/package.xml
[9.597s] Invoked command in '/home/hhd/legdet_ws/build/leg_detector' returned '0': CMAKE_PREFIX_PATH=/home/hhd/legdet_ws/install/leg_detector_msgs:/home/hhd/legdet_ws/install/people_msgs:/home/hhd/legdet_ws/install/leg_detector:/home/hhd/cartoros2_ws/install/cartographer_rviz:/home/hhd/cartoros2_ws/install/cartographer_ros:/home/hhd/cartoros2_ws/install/cartographer_ros_msgs:/home/hhd/cartoros2_ws/install/cartographer:/home/hhd/cartoros2_ws/install/absl:/home/hhd/.ros2_ws/install/slam_gmapping:/home/hhd/.ros2_ws/install/openslam_gmapping:/home/hhd/.ros2_ws/install/qr_track_alvar:/opt/ros/galactic CONDA_PROMPT_MODIFIER=(peopleros2) LD_LIBRARY_PATH=/home/hhd/legdet_ws/install/leg_detector_msgs/lib:/home/hhd/legdet_ws/install/people_msgs/lib:/home/hhd/cartoros2_ws/install/cartographer_rviz/lib:/home/hhd/cartoros2_ws/install/cartographer_ros/lib:/home/hhd/cartoros2_ws/install/cartographer_ros_msgs/lib:/home/hhd/.ros2_ws/install/openslam_gmapping/lib:/opt/ros/galactic/opt/yaml_cpp_vendor/lib:/opt/ros/galactic/opt/rviz_ogre_vendor/lib:/opt/ros/galactic/lib/x86_64-linux-gnu:/opt/ros/galactic/lib PYTHONPATH=/home/hhd/legdet_ws/install/leg_detector_msgs/lib/python3.8/site-packages:/home/hhd/legdet_ws/install/people_msgs/lib/python3.8/site-packages:/home/hhd/cartoros2_ws/install/cartographer_ros_msgs/lib/python3.8/site-packages:/home/hhd/.ros2_ws/install/qr_track_alvar/lib/python3.8/site-packages:/opt/ros/galactic/lib/python3.8/site-packages /usr/bin/cmake --install /home/hhd/legdet_ws/build/leg_detector
