[0.025s] Invoking command in '/home/hhd/legdet_ws/build/leg_detector_msgs': CMAKE_PREFIX_PATH=${CMAKE_PREFIX_PATH}:/home/hhd/drl_ros2/turtlebot3_drlnav/install/turtlebot3_drl:/home/hhd/.ros2_ws/install/qr_track_alvar:/opt/ros/galactic CONDA_PROMPT_MODIFIER=(peopleros2) /usr/bin/cmake --build /home/hhd/legdet_ws/build/leg_detector_msgs -- -j12 -l12
[0.118s] [  5%] Built target leg_detector_msgs__cpp
[0.118s] [ 12%] Built target leg_detector_msgs__rosidl_generator_c
[0.158s] [ 23%] Built target leg_detector_msgs__rosidl_typesupport_introspection_c
[0.159s] [ 34%] Built target leg_detector_msgs__rosidl_typesupport_c
[0.165s] [ 45%] Built target leg_detector_msgs__rosidl_typesupport_introspection_cpp
[0.210s] [ 56%] Built target leg_detector_msgs__rosidl_typesupport_cpp
[0.214s] [ 67%] Built target leg_detector_msgs__rosidl_typesupport_fastrtps_cpp
[0.268s] [ 78%] Built target leg_detector_msgs__rosidl_typesupport_fastrtps_c
[0.307s] [ 78%] Built target leg_detector_msgs
[0.350s] [ 80%] Built target leg_detector_msgs__py
[0.410s] [ 89%] Built target leg_detector_msgs__python
[0.456s] [ 92%] Built target leg_detector_msgs__rosidl_typesupport_c__pyext
[0.463s] [ 96%] Built target leg_detector_msgs__rosidl_typesupport_introspection_c__pyext
[0.465s] [100%] Built target leg_detector_msgs__rosidl_typesupport_fastrtps_c__pyext
[0.486s] Invoked command in '/home/hhd/legdet_ws/build/leg_detector_msgs' returned '0': CMAKE_PREFIX_PATH=${CMAKE_PREFIX_PATH}:/home/hhd/drl_ros2/turtlebot3_drlnav/install/turtlebot3_drl:/home/hhd/.ros2_ws/install/qr_track_alvar:/opt/ros/galactic CONDA_PROMPT_MODIFIER=(peopleros2) /usr/bin/cmake --build /home/hhd/legdet_ws/build/leg_detector_msgs -- -j12 -l12
[0.687s] Invoking command in '/home/hhd/legdet_ws/build/leg_detector_msgs': CMAKE_PREFIX_PATH=${CMAKE_PREFIX_PATH}:/home/hhd/drl_ros2/turtlebot3_drlnav/install/turtlebot3_drl:/home/hhd/.ros2_ws/install/qr_track_alvar:/opt/ros/galactic CONDA_PROMPT_MODIFIER=(peopleros2) /usr/bin/cmake --install /home/hhd/legdet_ws/build/leg_detector_msgs
[0.702s] -- Install configuration: ""
[0.702s] -- Up-to-date: /home/hhd/legdet_ws/install/leg_detector_msgs/share/ament_index/resource_index/rosidl_interfaces/leg_detector_msgs
[0.703s] -- Up-to-date: /home/hhd/legdet_ws/install/leg_detector_msgs/include/leg_detector_msgs
[0.703s] -- Up-to-date: /home/hhd/legdet_ws/install/leg_detector_msgs/include/leg_detector_msgs/msg
[0.703s] -- Up-to-date: /home/hhd/legdet_ws/install/leg_detector_msgs/include/leg_detector_msgs/msg/leg.h
[0.703s] -- Up-to-date: /home/hhd/legdet_ws/install/leg_detector_msgs/include/leg_detector_msgs/msg/rosidl_generator_c__visibility_control.h
[0.703s] -- Up-to-date: /home/hhd/legdet_ws/install/leg_detector_msgs/include/leg_detector_msgs/msg/detail
[0.704s] -- Up-to-date: /home/hhd/legdet_ws/install/leg_detector_msgs/include/leg_detector_msgs/msg/detail/leg_array__functions.c
[0.704s] -- Up-to-date: /home/hhd/legdet_ws/install/leg_detector_msgs/include/leg_detector_msgs/msg/detail/person_array__type_support.h
[0.704s] -- Up-to-date: /home/hhd/legdet_ws/install/leg_detector_msgs/include/leg_detector_msgs/msg/detail/person__functions.h
[0.704s] -- Up-to-date: /home/hhd/legdet_ws/install/leg_detector_msgs/include/leg_detector_msgs/msg/detail/person_array__functions.c
[0.704s] -- Up-to-date: /home/hhd/legdet_ws/install/leg_detector_msgs/include/leg_detector_msgs/msg/detail/leg_array__struct.h
[0.704s] -- Up-to-date: /home/hhd/legdet_ws/install/leg_detector_msgs/include/leg_detector_msgs/msg/detail/person__functions.c
[0.705s] -- Up-to-date: /home/hhd/legdet_ws/install/leg_detector_msgs/include/leg_detector_msgs/msg/detail/person__struct.h
[0.705s] -- Up-to-date: /home/hhd/legdet_ws/install/leg_detector_msgs/include/leg_detector_msgs/msg/detail/person_array__struct.h
[0.705s] -- Up-to-date: /home/hhd/legdet_ws/install/leg_detector_msgs/include/leg_detector_msgs/msg/detail/leg__struct.h
[0.705s] -- Up-to-date: /home/hhd/legdet_ws/install/leg_detector_msgs/include/leg_detector_msgs/msg/detail/leg_array__functions.h
[0.705s] -- Up-to-date: /home/hhd/legdet_ws/install/leg_detector_msgs/include/leg_detector_msgs/msg/detail/leg_array__type_support.h
[0.705s] -- Up-to-date: /home/hhd/legdet_ws/install/leg_detector_msgs/include/leg_detector_msgs/msg/detail/person__type_support.h
[0.706s] -- Up-to-date: /home/hhd/legdet_ws/install/leg_detector_msgs/include/leg_detector_msgs/msg/detail/person_array__functions.h
[0.706s] -- Up-to-date: /home/hhd/legdet_ws/install/leg_detector_msgs/include/leg_detector_msgs/msg/detail/leg__functions.c
[0.706s] -- Up-to-date: /home/hhd/legdet_ws/install/leg_detector_msgs/include/leg_detector_msgs/msg/detail/leg__functions.h
[0.706s] -- Up-to-date: /home/hhd/legdet_ws/install/leg_detector_msgs/include/leg_detector_msgs/msg/detail/leg__type_support.h
[0.707s] -- Up-to-date: /home/hhd/legdet_ws/install/leg_detector_msgs/include/leg_detector_msgs/msg/person.h
[0.707s] -- Up-to-date: /home/hhd/legdet_ws/install/leg_detector_msgs/include/leg_detector_msgs/msg/person_array.h
[0.707s] -- Up-to-date: /home/hhd/legdet_ws/install/leg_detector_msgs/include/leg_detector_msgs/msg/leg_array.h
[0.707s] -- Up-to-date: /home/hhd/legdet_ws/install/leg_detector_msgs/share/leg_detector_msgs/environment/library_path.sh
[0.707s] -- Up-to-date: /home/hhd/legdet_ws/install/leg_detector_msgs/share/leg_detector_msgs/environment/library_path.dsv
[0.708s] -- Up-to-date: /home/hhd/legdet_ws/install/leg_detector_msgs/lib/libleg_detector_msgs__rosidl_generator_c.so
[0.708s] -- Up-to-date: /home/hhd/legdet_ws/install/leg_detector_msgs/include/leg_detector_msgs
[0.708s] -- Up-to-date: /home/hhd/legdet_ws/install/leg_detector_msgs/include/leg_detector_msgs/msg
[0.708s] -- Up-to-date: /home/hhd/legdet_ws/install/leg_detector_msgs/include/leg_detector_msgs/msg/rosidl_typesupport_fastrtps_c__visibility_control.h
[0.709s] -- Up-to-date: /home/hhd/legdet_ws/install/leg_detector_msgs/include/leg_detector_msgs/msg/detail
[0.709s] -- Up-to-date: /home/hhd/legdet_ws/install/leg_detector_msgs/include/leg_detector_msgs/msg/detail/leg__rosidl_typesupport_fastrtps_c.h
[0.709s] -- Up-to-date: /home/hhd/legdet_ws/install/leg_detector_msgs/include/leg_detector_msgs/msg/detail/leg_array__rosidl_typesupport_fastrtps_c.h
[0.709s] -- Up-to-date: /home/hhd/legdet_ws/install/leg_detector_msgs/include/leg_detector_msgs/msg/detail/person__rosidl_typesupport_fastrtps_c.h
[0.709s] -- Up-to-date: /home/hhd/legdet_ws/install/leg_detector_msgs/include/leg_detector_msgs/msg/detail/person_array__rosidl_typesupport_fastrtps_c.h
[0.709s] -- Up-to-date: /home/hhd/legdet_ws/install/leg_detector_msgs/lib/libleg_detector_msgs__rosidl_typesupport_fastrtps_c.so
[0.710s] -- Up-to-date: /home/hhd/legdet_ws/install/leg_detector_msgs/include/leg_detector_msgs
[0.710s] -- Up-to-date: /home/hhd/legdet_ws/install/leg_detector_msgs/include/leg_detector_msgs/msg
[0.710s] -- Up-to-date: /home/hhd/legdet_ws/install/leg_detector_msgs/include/leg_detector_msgs/msg/rosidl_typesupport_fastrtps_cpp__visibility_control.h
[0.710s] -- Up-to-date: /home/hhd/legdet_ws/install/leg_detector_msgs/include/leg_detector_msgs/msg/detail
[0.710s] -- Up-to-date: /home/hhd/legdet_ws/install/leg_detector_msgs/include/leg_detector_msgs/msg/detail/person__rosidl_typesupport_fastrtps_cpp.hpp
[0.710s] -- Up-to-date: /home/hhd/legdet_ws/install/leg_detector_msgs/include/leg_detector_msgs/msg/detail/dds_fastrtps
[0.710s] -- Up-to-date: /home/hhd/legdet_ws/install/leg_detector_msgs/include/leg_detector_msgs/msg/detail/leg_array__rosidl_typesupport_fastrtps_cpp.hpp
[0.711s] -- Up-to-date: /home/hhd/legdet_ws/install/leg_detector_msgs/include/leg_detector_msgs/msg/detail/person_array__rosidl_typesupport_fastrtps_cpp.hpp
[0.711s] -- Up-to-date: /home/hhd/legdet_ws/install/leg_detector_msgs/include/leg_detector_msgs/msg/detail/leg__rosidl_typesupport_fastrtps_cpp.hpp
[0.711s] -- Up-to-date: /home/hhd/legdet_ws/install/leg_detector_msgs/lib/libleg_detector_msgs__rosidl_typesupport_fastrtps_cpp.so
[0.711s] -- Up-to-date: /home/hhd/legdet_ws/install/leg_detector_msgs/include/leg_detector_msgs
[0.711s] -- Up-to-date: /home/hhd/legdet_ws/install/leg_detector_msgs/include/leg_detector_msgs/msg
[0.711s] -- Up-to-date: /home/hhd/legdet_ws/install/leg_detector_msgs/include/leg_detector_msgs/msg/rosidl_typesupport_introspection_c__visibility_control.h
[0.711s] -- Up-to-date: /home/hhd/legdet_ws/install/leg_detector_msgs/include/leg_detector_msgs/msg/detail
[0.711s] -- Up-to-date: /home/hhd/legdet_ws/install/leg_detector_msgs/include/leg_detector_msgs/msg/detail/person_array__rosidl_typesupport_introspection_c.h
[0.711s] -- Up-to-date: /home/hhd/legdet_ws/install/leg_detector_msgs/include/leg_detector_msgs/msg/detail/person__type_support.c
[0.712s] -- Up-to-date: /home/hhd/legdet_ws/install/leg_detector_msgs/include/leg_detector_msgs/msg/detail/person__rosidl_typesupport_introspection_c.h
[0.712s] -- Up-to-date: /home/hhd/legdet_ws/install/leg_detector_msgs/include/leg_detector_msgs/msg/detail/person_array__type_support.c
[0.712s] -- Up-to-date: /home/hhd/legdet_ws/install/leg_detector_msgs/include/leg_detector_msgs/msg/detail/leg__type_support.c
[0.712s] -- Up-to-date: /home/hhd/legdet_ws/install/leg_detector_msgs/include/leg_detector_msgs/msg/detail/leg_array__type_support.c
[0.712s] -- Up-to-date: /home/hhd/legdet_ws/install/leg_detector_msgs/include/leg_detector_msgs/msg/detail/leg__rosidl_typesupport_introspection_c.h
[0.712s] -- Up-to-date: /home/hhd/legdet_ws/install/leg_detector_msgs/include/leg_detector_msgs/msg/detail/leg_array__rosidl_typesupport_introspection_c.h
[0.712s] -- Up-to-date: /home/hhd/legdet_ws/install/leg_detector_msgs/lib/libleg_detector_msgs__rosidl_typesupport_introspection_c.so
[0.712s] -- Up-to-date: /home/hhd/legdet_ws/install/leg_detector_msgs/lib/libleg_detector_msgs__rosidl_typesupport_c.so
[0.713s] -- Up-to-date: /home/hhd/legdet_ws/install/leg_detector_msgs/include/leg_detector_msgs
[0.713s] -- Up-to-date: /home/hhd/legdet_ws/install/leg_detector_msgs/include/leg_detector_msgs/msg
[0.713s] -- Up-to-date: /home/hhd/legdet_ws/install/leg_detector_msgs/include/leg_detector_msgs/msg/leg_array.hpp
[0.713s] -- Up-to-date: /home/hhd/legdet_ws/install/leg_detector_msgs/include/leg_detector_msgs/msg/leg.hpp
[0.713s] -- Up-to-date: /home/hhd/legdet_ws/install/leg_detector_msgs/include/leg_detector_msgs/msg/person_array.hpp
[0.713s] -- Up-to-date: /home/hhd/legdet_ws/install/leg_detector_msgs/include/leg_detector_msgs/msg/detail
[0.713s] -- Up-to-date: /home/hhd/legdet_ws/install/leg_detector_msgs/include/leg_detector_msgs/msg/detail/person_array__struct.hpp
[0.713s] -- Up-to-date: /home/hhd/legdet_ws/install/leg_detector_msgs/include/leg_detector_msgs/msg/detail/person__builder.hpp
[0.714s] -- Up-to-date: /home/hhd/legdet_ws/install/leg_detector_msgs/include/leg_detector_msgs/msg/detail/person__traits.hpp
[0.714s] -- Up-to-date: /home/hhd/legdet_ws/install/leg_detector_msgs/include/leg_detector_msgs/msg/detail/leg__traits.hpp
[0.714s] -- Up-to-date: /home/hhd/legdet_ws/install/leg_detector_msgs/include/leg_detector_msgs/msg/detail/person__struct.hpp
[0.714s] -- Up-to-date: /home/hhd/legdet_ws/install/leg_detector_msgs/include/leg_detector_msgs/msg/detail/leg__builder.hpp
[0.714s] -- Up-to-date: /home/hhd/legdet_ws/install/leg_detector_msgs/include/leg_detector_msgs/msg/detail/person_array__builder.hpp
[0.714s] -- Up-to-date: /home/hhd/legdet_ws/install/leg_detector_msgs/include/leg_detector_msgs/msg/detail/leg__struct.hpp
[0.714s] -- Up-to-date: /home/hhd/legdet_ws/install/leg_detector_msgs/include/leg_detector_msgs/msg/detail/person_array__traits.hpp
[0.714s] -- Up-to-date: /home/hhd/legdet_ws/install/leg_detector_msgs/include/leg_detector_msgs/msg/detail/leg_array__traits.hpp
[0.715s] -- Up-to-date: /home/hhd/legdet_ws/install/leg_detector_msgs/include/leg_detector_msgs/msg/detail/leg_array__builder.hpp
[0.715s] -- Up-to-date: /home/hhd/legdet_ws/install/leg_detector_msgs/include/leg_detector_msgs/msg/detail/leg_array__struct.hpp
[0.715s] -- Up-to-date: /home/hhd/legdet_ws/install/leg_detector_msgs/include/leg_detector_msgs/msg/person.hpp
[0.715s] -- Up-to-date: /home/hhd/legdet_ws/install/leg_detector_msgs/include/leg_detector_msgs
[0.715s] -- Up-to-date: /home/hhd/legdet_ws/install/leg_detector_msgs/include/leg_detector_msgs/msg
[0.715s] -- Up-to-date: /home/hhd/legdet_ws/install/leg_detector_msgs/include/leg_detector_msgs/msg/detail
[0.715s] -- Up-to-date: /home/hhd/legdet_ws/install/leg_detector_msgs/include/leg_detector_msgs/msg/detail/leg_array__rosidl_typesupport_introspection_cpp.hpp
[0.715s] -- Up-to-date: /home/hhd/legdet_ws/install/leg_detector_msgs/include/leg_detector_msgs/msg/detail/leg__type_support.cpp
[0.716s] -- Up-to-date: /home/hhd/legdet_ws/install/leg_detector_msgs/include/leg_detector_msgs/msg/detail/person__type_support.cpp
[0.716s] -- Up-to-date: /home/hhd/legdet_ws/install/leg_detector_msgs/include/leg_detector_msgs/msg/detail/person_array__type_support.cpp
[0.716s] -- Up-to-date: /home/hhd/legdet_ws/install/leg_detector_msgs/include/leg_detector_msgs/msg/detail/leg_array__type_support.cpp
[0.716s] -- Up-to-date: /home/hhd/legdet_ws/install/leg_detector_msgs/include/leg_detector_msgs/msg/detail/person__rosidl_typesupport_introspection_cpp.hpp
[0.716s] -- Up-to-date: /home/hhd/legdet_ws/install/leg_detector_msgs/include/leg_detector_msgs/msg/detail/person_array__rosidl_typesupport_introspection_cpp.hpp
[0.716s] -- Up-to-date: /home/hhd/legdet_ws/install/leg_detector_msgs/include/leg_detector_msgs/msg/detail/leg__rosidl_typesupport_introspection_cpp.hpp
[0.716s] -- Up-to-date: /home/hhd/legdet_ws/install/leg_detector_msgs/lib/libleg_detector_msgs__rosidl_typesupport_introspection_cpp.so
[0.716s] -- Up-to-date: /home/hhd/legdet_ws/install/leg_detector_msgs/lib/libleg_detector_msgs__rosidl_typesupport_cpp.so
[0.716s] -- Up-to-date: /home/hhd/legdet_ws/install/leg_detector_msgs/share/leg_detector_msgs/environment/pythonpath.sh
[0.717s] -- Up-to-date: /home/hhd/legdet_ws/install/leg_detector_msgs/share/leg_detector_msgs/environment/pythonpath.dsv
[0.717s] -- Up-to-date: /home/hhd/legdet_ws/install/leg_detector_msgs/lib/python3.8/site-packages/leg_detector_msgs/__init__.py
[0.756s] -- Up-to-date: /home/hhd/legdet_ws/install/leg_detector_msgs/lib/python3.8/site-packages/leg_detector_msgs/msg
[0.757s] -- Up-to-date: /home/hhd/legdet_ws/install/leg_detector_msgs/lib/python3.8/site-packages/leg_detector_msgs/msg/_leg.py
[0.757s] -- Up-to-date: /home/hhd/legdet_ws/install/leg_detector_msgs/lib/python3.8/site-packages/leg_detector_msgs/msg/_leg_s.c
[0.757s] -- Up-to-date: /home/hhd/legdet_ws/install/leg_detector_msgs/lib/python3.8/site-packages/leg_detector_msgs/msg/_leg_array.py
[0.757s] -- Up-to-date: /home/hhd/legdet_ws/install/leg_detector_msgs/lib/python3.8/site-packages/leg_detector_msgs/msg/_person_s.c
[0.757s] -- Up-to-date: /home/hhd/legdet_ws/install/leg_detector_msgs/lib/python3.8/site-packages/leg_detector_msgs/msg/_person_array_s.c
[0.757s] -- Up-to-date: /home/hhd/legdet_ws/install/leg_detector_msgs/lib/python3.8/site-packages/leg_detector_msgs/msg/_person_array.py
[0.757s] -- Up-to-date: /home/hhd/legdet_ws/install/leg_detector_msgs/lib/python3.8/site-packages/leg_detector_msgs/msg/_leg_array_s.c
[0.758s] -- Up-to-date: /home/hhd/legdet_ws/install/leg_detector_msgs/lib/python3.8/site-packages/leg_detector_msgs/msg/__init__.py
[0.758s] -- Up-to-date: /home/hhd/legdet_ws/install/leg_detector_msgs/lib/python3.8/site-packages/leg_detector_msgs/msg/_person.py
[0.758s] -- Up-to-date: /home/hhd/legdet_ws/install/leg_detector_msgs/lib/python3.8/site-packages/leg_detector_msgs/leg_detector_msgs_s__rosidl_typesupport_fastrtps_c.cpython-38-x86_64-linux-gnu.so
[0.759s] -- Up-to-date: /home/hhd/legdet_ws/install/leg_detector_msgs/lib/python3.8/site-packages/leg_detector_msgs/leg_detector_msgs_s__rosidl_typesupport_introspection_c.cpython-38-x86_64-linux-gnu.so
[0.761s] -- Up-to-date: /home/hhd/legdet_ws/install/leg_detector_msgs/lib/python3.8/site-packages/leg_detector_msgs/leg_detector_msgs_s__rosidl_typesupport_c.cpython-38-x86_64-linux-gnu.so
[0.762s] -- Up-to-date: /home/hhd/legdet_ws/install/leg_detector_msgs/lib/libleg_detector_msgs__python.so
[0.762s] -- Up-to-date: /home/hhd/legdet_ws/install/leg_detector_msgs/share/leg_detector_msgs/msg/Leg.idl
[0.762s] -- Up-to-date: /home/hhd/legdet_ws/install/leg_detector_msgs/share/leg_detector_msgs/msg/LegArray.idl
[0.763s] -- Up-to-date: /home/hhd/legdet_ws/install/leg_detector_msgs/share/leg_detector_msgs/msg/Person.idl
[0.763s] -- Up-to-date: /home/hhd/legdet_ws/install/leg_detector_msgs/share/leg_detector_msgs/msg/PersonArray.idl
[0.763s] -- Up-to-date: /home/hhd/legdet_ws/install/leg_detector_msgs/share/leg_detector_msgs/msg/Leg.msg
[0.763s] -- Up-to-date: /home/hhd/legdet_ws/install/leg_detector_msgs/share/leg_detector_msgs/msg/LegArray.msg
[0.763s] -- Up-to-date: /home/hhd/legdet_ws/install/leg_detector_msgs/share/leg_detector_msgs/msg/Person.msg
[0.763s] -- Up-to-date: /home/hhd/legdet_ws/install/leg_detector_msgs/share/leg_detector_msgs/msg/PersonArray.msg
[0.764s] -- Up-to-date: /home/hhd/legdet_ws/install/leg_detector_msgs/share/ament_index/resource_index/package_run_dependencies/leg_detector_msgs
[0.764s] -- Up-to-date: /home/hhd/legdet_ws/install/leg_detector_msgs/share/ament_index/resource_index/parent_prefix_path/leg_detector_msgs
[0.764s] -- Up-to-date: /home/hhd/legdet_ws/install/leg_detector_msgs/share/leg_detector_msgs/environment/ament_prefix_path.sh
[0.764s] -- Up-to-date: /home/hhd/legdet_ws/install/leg_detector_msgs/share/leg_detector_msgs/environment/ament_prefix_path.dsv
[0.764s] -- Up-to-date: /home/hhd/legdet_ws/install/leg_detector_msgs/share/leg_detector_msgs/environment/path.sh
[0.764s] -- Up-to-date: /home/hhd/legdet_ws/install/leg_detector_msgs/share/leg_detector_msgs/environment/path.dsv
[0.765s] -- Up-to-date: /home/hhd/legdet_ws/install/leg_detector_msgs/share/leg_detector_msgs/local_setup.bash
[0.765s] -- Up-to-date: /home/hhd/legdet_ws/install/leg_detector_msgs/share/leg_detector_msgs/local_setup.sh
[0.765s] -- Up-to-date: /home/hhd/legdet_ws/install/leg_detector_msgs/share/leg_detector_msgs/local_setup.zsh
[0.765s] -- Up-to-date: /home/hhd/legdet_ws/install/leg_detector_msgs/share/leg_detector_msgs/local_setup.dsv
[0.765s] -- Installing: /home/hhd/legdet_ws/install/leg_detector_msgs/share/leg_detector_msgs/package.dsv
[0.765s] -- Up-to-date: /home/hhd/legdet_ws/install/leg_detector_msgs/share/ament_index/resource_index/packages/leg_detector_msgs
[0.765s] -- Up-to-date: /home/hhd/legdet_ws/install/leg_detector_msgs/share/leg_detector_msgs/cmake/leg_detector_msgs__rosidl_generator_cExport.cmake
[0.765s] -- Up-to-date: /home/hhd/legdet_ws/install/leg_detector_msgs/share/leg_detector_msgs/cmake/leg_detector_msgs__rosidl_generator_cExport-noconfig.cmake
[0.766s] -- Up-to-date: /home/hhd/legdet_ws/install/leg_detector_msgs/share/leg_detector_msgs/cmake/leg_detector_msgs__rosidl_typesupport_introspection_cExport.cmake
[0.766s] -- Up-to-date: /home/hhd/legdet_ws/install/leg_detector_msgs/share/leg_detector_msgs/cmake/leg_detector_msgs__rosidl_typesupport_introspection_cExport-noconfig.cmake
[0.766s] -- Up-to-date: /home/hhd/legdet_ws/install/leg_detector_msgs/share/leg_detector_msgs/cmake/leg_detector_msgs__rosidl_typesupport_cExport.cmake
[0.766s] -- Up-to-date: /home/hhd/legdet_ws/install/leg_detector_msgs/share/leg_detector_msgs/cmake/leg_detector_msgs__rosidl_typesupport_cExport-noconfig.cmake
[0.766s] -- Up-to-date: /home/hhd/legdet_ws/install/leg_detector_msgs/share/leg_detector_msgs/cmake/leg_detector_msgs__rosidl_generator_cppExport.cmake
[0.766s] -- Up-to-date: /home/hhd/legdet_ws/install/leg_detector_msgs/share/leg_detector_msgs/cmake/leg_detector_msgs__rosidl_typesupport_introspection_cppExport.cmake
[0.766s] -- Up-to-date: /home/hhd/legdet_ws/install/leg_detector_msgs/share/leg_detector_msgs/cmake/leg_detector_msgs__rosidl_typesupport_introspection_cppExport-noconfig.cmake
[0.767s] -- Up-to-date: /home/hhd/legdet_ws/install/leg_detector_msgs/share/leg_detector_msgs/cmake/leg_detector_msgs__rosidl_typesupport_cppExport.cmake
[0.767s] -- Up-to-date: /home/hhd/legdet_ws/install/leg_detector_msgs/share/leg_detector_msgs/cmake/leg_detector_msgs__rosidl_typesupport_cppExport-noconfig.cmake
[0.767s] -- Up-to-date: /home/hhd/legdet_ws/install/leg_detector_msgs/share/leg_detector_msgs/cmake/rosidl_cmake-extras.cmake
[0.767s] -- Up-to-date: /home/hhd/legdet_ws/install/leg_detector_msgs/share/leg_detector_msgs/cmake/ament_cmake_export_dependencies-extras.cmake
[0.767s] -- Up-to-date: /home/hhd/legdet_ws/install/leg_detector_msgs/share/leg_detector_msgs/cmake/ament_cmake_export_libraries-extras.cmake
[0.767s] -- Up-to-date: /home/hhd/legdet_ws/install/leg_detector_msgs/share/leg_detector_msgs/cmake/ament_cmake_export_targets-extras.cmake
[0.768s] -- Up-to-date: /home/hhd/legdet_ws/install/leg_detector_msgs/share/leg_detector_msgs/cmake/ament_cmake_export_include_directories-extras.cmake
[0.768s] -- Up-to-date: /home/hhd/legdet_ws/install/leg_detector_msgs/share/leg_detector_msgs/cmake/rosidl_cmake_export_typesupport_libraries-extras.cmake
[0.768s] -- Up-to-date: /home/hhd/legdet_ws/install/leg_detector_msgs/share/leg_detector_msgs/cmake/rosidl_cmake_export_typesupport_targets-extras.cmake
[0.768s] -- Up-to-date: /home/hhd/legdet_ws/install/leg_detector_msgs/share/leg_detector_msgs/cmake/leg_detector_msgsConfig.cmake
[0.768s] -- Up-to-date: /home/hhd/legdet_ws/install/leg_detector_msgs/share/leg_detector_msgs/cmake/leg_detector_msgsConfig-version.cmake
[0.768s] -- Up-to-date: /home/hhd/legdet_ws/install/leg_detector_msgs/share/leg_detector_msgs/package.xml
[0.770s] Invoked command in '/home/hhd/legdet_ws/build/leg_detector_msgs' returned '0': CMAKE_PREFIX_PATH=${CMAKE_PREFIX_PATH}:/home/hhd/drl_ros2/turtlebot3_drlnav/install/turtlebot3_drl:/home/hhd/.ros2_ws/install/qr_track_alvar:/opt/ros/galactic CONDA_PROMPT_MODIFIER=(peopleros2) /usr/bin/cmake --install /home/hhd/legdet_ws/build/leg_detector_msgs
